# JRE version: OpenJDK Runtime Environment (8.0_212-b04) (build 1.8.0_212-release-1586-b04)
# Java VM: OpenJDK 64-Bit Server VM (25.212-b04 mixed mode windows-amd64 compressed oops)
Heap:
 PSYoungGen      total 72704K, used 64494K [0x00000000e0000000, 0x00000000e5200000, 0x0000000100000000)
  eden space 62464K, 95% used [0x00000000e0000000,0x00000000e3a49eb8,0x00000000e3d00000)
  from space 10240K, 46% used [0x00000000e4800000,0x00000000e4cb1ae0,0x00000000e5200000)
  to   space 10752K, 0% used [0x00000000e3d00000,0x00000000e3d00000,0x00000000e4780000)
 ParOldGen       total 47616K, used 9688K [0x00000000a0000000, 0x00000000a2e80000, 0x00000000e0000000)
  object space 47616K, 20% used [0x00000000a0000000,0x00000000a09762f8,0x00000000a2e80000)
 Metaspace       used 30105K, capacity 30676K, committed 30976K, reserved 1075200K
  class space    used 4072K, capacity 4267K, committed 4352K, reserved 1048576K
GC Heap History (10 events):
Event: 23.159 GC heap before
{Heap before GC invocations=5 (full 0):
 PSYoungGen      total 38400K, used 38368K [0x00000000e0000000, 0x00000000e2a80000, 0x0000000100000000)
  eden space 33280K, 100% used [0x00000000e0000000,0x00000000e2080000,0x00000000e2080000)
  from space 5120K, 99% used [0x00000000e2580000,0x00000000e2a78020,0x00000000e2a80000)
  to   space 5120K, 0% used [0x00000000e2080000,0x00000000e2080000,0x00000000e2580000)
 ParOldGen       total 87552K, used 3726K [0x00000000a0000000, 0x00000000a5580000, 0x00000000e0000000)
  object space 87552K, 4% used [0x00000000a0000000,0x00000000a03a3920,0x00000000a5580000)
 Metaspace       used 17422K, capacity 17870K, committed 18048K, reserved 1064960K
  class space    used 2495K, capacity 2659K, committed 2688K, reserved 1048576K
Event: 23.169 GC heap after
Heap after GC invocations=5 (full 0):
 PSYoungGen      total 37888K, used 5088K [0x00000000e0000000, 0x00000000e3400000, 0x0000000100000000)
  eden space 32768K, 0% used [0x00000000e0000000,0x00000000e0000000,0x00000000e2000000)
  from space 5120K, 99% used [0x00000000e2080000,0x00000000e2578020,0x00000000e2580000)
  to   space 10240K, 0% used [0x00000000e2a00000,0x00000000e2a00000,0x00000000e3400000)
 ParOldGen       total 87552K, used 7086K [0x00000000a0000000, 0x00000000a5580000, 0x00000000e0000000)
  object space 87552K, 8% used [0x00000000a0000000,0x00000000a06ebaa0,0x00000000a5580000)
 Metaspace       used 17422K, capacity 17870K, committed 18048K, reserved 1064960K
  class space    used 2495K, capacity 2659K, committed 2688K, reserved 1048576K
}
Event: 26.343 GC heap before
{Heap before GC invocations=6 (full 0):
 PSYoungGen      total 37888K, used 37856K [0x00000000e0000000, 0x00000000e3400000, 0x0000000100000000)
  eden space 32768K, 100% used [0x00000000e0000000,0x00000000e2000000,0x00000000e2000000)
  from space 5120K, 99% used [0x00000000e2080000,0x00000000e2578020,0x00000000e2580000)
  to   space 10240K, 0% used [0x00000000e2a00000,0x00000000e2a00000,0x00000000e3400000)
 ParOldGen       total 87552K, used 7086K [0x00000000a0000000, 0x00000000a5580000, 0x00000000e0000000)
  object space 87552K, 8% used [0x00000000a0000000,0x00000000a06ebaa0,0x00000000a5580000)
 Metaspace       used 20696K, capacity 21202K, committed 21296K, reserved 1067008K
  class space    used 2981K, capacity 3161K, committed 3200K, reserved 1048576K
Event: 26.355 GC heap after
Heap after GC invocations=6 (full 0):
 PSYoungGen      total 41472K, used 9213K [0x00000000e0000000, 0x00000000e3680000, 0x0000000100000000)
  eden space 31232K, 0% used [0x00000000e0000000,0x00000000e0000000,0x00000000e1e80000)
  from space 10240K, 89% used [0x00000000e2a00000,0x00000000e32ff7a0,0x00000000e3400000)
  to   space 11776K, 0% used [0x00000000e1e80000,0x00000000e1e80000,0x00000000e2a00000)
 ParOldGen       total 87552K, used 7094K [0x00000000a0000000, 0x00000000a5580000, 0x00000000e0000000)
  object space 87552K, 8% used [0x00000000a0000000,0x00000000a06edaa0,0x00000000a5580000)
 Metaspace       used 20696K, capacity 21202K, committed 21296K, reserved 1067008K
  class space    used 2981K, capacity 3161K, committed 3200K, reserved 1048576K
}
Event: 26.356 GC heap before
{Heap before GC invocations=7 (full 0):
 PSYoungGen      total 41472K, used 9752K [0x00000000e0000000, 0x00000000e3680000, 0x0000000100000000)
  eden space 31232K, 1% used [0x00000000e0000000,0x00000000e0086948,0x00000000e1e80000)
  from space 10240K, 89% used [0x00000000e2a00000,0x00000000e32ff7a0,0x00000000e3400000)
  to   space 11776K, 0% used [0x00000000e1e80000,0x00000000e1e80000,0x00000000e2a00000)
 ParOldGen       total 87552K, used 7094K [0x00000000a0000000, 0x00000000a5580000, 0x00000000e0000000)
  object space 87552K, 8% used [0x00000000a0000000,0x00000000a06edaa0,0x00000000a5580000)
 Metaspace       used 20696K, capacity 21202K, committed 21296K, reserved 1067008K
  class space    used 2981K, capacity 3161K, committed 3200K, reserved 1048576K
Event: 26.366 GC heap after
Heap after GC invocations=7 (full 0):
 PSYoungGen      total 43008K, used 6844K [0x00000000e0000000, 0x00000000e5300000, 0x0000000100000000)
  eden space 31232K, 0% used [0x00000000e0000000,0x00000000e0000000,0x00000000e1e80000)
  from space 11776K, 58% used [0x00000000e1e80000,0x00000000e252f198,0x00000000e2a00000)
  to   space 11264K, 0% used [0x00000000e4800000,0x00000000e4800000,0x00000000e5300000)
 ParOldGen       total 87552K, used 9398K [0x00000000a0000000, 0x00000000a5580000, 0x00000000e0000000)
  object space 87552K, 10% used [0x00000000a0000000,0x00000000a092db10,0x00000000a5580000)
 Metaspace       used 20696K, capacity 21202K, committed 21296K, reserved 1067008K
  class space    used 2981K, capacity 3161K, committed 3200K, reserved 1048576K
}
Event: 26.366 GC heap before
{Heap before GC invocations=8 (full 1):
 PSYoungGen      total 43008K, used 6844K [0x00000000e0000000, 0x00000000e5300000, 0x0000000100000000)
  eden space 31232K, 0% used [0x00000000e0000000,0x00000000e0000000,0x00000000e1e80000)
  from space 11776K, 58% used [0x00000000e1e80000,0x00000000e252f198,0x00000000e2a00000)
  to   space 11264K, 0% used [0x00000000e4800000,0x00000000e4800000,0x00000000e5300000)
 ParOldGen       total 87552K, used 9398K [0x00000000a0000000, 0x00000000a5580000, 0x00000000e0000000)
  object space 87552K, 10% used [0x00000000a0000000,0x00000000a092db10,0x00000000a5580000)
 Metaspace       used 20696K, capacity 21202K, committed 21296K, reserved 1067008K
  class space    used 2981K, capacity 3161K, committed 3200K, reserved 1048576K
Event: 26.458 GC heap after
Heap after GC invocations=8 (full 1):
 PSYoungGen      total 43008K, used 0K [0x00000000e0000000, 0x00000000e5300000, 0x0000000100000000)
  eden space 31232K, 0% used [0x00000000e0000000,0x00000000e0000000,0x00000000e1e80000)
  from space 11776K, 0% used [0x00000000e1e80000,0x00000000e1e80000,0x00000000e2a00000)
  to   space 11264K, 0% used [0x00000000e4800000,0x00000000e4800000,0x00000000e5300000)
 ParOldGen       total 47616K, used 9680K [0x00000000a0000000, 0x00000000a2e80000, 0x00000000e0000000)
  object space 47616K, 20% used [0x00000000a0000000,0x00000000a09742f8,0x00000000a2e80000)
 Metaspace       used 20696K, capacity 21202K, committed 21296K, reserved 1067008K
  class space    used 2981K, capacity 3161K, committed 3200K, reserved 1048576K
}
Event: 33.808 GC heap before
{Heap before GC invocations=9 (full 1):
 PSYoungGen      total 43008K, used 31232K [0x00000000e0000000, 0x00000000e5300000, 0x0000000100000000)
  eden space 31232K, 100% used [0x00000000e0000000,0x00000000e1e80000,0x00000000e1e80000)
  from space 11776K, 0% used [0x00000000e1e80000,0x00000000e1e80000,0x00000000e2a00000)
  to   space 11264K, 0% used [0x00000000e4800000,0x00000000e4800000,0x00000000e5300000)
 ParOldGen       total 47616K, used 9680K [0x00000000a0000000, 0x00000000a2e80000, 0x00000000e0000000)
  object space 47616K, 20% used [0x00000000a0000000,0x00000000a09742f8,0x00000000a2e80000)
 Metaspace       used 26164K, capacity 26730K, committed 27008K, reserved 1073152K
  class space    used 3510K, capacity 3678K, committed 3712K, reserved 1048576K
Event: 33.814 GC heap after
Heap after GC invocations=9 (full 1):
 PSYoungGen      total 72704K, used 4806K [0x00000000e0000000, 0x00000000e5200000, 0x0000000100000000)
  eden space 62464K, 0% used [0x00000000e0000000,0x00000000e0000000,0x00000000e3d00000)
  from space 10240K, 46% used [0x00000000e4800000,0x00000000e4cb1ae0,0x00000000e5200000)
  to   space 10752K, 0% used [0x00000000e3d00000,0x00000000e3d00000,0x00000000e4780000)
 ParOldGen       total 47616K, used 9688K [0x00000000a0000000, 0x00000000a2e80000, 0x00000000e0000000)
  object space 47616K, 20% used [0x00000000a0000000,0x00000000a09762f8,0x00000000a2e80000)
 Metaspace       used 26164K, capacity 26730K, committed 27008K, reserved 1073152K
  class space    used 3510K, capacity 3678K, committed 3712K, reserved 1048576K
}

