# JRE version: OpenJDK Runtime Environment (8.0_212-b04) (build 1.8.0_212-release-1586-b04)
# Java VM: OpenJDK 64-Bit Server VM (25.212-b04 mixed mode windows-amd64 compressed oops)
Heap:
 PSYoungGen      total 285184K, used 27832K [0x00000000e0000000, 0x00000000f4e00000, 0x0000000100000000)
  eden space 238592K, 5% used [0x00000000e0000000,0x00000000e0bae370,0x00000000ee900000)
  from space 46592K, 34% used [0x00000000f2080000,0x00000000f2ffff20,0x00000000f4e00000)
  to   space 51712K, 0% used [0x00000000ee900000,0x00000000ee900000,0x00000000f1b80000)
 ParOldGen       total 296960K, used 134773K [0x00000000a0000000, 0x00000000b2200000, 0x00000000e0000000)
  object space 296960K, 45% used [0x00000000a0000000,0x00000000a839d600,0x00000000b2200000)
 Metaspace       used 78991K, capacity 81332K, committed 81752K, reserved 1120256K
  class space    used 10434K, capacity 11006K, committed 11096K, reserved 1048576K
GC Heap History (10 events):
Event: 18.832 GC heap before
{Heap before GC invocations=16 (full 3):
 PSYoungGen      total 189440K, used 172032K [0x00000000e0000000, 0x00000000ed980000, 0x0000000100000000)
  eden space 172032K, 100% used [0x00000000e0000000,0x00000000ea800000,0x00000000ea800000)
  from space 17408K, 0% used [0x00000000eba00000,0x00000000eba00000,0x00000000ecb00000)
  to   space 18432K, 0% used [0x00000000ea800000,0x00000000ea800000,0x00000000eba00000)
 ParOldGen       total 134144K, used 36532K [0x00000000a0000000, 0x00000000a8300000, 0x00000000e0000000)
  object space 134144K, 27% used [0x00000000a0000000,0x00000000a23ad0a0,0x00000000a8300000)
 Metaspace       used 59989K, capacity 62066K, committed 62296K, reserved 1103872K
  class space    used 8208K, capacity 8681K, committed 8792K, reserved 1048576K
Event: 18.862 GC heap after
Heap after GC invocations=16 (full 3):
 PSYoungGen      total 190464K, used 16247K [0x00000000e0000000, 0x00000000ef380000, 0x0000000100000000)
  eden space 172032K, 0% used [0x00000000e0000000,0x00000000e0000000,0x00000000ea800000)
  from space 18432K, 88% used [0x00000000ea800000,0x00000000eb7ddf50,0x00000000eba00000)
  to   space 19968K, 0% used [0x00000000ee000000,0x00000000ee000000,0x00000000ef380000)
 ParOldGen       total 134144K, used 36540K [0x00000000a0000000, 0x00000000a8300000, 0x00000000e0000000)
  object space 134144K, 27% used [0x00000000a0000000,0x00000000a23af0a0,0x00000000a8300000)
 Metaspace       used 59989K, capacity 62066K, committed 62296K, reserved 1103872K
  class space    used 8208K, capacity 8681K, committed 8792K, reserved 1048576K
}
Event: 22.716 GC heap before
{Heap before GC invocations=17 (full 3):
 PSYoungGen      total 190464K, used 188279K [0x00000000e0000000, 0x00000000ef380000, 0x0000000100000000)
  eden space 172032K, 100% used [0x00000000e0000000,0x00000000ea800000,0x00000000ea800000)
  from space 18432K, 88% used [0x00000000ea800000,0x00000000eb7ddf50,0x00000000eba00000)
  to   space 19968K, 0% used [0x00000000ee000000,0x00000000ee000000,0x00000000ef380000)
 ParOldGen       total 134144K, used 36540K [0x00000000a0000000, 0x00000000a8300000, 0x00000000e0000000)
  object space 134144K, 27% used [0x00000000a0000000,0x00000000a23af0a0,0x00000000a8300000)
 Metaspace       used 64586K, capacity 66804K, committed 67032K, reserved 1107968K
  class space    used 8848K, capacity 9386K, committed 9432K, reserved 1048576K
Event: 22.768 GC heap after
Heap after GC invocations=17 (full 3):
 PSYoungGen      total 221696K, used 19944K [0x00000000e0000000, 0x00000000f0100000, 0x0000000100000000)
  eden space 201728K, 0% used [0x00000000e0000000,0x00000000e0000000,0x00000000ec500000)
  from space 19968K, 99% used [0x00000000ee000000,0x00000000ef37a188,0x00000000ef380000)
  to   space 27648K, 0% used [0x00000000ec500000,0x00000000ec500000,0x00000000ee000000)
 ParOldGen       total 134144K, used 50254K [0x00000000a0000000, 0x00000000a8300000, 0x00000000e0000000)
  object space 134144K, 37% used [0x00000000a0000000,0x00000000a31139d0,0x00000000a8300000)
 Metaspace       used 64586K, capacity 66804K, committed 67032K, reserved 1107968K
  class space    used 8848K, capacity 9386K, committed 9432K, reserved 1048576K
}
Event: 35.520 GC heap before
{Heap before GC invocations=18 (full 3):
 PSYoungGen      total 221696K, used 221672K [0x00000000e0000000, 0x00000000f0100000, 0x0000000100000000)
  eden space 201728K, 100% used [0x00000000e0000000,0x00000000ec500000,0x00000000ec500000)
  from space 19968K, 99% used [0x00000000ee000000,0x00000000ef37a188,0x00000000ef380000)
  to   space 27648K, 0% used [0x00000000ec500000,0x00000000ec500000,0x00000000ee000000)
 ParOldGen       total 134144K, used 50254K [0x00000000a0000000, 0x00000000a8300000, 0x00000000e0000000)
  object space 134144K, 37% used [0x00000000a0000000,0x00000000a31139d0,0x00000000a8300000)
 Metaspace       used 77029K, capacity 79436K, committed 79704K, reserved 1118208K
  class space    used 10277K, capacity 10834K, committed 10840K, reserved 1048576K
Event: 35.638 GC heap after
Heap after GC invocations=18 (full 3):
 PSYoungGen      total 229376K, used 27632K [0x00000000e0000000, 0x00000000f5600000, 0x0000000100000000)
  eden space 201728K, 0% used [0x00000000e0000000,0x00000000e0000000,0x00000000ec500000)
  from space 27648K, 99% used [0x00000000ec500000,0x00000000edffc140,0x00000000ee000000)
  to   space 54784K, 0% used [0x00000000f2080000,0x00000000f2080000,0x00000000f5600000)
 ParOldGen       total 134144K, used 111492K [0x00000000a0000000, 0x00000000a8300000, 0x00000000e0000000)
  object space 134144K, 83% used [0x00000000a0000000,0x00000000a6ce1060,0x00000000a8300000)
 Metaspace       used 77029K, capacity 79436K, committed 79704K, reserved 1118208K
  class space    used 10277K, capacity 10834K, committed 10840K, reserved 1048576K
}
Event: 35.638 GC heap before
{Heap before GC invocations=19 (full 4):
 PSYoungGen      total 229376K, used 27632K [0x00000000e0000000, 0x00000000f5600000, 0x0000000100000000)
  eden space 201728K, 0% used [0x00000000e0000000,0x00000000e0000000,0x00000000ec500000)
  from space 27648K, 99% used [0x00000000ec500000,0x00000000edffc140,0x00000000ee000000)
  to   space 54784K, 0% used [0x00000000f2080000,0x00000000f2080000,0x00000000f5600000)
 ParOldGen       total 134144K, used 111492K [0x00000000a0000000, 0x00000000a8300000, 0x00000000e0000000)
  object space 134144K, 83% used [0x00000000a0000000,0x00000000a6ce1060,0x00000000a8300000)
 Metaspace       used 77029K, capacity 79436K, committed 79704K, reserved 1118208K
  class space    used 10277K, capacity 10834K, committed 10840K, reserved 1048576K
Event: 36.717 GC heap after
Heap after GC invocations=19 (full 4):
 PSYoungGen      total 229376K, used 958K [0x00000000e0000000, 0x00000000f5600000, 0x0000000100000000)
  eden space 201728K, 0% used [0x00000000e0000000,0x00000000e0000000,0x00000000ec500000)
  from space 27648K, 3% used [0x00000000ec500000,0x00000000ec5efa40,0x00000000ee000000)
  to   space 54784K, 0% used [0x00000000f2080000,0x00000000f2080000,0x00000000f5600000)
 ParOldGen       total 296960K, used 133962K [0x00000000a0000000, 0x00000000b2200000, 0x00000000e0000000)
  object space 296960K, 45% used [0x00000000a0000000,0x00000000a82d2b80,0x00000000b2200000)
 Metaspace       used 76985K, capacity 79322K, committed 79704K, reserved 1118208K
  class space    used 10263K, capacity 10809K, committed 10840K, reserved 1048576K
}
Event: 38.632 GC heap before
{Heap before GC invocations=20 (full 4):
 PSYoungGen      total 229376K, used 202686K [0x00000000e0000000, 0x00000000f5600000, 0x0000000100000000)
  eden space 201728K, 100% used [0x00000000e0000000,0x00000000ec500000,0x00000000ec500000)
  from space 27648K, 3% used [0x00000000ec500000,0x00000000ec5efa40,0x00000000ee000000)
  to   space 54784K, 0% used [0x00000000f2080000,0x00000000f2080000,0x00000000f5600000)
 ParOldGen       total 296960K, used 133962K [0x00000000a0000000, 0x00000000b2200000, 0x00000000e0000000)
  object space 296960K, 45% used [0x00000000a0000000,0x00000000a82d2b80,0x00000000b2200000)
 Metaspace       used 78208K, capacity 80500K, committed 80856K, reserved 1120256K
  class space    used 10380K, capacity 10942K, committed 10968K, reserved 1048576K
Event: 38.689 GC heap after
Heap after GC invocations=20 (full 4):
 PSYoungGen      total 285184K, used 15871K [0x00000000e0000000, 0x00000000f4e00000, 0x0000000100000000)
  eden space 238592K, 0% used [0x00000000e0000000,0x00000000e0000000,0x00000000ee900000)
  from space 46592K, 34% used [0x00000000f2080000,0x00000000f2ffff20,0x00000000f4e00000)
  to   space 51712K, 0% used [0x00000000ee900000,0x00000000ee900000,0x00000000f1b80000)
 ParOldGen       total 296960K, used 134773K [0x00000000a0000000, 0x00000000b2200000, 0x00000000e0000000)
  object space 296960K, 45% used [0x00000000a0000000,0x00000000a839d600,0x00000000b2200000)
 Metaspace       used 78208K, capacity 80500K, committed 80856K, reserved 1120256K
  class space    used 10380K, capacity 10942K, committed 10968K, reserved 1048576K
}

