# JRE version: OpenJDK Runtime Environment (8.0_212-b04) (build 1.8.0_212-release-1586-b04)
# Java VM: OpenJDK 64-Bit Server VM (25.212-b04 mixed mode windows-amd64 compressed oops)
Heap:
 PSYoungGen      total 189440K, used 30586K [0x00000000e0000000, 0x00000000eff80000, 0x0000000100000000)
  eden space 165376K, 3% used [0x00000000e0000000,0x00000000e0660718,0x00000000ea180000)
  from space 24064K, 99% used [0x00000000ea180000,0x00000000eb8fe460,0x00000000eb900000)
  to   space 35840K, 0% used [0x00000000edc80000,0x00000000edc80000,0x00000000eff80000)
 ParOldGen       total 152576K, used 66405K [0x00000000a0000000, 0x00000000a9500000, 0x00000000e0000000)
  object space 152576K, 43% used [0x00000000a0000000,0x00000000a40d94f8,0x00000000a9500000)
 Metaspace       used 72705K, capacity 74936K, committed 75176K, reserved 1114112K
  class space    used 9763K, capacity 10318K, committed 10408K, reserved 1048576K
GC Heap History (10 events):
Event: 15.139 GC heap before
{Heap before GC invocations=14 (full 2):
 PSYoungGen      total 145920K, used 88621K [0x00000000e0000000, 0x00000000eb180000, 0x0000000100000000)
  eden space 130560K, 57% used [0x00000000e0000000,0x00000000e49bb268,0x00000000e7f80000)
  from space 15360K, 85% used [0x00000000e7f80000,0x00000000e8c50240,0x00000000e8e80000)
  to   space 16384K, 0% used [0x00000000ea180000,0x00000000ea180000,0x00000000eb180000)
 ParOldGen       total 99328K, used 25933K [0x00000000a0000000, 0x00000000a6100000, 0x00000000e0000000)
  object space 99328K, 26% used [0x00000000a0000000,0x00000000a1953610,0x00000000a6100000)
 Metaspace       used 57246K, capacity 59082K, committed 59160K, reserved 1099776K
  class space    used 7858K, capacity 8345K, committed 8360K, reserved 1048576K
Event: 15.163 GC heap after
Heap after GC invocations=14 (full 2):
 PSYoungGen      total 163328K, used 15454K [0x00000000e0000000, 0x00000000ebf00000, 0x0000000100000000)
  eden space 146944K, 0% used [0x00000000e0000000,0x00000000e0000000,0x00000000e8f80000)
  from space 16384K, 94% used [0x00000000ea180000,0x00000000eb097978,0x00000000eb180000)
  to   space 18432K, 0% used [0x00000000e8f80000,0x00000000e8f80000,0x00000000ea180000)
 ParOldGen       total 99328K, used 25941K [0x00000000a0000000, 0x00000000a6100000, 0x00000000e0000000)
  object space 99328K, 26% used [0x00000000a0000000,0x00000000a1955610,0x00000000a6100000)
 Metaspace       used 57246K, capacity 59082K, committed 59160K, reserved 1099776K
  class space    used 7858K, capacity 8345K, committed 8360K, reserved 1048576K
}
Event: 15.163 GC heap before
{Heap before GC invocations=15 (full 3):
 PSYoungGen      total 163328K, used 15454K [0x00000000e0000000, 0x00000000ebf00000, 0x0000000100000000)
  eden space 146944K, 0% used [0x00000000e0000000,0x00000000e0000000,0x00000000e8f80000)
  from space 16384K, 94% used [0x00000000ea180000,0x00000000eb097978,0x00000000eb180000)
  to   space 18432K, 0% used [0x00000000e8f80000,0x00000000e8f80000,0x00000000ea180000)
 ParOldGen       total 99328K, used 25941K [0x00000000a0000000, 0x00000000a6100000, 0x00000000e0000000)
  object space 99328K, 26% used [0x00000000a0000000,0x00000000a1955610,0x00000000a6100000)
 Metaspace       used 57246K, capacity 59082K, committed 59160K, reserved 1099776K
  class space    used 7858K, capacity 8345K, committed 8360K, reserved 1048576K
Event: 15.534 GC heap after
Heap after GC invocations=15 (full 3):
 PSYoungGen      total 163328K, used 0K [0x00000000e0000000, 0x00000000ebf00000, 0x0000000100000000)
  eden space 146944K, 0% used [0x00000000e0000000,0x00000000e0000000,0x00000000e8f80000)
  from space 16384K, 0% used [0x00000000ea180000,0x00000000ea180000,0x00000000eb180000)
  to   space 18432K, 0% used [0x00000000e8f80000,0x00000000e8f80000,0x00000000ea180000)
 ParOldGen       total 152576K, used 37347K [0x00000000a0000000, 0x00000000a9500000, 0x00000000e0000000)
  object space 152576K, 24% used [0x00000000a0000000,0x00000000a2478e48,0x00000000a9500000)
 Metaspace       used 57246K, capacity 59082K, committed 59160K, reserved 1099776K
  class space    used 7858K, capacity 8345K, committed 8360K, reserved 1048576K
}
Event: 18.070 GC heap before
{Heap before GC invocations=16 (full 3):
 PSYoungGen      total 163328K, used 146944K [0x00000000e0000000, 0x00000000ebf00000, 0x0000000100000000)
  eden space 146944K, 100% used [0x00000000e0000000,0x00000000e8f80000,0x00000000e8f80000)
  from space 16384K, 0% used [0x00000000ea180000,0x00000000ea180000,0x00000000eb180000)
  to   space 18432K, 0% used [0x00000000e8f80000,0x00000000e8f80000,0x00000000ea180000)
 ParOldGen       total 152576K, used 37347K [0x00000000a0000000, 0x00000000a9500000, 0x00000000e0000000)
  object space 152576K, 24% used [0x00000000a0000000,0x00000000a2478e48,0x00000000a9500000)
 Metaspace       used 59823K, capacity 61932K, committed 61992K, reserved 1101824K
  class space    used 8191K, capacity 8696K, committed 8744K, reserved 1048576K
Event: 18.088 GC heap after
Heap after GC invocations=16 (full 3):
 PSYoungGen      total 165376K, used 14346K [0x00000000e0000000, 0x00000000ecc00000, 0x0000000100000000)
  eden space 146944K, 0% used [0x00000000e0000000,0x00000000e0000000,0x00000000e8f80000)
  from space 18432K, 77% used [0x00000000e8f80000,0x00000000e9d82b40,0x00000000ea180000)
  to   space 19456K, 0% used [0x00000000eb900000,0x00000000eb900000,0x00000000ecc00000)
 ParOldGen       total 152576K, used 37355K [0x00000000a0000000, 0x00000000a9500000, 0x00000000e0000000)
  object space 152576K, 24% used [0x00000000a0000000,0x00000000a247ae48,0x00000000a9500000)
 Metaspace       used 59823K, capacity 61932K, committed 61992K, reserved 1101824K
  class space    used 8191K, capacity 8696K, committed 8744K, reserved 1048576K
}
Event: 20.051 GC heap before
{Heap before GC invocations=17 (full 3):
 PSYoungGen      total 165376K, used 161290K [0x00000000e0000000, 0x00000000ecc00000, 0x0000000100000000)
  eden space 146944K, 100% used [0x00000000e0000000,0x00000000e8f80000,0x00000000e8f80000)
  from space 18432K, 77% used [0x00000000e8f80000,0x00000000e9d82b40,0x00000000ea180000)
  to   space 19456K, 0% used [0x00000000eb900000,0x00000000eb900000,0x00000000ecc00000)
 ParOldGen       total 152576K, used 37355K [0x00000000a0000000, 0x00000000a9500000, 0x00000000e0000000)
  object space 152576K, 24% used [0x00000000a0000000,0x00000000a247ae48,0x00000000a9500000)
 Metaspace       used 63792K, capacity 65902K, committed 66088K, reserved 1105920K
  class space    used 8735K, capacity 9221K, committed 9256K, reserved 1048576K
Event: 20.087 GC heap after
Heap after GC invocations=17 (full 3):
 PSYoungGen      total 184832K, used 19432K [0x00000000e0000000, 0x00000000ed780000, 0x0000000100000000)
  eden space 165376K, 0% used [0x00000000e0000000,0x00000000e0000000,0x00000000ea180000)
  from space 19456K, 99% used [0x00000000eb900000,0x00000000ecbfa080,0x00000000ecc00000)
  to   space 24064K, 0% used [0x00000000ea180000,0x00000000ea180000,0x00000000eb900000)
 ParOldGen       total 152576K, used 43558K [0x00000000a0000000, 0x00000000a9500000, 0x00000000e0000000)
  object space 152576K, 28% used [0x00000000a0000000,0x00000000a2a89880,0x00000000a9500000)
 Metaspace       used 63792K, capacity 65902K, committed 66088K, reserved 1105920K
  class space    used 8735K, capacity 9221K, committed 9256K, reserved 1048576K
}
Event: 40.089 GC heap before
{Heap before GC invocations=18 (full 3):
 PSYoungGen      total 184832K, used 184808K [0x00000000e0000000, 0x00000000ed780000, 0x0000000100000000)
  eden space 165376K, 100% used [0x00000000e0000000,0x00000000ea180000,0x00000000ea180000)
  from space 19456K, 99% used [0x00000000eb900000,0x00000000ecbfa080,0x00000000ecc00000)
  to   space 24064K, 0% used [0x00000000ea180000,0x00000000ea180000,0x00000000eb900000)
 ParOldGen       total 152576K, used 43558K [0x00000000a0000000, 0x00000000a9500000, 0x00000000e0000000)
  object space 152576K, 28% used [0x00000000a0000000,0x00000000a2a89880,0x00000000a9500000)
 Metaspace       used 72230K, capacity 74424K, committed 74536K, reserved 1114112K
  class space    used 9706K, capacity 10254K, committed 10280K, reserved 1048576K
Event: 40.161 GC heap after
Heap after GC invocations=18 (full 3):
 PSYoungGen      total 189440K, used 24057K [0x00000000e0000000, 0x00000000eff80000, 0x0000000100000000)
  eden space 165376K, 0% used [0x00000000e0000000,0x00000000e0000000,0x00000000ea180000)
  from space 24064K, 99% used [0x00000000ea180000,0x00000000eb8fe460,0x00000000eb900000)
  to   space 35840K, 0% used [0x00000000edc80000,0x00000000edc80000,0x00000000eff80000)
 ParOldGen       total 152576K, used 66405K [0x00000000a0000000, 0x00000000a9500000, 0x00000000e0000000)
  object space 152576K, 43% used [0x00000000a0000000,0x00000000a40d94f8,0x00000000a9500000)
 Metaspace       used 72230K, capacity 74424K, committed 74536K, reserved 1114112K
  class space    used 9706K, capacity 10254K, committed 10280K, reserved 1048576K
}

