# JRE version: OpenJDK Runtime Environment (8.0_212-b04) (build 1.8.0_212-release-1586-b04)
# Java VM: OpenJDK 64-Bit Server VM (25.212-b04 mixed mode windows-amd64 compressed oops)
Heap:
 PSYoungGen      total 204288K, used 184223K [0x00000000e0000000, 0x00000000f0e00000, 0x0000000100000000)
  eden space 179200K, 88% used [0x00000000e0000000,0x00000000e9b69368,0x00000000eaf00000)
  from space 25088K, 99% used [0x00000000eaf00000,0x00000000ec77e9c8,0x00000000ec780000)
  to   space 36352K, 0% used [0x00000000eea80000,0x00000000eea80000,0x00000000f0e00000)
 ParOldGen       total 153088K, used 67416K [0x00000000a0000000, 0x00000000a9580000, 0x00000000e0000000)
  object space 153088K, 44% used [0x00000000a0000000,0x00000000a41d62b0,0x00000000a9580000)
 Metaspace       used 79520K, capacity 81918K, committed 82304K, reserved 1120256K
  class space    used 10484K, capacity 11047K, committed 11136K, reserved 1048576K
GC Heap History (10 events):
Event: 13.213 GC heap before
{Heap before GC invocations=14 (full 2):
 PSYoungGen      total 143872K, used 86090K [0x00000000e0000000, 0x00000000ebe00000, 0x0000000100000000)
  eden space 129024K, 55% used [0x00000000e0000000,0x00000000e4593648,0x00000000e7e00000)
  from space 14848K, 99% used [0x00000000e7e00000,0x00000000e8c7f340,0x00000000e8c80000)
  to   space 18432K, 0% used [0x00000000eac00000,0x00000000eac00000,0x00000000ebe00000)
 ParOldGen       total 97280K, used 24038K [0x00000000a0000000, 0x00000000a5f00000, 0x00000000e0000000)
  object space 97280K, 24% used [0x00000000a0000000,0x00000000a1779928,0x00000000a5f00000)
 Metaspace       used 57252K, capacity 59066K, committed 59096K, reserved 1099776K
  class space    used 7852K, capacity 8315K, committed 8320K, reserved 1048576K
Event: 13.249 GC heap after
Heap after GC invocations=14 (full 2):
 PSYoungGen      total 176640K, used 7797K [0x00000000e0000000, 0x00000000ec300000, 0x0000000100000000)
  eden space 158208K, 0% used [0x00000000e0000000,0x00000000e0000000,0x00000000e9a80000)
  from space 18432K, 42% used [0x00000000eac00000,0x00000000eb39d788,0x00000000ebe00000)
  to   space 17920K, 0% used [0x00000000e9a80000,0x00000000e9a80000,0x00000000eac00000)
 ParOldGen       total 97280K, used 38245K [0x00000000a0000000, 0x00000000a5f00000, 0x00000000e0000000)
  object space 97280K, 39% used [0x00000000a0000000,0x00000000a25594d0,0x00000000a5f00000)
 Metaspace       used 57252K, capacity 59066K, committed 59096K, reserved 1099776K
  class space    used 7852K, capacity 8315K, committed 8320K, reserved 1048576K
}
Event: 13.249 GC heap before
{Heap before GC invocations=15 (full 3):
 PSYoungGen      total 176640K, used 7797K [0x00000000e0000000, 0x00000000ec300000, 0x0000000100000000)
  eden space 158208K, 0% used [0x00000000e0000000,0x00000000e0000000,0x00000000e9a80000)
  from space 18432K, 42% used [0x00000000eac00000,0x00000000eb39d788,0x00000000ebe00000)
  to   space 17920K, 0% used [0x00000000e9a80000,0x00000000e9a80000,0x00000000eac00000)
 ParOldGen       total 97280K, used 38245K [0x00000000a0000000, 0x00000000a5f00000, 0x00000000e0000000)
  object space 97280K, 39% used [0x00000000a0000000,0x00000000a25594d0,0x00000000a5f00000)
 Metaspace       used 57252K, capacity 59066K, committed 59096K, reserved 1099776K
  class space    used 7852K, capacity 8315K, committed 8320K, reserved 1048576K
Event: 13.691 GC heap after
Heap after GC invocations=15 (full 3):
 PSYoungGen      total 176640K, used 0K [0x00000000e0000000, 0x00000000ec300000, 0x0000000100000000)
  eden space 158208K, 0% used [0x00000000e0000000,0x00000000e0000000,0x00000000e9a80000)
  from space 18432K, 0% used [0x00000000eac00000,0x00000000eac00000,0x00000000ebe00000)
  to   space 17920K, 0% used [0x00000000e9a80000,0x00000000e9a80000,0x00000000eac00000)
 ParOldGen       total 153088K, used 37593K [0x00000000a0000000, 0x00000000a9580000, 0x00000000e0000000)
  object space 153088K, 24% used [0x00000000a0000000,0x00000000a24b6478,0x00000000a9580000)
 Metaspace       used 57252K, capacity 59066K, committed 59096K, reserved 1099776K
  class space    used 7852K, capacity 8315K, committed 8320K, reserved 1048576K
}
Event: 16.788 GC heap before
{Heap before GC invocations=16 (full 3):
 PSYoungGen      total 176640K, used 158208K [0x00000000e0000000, 0x00000000ec300000, 0x0000000100000000)
  eden space 158208K, 100% used [0x00000000e0000000,0x00000000e9a80000,0x00000000e9a80000)
  from space 18432K, 0% used [0x00000000eac00000,0x00000000eac00000,0x00000000ebe00000)
  to   space 17920K, 0% used [0x00000000e9a80000,0x00000000e9a80000,0x00000000eac00000)
 ParOldGen       total 153088K, used 37593K [0x00000000a0000000, 0x00000000a9580000, 0x00000000e0000000)
  object space 153088K, 24% used [0x00000000a0000000,0x00000000a24b6478,0x00000000a9580000)
 Metaspace       used 59899K, capacity 61982K, committed 62208K, reserved 1103872K
  class space    used 8206K, capacity 8661K, committed 8704K, reserved 1048576K
Event: 16.815 GC heap after
Heap after GC invocations=16 (full 3):
 PSYoungGen      total 176128K, used 14221K [0x00000000e0000000, 0x00000000eda00000, 0x0000000100000000)
  eden space 158208K, 0% used [0x00000000e0000000,0x00000000e0000000,0x00000000e9a80000)
  from space 17920K, 79% used [0x00000000e9a80000,0x00000000ea8635b8,0x00000000eac00000)
  to   space 18944K, 0% used [0x00000000ec780000,0x00000000ec780000,0x00000000eda00000)
 ParOldGen       total 153088K, used 37593K [0x00000000a0000000, 0x00000000a9580000, 0x00000000e0000000)
  object space 153088K, 24% used [0x00000000a0000000,0x00000000a24b6478,0x00000000a9580000)
 Metaspace       used 59899K, capacity 61982K, committed 62208K, reserved 1103872K
  class space    used 8206K, capacity 8661K, committed 8704K, reserved 1048576K
}
Event: 30.743 GC heap before
{Heap before GC invocations=17 (full 3):
 PSYoungGen      total 176128K, used 172429K [0x00000000e0000000, 0x00000000eda00000, 0x0000000100000000)
  eden space 158208K, 100% used [0x00000000e0000000,0x00000000e9a80000,0x00000000e9a80000)
  from space 17920K, 79% used [0x00000000e9a80000,0x00000000ea8635b8,0x00000000eac00000)
  to   space 18944K, 0% used [0x00000000ec780000,0x00000000ec780000,0x00000000eda00000)
 ParOldGen       total 153088K, used 37593K [0x00000000a0000000, 0x00000000a9580000, 0x00000000e0000000)
  object space 153088K, 24% used [0x00000000a0000000,0x00000000a24b6478,0x00000000a9580000)
 Metaspace       used 65256K, capacity 67522K, committed 67584K, reserved 1107968K
  class space    used 8898K, capacity 9423K, committed 9472K, reserved 1048576K
Event: 30.777 GC heap after
Heap after GC invocations=17 (full 3):
 PSYoungGen      total 198144K, used 18913K [0x00000000e0000000, 0x00000000ee180000, 0x0000000100000000)
  eden space 179200K, 0% used [0x00000000e0000000,0x00000000e0000000,0x00000000eaf00000)
  from space 18944K, 99% used [0x00000000ec780000,0x00000000ed9f87f8,0x00000000eda00000)
  to   space 25088K, 0% used [0x00000000eaf00000,0x00000000eaf00000,0x00000000ec780000)
 ParOldGen       total 153088K, used 46832K [0x00000000a0000000, 0x00000000a9580000, 0x00000000e0000000)
  object space 153088K, 30% used [0x00000000a0000000,0x00000000a2dbc1f0,0x00000000a9580000)
 Metaspace       used 65256K, capacity 67522K, committed 67584K, reserved 1107968K
  class space    used 8898K, capacity 9423K, committed 9472K, reserved 1048576K
}
Event: 36.684 GC heap before
{Heap before GC invocations=18 (full 3):
 PSYoungGen      total 198144K, used 198113K [0x00000000e0000000, 0x00000000ee180000, 0x0000000100000000)
  eden space 179200K, 100% used [0x00000000e0000000,0x00000000eaf00000,0x00000000eaf00000)
  from space 18944K, 99% used [0x00000000ec780000,0x00000000ed9f87f8,0x00000000eda00000)
  to   space 25088K, 0% used [0x00000000eaf00000,0x00000000eaf00000,0x00000000ec780000)
 ParOldGen       total 153088K, used 46832K [0x00000000a0000000, 0x00000000a9580000, 0x00000000e0000000)
  object space 153088K, 30% used [0x00000000a0000000,0x00000000a2dbc1f0,0x00000000a9580000)
 Metaspace       used 71997K, capacity 74342K, committed 74496K, reserved 1114112K
  class space    used 9618K, capacity 10157K, committed 10240K, reserved 1048576K
Event: 36.736 GC heap after
Heap after GC invocations=18 (full 3):
 PSYoungGen      total 204288K, used 25082K [0x00000000e0000000, 0x00000000f0e00000, 0x0000000100000000)
  eden space 179200K, 0% used [0x00000000e0000000,0x00000000e0000000,0x00000000eaf00000)
  from space 25088K, 99% used [0x00000000eaf00000,0x00000000ec77e9c8,0x00000000ec780000)
  to   space 36352K, 0% used [0x00000000eea80000,0x00000000eea80000,0x00000000f0e00000)
 ParOldGen       total 153088K, used 67416K [0x00000000a0000000, 0x00000000a9580000, 0x00000000e0000000)
  object space 153088K, 44% used [0x00000000a0000000,0x00000000a41d62b0,0x00000000a9580000)
 Metaspace       used 71997K, capacity 74342K, committed 74496K, reserved 1114112K
  class space    used 9618K, capacity 10157K, committed 10240K, reserved 1048576K
}

