# JRE version: OpenJDK Runtime Environment (8.0_212-b04) (build 1.8.0_212-release-1586-b04)
# Java VM: OpenJDK 64-Bit Server VM (25.212-b04 mixed mode windows-amd64 compressed oops)
Heap:
 PSYoungGen      total 209408K, used 175643K [0x00000000e0000000, 0x00000000f5c00000, 0x0000000100000000)
  eden space 171520K, 97% used [0x00000000e0000000,0x00000000ea2f5770,0x00000000ea780000)
  from space 37888K, 23% used [0x00000000eec80000,0x00000000ef511578,0x00000000f1180000)
  to   space 70656K, 0% used [0x00000000ea780000,0x00000000ea780000,0x00000000eec80000)
 ParOldGen       total 336896K, used 148634K [0x00000000a0000000, 0x00000000b4900000, 0x00000000e0000000)
  object space 336896K, 44% used [0x00000000a0000000,0x00000000a9126b58,0x00000000b4900000)
 Metaspace       used 81130K, capacity 83432K, committed 83968K, reserved 1122304K
  class space    used 10629K, capacity 11142K, committed 11264K, reserved 1048576K
GC Heap History (10 events):
Event: 16.322 GC heap before
{Heap before GC invocations=16 (full 3):
 PSYoungGen      total 171008K, used 154624K [0x00000000e0000000, 0x00000000ec400000, 0x0000000100000000)
  eden space 154624K, 100% used [0x00000000e0000000,0x00000000e9700000,0x00000000e9700000)
  from space 16384K, 0% used [0x00000000ea900000,0x00000000ea900000,0x00000000eb900000)
  to   space 18432K, 0% used [0x00000000e9700000,0x00000000e9700000,0x00000000ea900000)
 ParOldGen       total 148992K, used 36893K [0x00000000a0000000, 0x00000000a9180000, 0x00000000e0000000)
  object space 148992K, 24% used [0x00000000a0000000,0x00000000a2407690,0x00000000a9180000)
 Metaspace       used 59909K, capacity 62028K, committed 62208K, reserved 1103872K
  class space    used 8202K, capacity 8656K, committed 8704K, reserved 1048576K
Event: 16.350 GC heap after
Heap after GC invocations=16 (full 3):
 PSYoungGen      total 173056K, used 14626K [0x00000000e0000000, 0x00000000ed800000, 0x0000000100000000)
  eden space 154624K, 0% used [0x00000000e0000000,0x00000000e0000000,0x00000000e9700000)
  from space 18432K, 79% used [0x00000000e9700000,0x00000000ea548928,0x00000000ea900000)
  to   space 19456K, 0% used [0x00000000ec500000,0x00000000ec500000,0x00000000ed800000)
 ParOldGen       total 148992K, used 36901K [0x00000000a0000000, 0x00000000a9180000, 0x00000000e0000000)
  object space 148992K, 24% used [0x00000000a0000000,0x00000000a2409690,0x00000000a9180000)
 Metaspace       used 59909K, capacity 62028K, committed 62208K, reserved 1103872K
  class space    used 8202K, capacity 8656K, committed 8704K, reserved 1048576K
}
Event: 19.802 GC heap before
{Heap before GC invocations=17 (full 3):
 PSYoungGen      total 173056K, used 169250K [0x00000000e0000000, 0x00000000ed800000, 0x0000000100000000)
  eden space 154624K, 100% used [0x00000000e0000000,0x00000000e9700000,0x00000000e9700000)
  from space 18432K, 79% used [0x00000000e9700000,0x00000000ea548928,0x00000000ea900000)
  to   space 19456K, 0% used [0x00000000ec500000,0x00000000ec500000,0x00000000ed800000)
 ParOldGen       total 148992K, used 36901K [0x00000000a0000000, 0x00000000a9180000, 0x00000000e0000000)
  object space 148992K, 24% used [0x00000000a0000000,0x00000000a2409690,0x00000000a9180000)
 Metaspace       used 64596K, capacity 66734K, committed 66944K, reserved 1107968K
  class space    used 8831K, capacity 9331K, committed 9344K, reserved 1048576K
Event: 19.849 GC heap after
Heap after GC invocations=17 (full 3):
 PSYoungGen      total 196096K, used 19432K [0x00000000e0000000, 0x00000000ee280000, 0x0000000100000000)
  eden space 176640K, 0% used [0x00000000e0000000,0x00000000e0000000,0x00000000eac80000)
  from space 19456K, 99% used [0x00000000ec500000,0x00000000ed7fa030,0x00000000ed800000)
  to   space 25088K, 0% used [0x00000000eac80000,0x00000000eac80000,0x00000000ec500000)
 ParOldGen       total 148992K, used 45053K [0x00000000a0000000, 0x00000000a9180000, 0x00000000e0000000)
  object space 148992K, 30% used [0x00000000a0000000,0x00000000a2bff4c8,0x00000000a9180000)
 Metaspace       used 64596K, capacity 66734K, committed 66944K, reserved 1107968K
  class space    used 8831K, capacity 9331K, committed 9344K, reserved 1048576K
}
Event: 34.280 GC heap before
{Heap before GC invocations=18 (full 3):
 PSYoungGen      total 196096K, used 196072K [0x00000000e0000000, 0x00000000ee280000, 0x0000000100000000)
  eden space 176640K, 100% used [0x00000000e0000000,0x00000000eac80000,0x00000000eac80000)
  from space 19456K, 99% used [0x00000000ec500000,0x00000000ed7fa030,0x00000000ed800000)
  to   space 25088K, 0% used [0x00000000eac80000,0x00000000eac80000,0x00000000ec500000)
 ParOldGen       total 148992K, used 45053K [0x00000000a0000000, 0x00000000a9180000, 0x00000000e0000000)
  object space 148992K, 30% used [0x00000000a0000000,0x00000000a2bff4c8,0x00000000a9180000)
 Metaspace       used 71586K, capacity 73868K, committed 74240K, reserved 1114112K
  class space    used 9622K, capacity 10120K, committed 10240K, reserved 1048576K
Event: 34.361 GC heap after
Heap after GC invocations=18 (full 3):
 PSYoungGen      total 201728K, used 25072K [0x00000000e0000000, 0x00000000f1180000, 0x0000000100000000)
  eden space 176640K, 0% used [0x00000000e0000000,0x00000000e0000000,0x00000000eac80000)
  from space 25088K, 99% used [0x00000000eac80000,0x00000000ec4fc178,0x00000000ec500000)
  to   space 37888K, 0% used [0x00000000eec80000,0x00000000eec80000,0x00000000f1180000)
 ParOldGen       total 148992K, used 70000K [0x00000000a0000000, 0x00000000a9180000, 0x00000000e0000000)
  object space 148992K, 46% used [0x00000000a0000000,0x00000000a445c260,0x00000000a9180000)
 Metaspace       used 71586K, capacity 73868K, committed 74240K, reserved 1114112K
  class space    used 9622K, capacity 10120K, committed 10240K, reserved 1048576K
}
Event: 37.798 GC heap before
{Heap before GC invocations=19 (full 3):
 PSYoungGen      total 201728K, used 201712K [0x00000000e0000000, 0x00000000f1180000, 0x0000000100000000)
  eden space 176640K, 100% used [0x00000000e0000000,0x00000000eac80000,0x00000000eac80000)
  from space 25088K, 99% used [0x00000000eac80000,0x00000000ec4fc178,0x00000000ec500000)
  to   space 37888K, 0% used [0x00000000eec80000,0x00000000eec80000,0x00000000f1180000)
 ParOldGen       total 148992K, used 70000K [0x00000000a0000000, 0x00000000a9180000, 0x00000000e0000000)
  object space 148992K, 46% used [0x00000000a0000000,0x00000000a445c260,0x00000000a9180000)
 Metaspace       used 79897K, capacity 82282K, committed 82560K, reserved 1120256K
  class space    used 10545K, capacity 11079K, committed 11136K, reserved 1048576K
Event: 37.948 GC heap after
Heap after GC invocations=19 (full 3):
 PSYoungGen      total 209408K, used 37880K [0x00000000e0000000, 0x00000000f5c00000, 0x0000000100000000)
  eden space 171520K, 0% used [0x00000000e0000000,0x00000000e0000000,0x00000000ea780000)
  from space 37888K, 99% used [0x00000000eec80000,0x00000000f117e160,0x00000000f1180000)
  to   space 70656K, 0% used [0x00000000ea780000,0x00000000ea780000,0x00000000eec80000)
 ParOldGen       total 148992K, used 142325K [0x00000000a0000000, 0x00000000a9180000, 0x00000000e0000000)
  object space 148992K, 95% used [0x00000000a0000000,0x00000000a8afd588,0x00000000a9180000)
 Metaspace       used 79897K, capacity 82282K, committed 82560K, reserved 1120256K
  class space    used 10545K, capacity 11079K, committed 11136K, reserved 1048576K
}
Event: 37.948 GC heap before
{Heap before GC invocations=20 (full 4):
 PSYoungGen      total 209408K, used 37880K [0x00000000e0000000, 0x00000000f5c00000, 0x0000000100000000)
  eden space 171520K, 0% used [0x00000000e0000000,0x00000000e0000000,0x00000000ea780000)
  from space 37888K, 99% used [0x00000000eec80000,0x00000000f117e160,0x00000000f1180000)
  to   space 70656K, 0% used [0x00000000ea780000,0x00000000ea780000,0x00000000eec80000)
 ParOldGen       total 148992K, used 142325K [0x00000000a0000000, 0x00000000a9180000, 0x00000000e0000000)
  object space 148992K, 95% used [0x00000000a0000000,0x00000000a8afd588,0x00000000a9180000)
 Metaspace       used 79897K, capacity 82282K, committed 82560K, reserved 1120256K
  class space    used 10545K, capacity 11079K, committed 11136K, reserved 1048576K
Event: 38.902 GC heap after
Heap after GC invocations=20 (full 4):
 PSYoungGen      total 209408K, used 8773K [0x00000000e0000000, 0x00000000f5c00000, 0x0000000100000000)
  eden space 171520K, 0% used [0x00000000e0000000,0x00000000e0000000,0x00000000ea780000)
  from space 37888K, 23% used [0x00000000eec80000,0x00000000ef511578,0x00000000f1180000)
  to   space 70656K, 0% used [0x00000000ea780000,0x00000000ea780000,0x00000000eec80000)
 ParOldGen       total 336896K, used 148634K [0x00000000a0000000, 0x00000000b4900000, 0x00000000e0000000)
  object space 336896K, 44% used [0x00000000a0000000,0x00000000a9126b58,0x00000000b4900000)
 Metaspace       used 79839K, capacity 82120K, committed 82560K, reserved 1120256K
  class space    used 10527K, capacity 11046K, committed 11136K, reserved 1048576K
}

