# JRE version: OpenJDK Runtime Environment (8.0_212-b04) (build 1.8.0_212-release-1586-b04)
# Java VM: OpenJDK 64-Bit Server VM (25.212-b04 mixed mode windows-amd64 compressed oops)
Heap:
 PSYoungGen      total 215040K, used 156855K [0x00000000e0000000, 0x00000000efc80000, 0x0000000100000000)
  eden space 185344K, 68% used [0x00000000e0000000,0x00000000e7c2fa20,0x00000000eb500000)
  from space 29696K, 99% used [0x00000000ed800000,0x00000000ef4fe528,0x00000000ef500000)
  to   space 35840K, 0% used [0x00000000eb500000,0x00000000eb500000,0x00000000ed800000)
 ParOldGen       total 157184K, used 72805K [0x00000000a0000000, 0x00000000a9980000, 0x00000000e0000000)
  object space 157184K, 46% used [0x00000000a0000000,0x00000000a4719480,0x00000000a9980000)
 Metaspace       used 77332K, capacity 79883K, committed 80088K, reserved 1118208K
  class space    used 10253K, capacity 10866K, committed 10968K, reserved 1048576K
GC Heap History (10 events):
Event: 16.588 GC heap before
{Heap before GC invocations=15 (full 3):
 PSYoungGen      total 162816K, used 7583K [0x00000000e0000000, 0x00000000ebf80000, 0x0000000100000000)
  eden space 144384K, 0% used [0x00000000e0000000,0x00000000e0000000,0x00000000e8d00000)
  from space 18432K, 41% used [0x00000000e9e80000,0x00000000ea5e7fa0,0x00000000eb080000)
  to   space 17920K, 0% used [0x00000000e8d00000,0x00000000e8d00000,0x00000000e9e80000)
 ParOldGen       total 101888K, used 37090K [0x00000000a0000000, 0x00000000a6380000, 0x00000000e0000000)
  object space 101888K, 36% used [0x00000000a0000000,0x00000000a2438ae0,0x00000000a6380000)
 Metaspace       used 57217K, capacity 59033K, committed 59096K, reserved 1099776K
  class space    used 7853K, capacity 8345K, committed 8408K, reserved 1048576K
Event: 16.914 GC heap after
Heap after GC invocations=15 (full 3):
 PSYoungGen      total 162816K, used 0K [0x00000000e0000000, 0x00000000ebf80000, 0x0000000100000000)
  eden space 144384K, 0% used [0x00000000e0000000,0x00000000e0000000,0x00000000e8d00000)
  from space 18432K, 0% used [0x00000000e9e80000,0x00000000e9e80000,0x00000000eb080000)
  to   space 17920K, 0% used [0x00000000e8d00000,0x00000000e8d00000,0x00000000e9e80000)
 ParOldGen       total 157184K, used 37387K [0x00000000a0000000, 0x00000000a9980000, 0x00000000e0000000)
  object space 157184K, 23% used [0x00000000a0000000,0x00000000a2482eb8,0x00000000a9980000)
 Metaspace       used 57217K, capacity 59033K, committed 59096K, reserved 1099776K
  class space    used 7853K, capacity 8345K, committed 8408K, reserved 1048576K
}
Event: 19.045 GC heap before
{Heap before GC invocations=16 (full 3):
 PSYoungGen      total 162816K, used 144384K [0x00000000e0000000, 0x00000000ebf80000, 0x0000000100000000)
  eden space 144384K, 100% used [0x00000000e0000000,0x00000000e8d00000,0x00000000e8d00000)
  from space 18432K, 0% used [0x00000000e9e80000,0x00000000e9e80000,0x00000000eb080000)
  to   space 17920K, 0% used [0x00000000e8d00000,0x00000000e8d00000,0x00000000e9e80000)
 ParOldGen       total 157184K, used 37387K [0x00000000a0000000, 0x00000000a9980000, 0x00000000e0000000)
  object space 157184K, 23% used [0x00000000a0000000,0x00000000a2482eb8,0x00000000a9980000)
 Metaspace       used 59709K, capacity 61859K, committed 62040K, reserved 1101824K
  class space    used 8191K, capacity 8702K, committed 8792K, reserved 1048576K
Event: 19.063 GC heap after
Heap after GC invocations=16 (full 3):
 PSYoungGen      total 162304K, used 14210K [0x00000000e0000000, 0x00000000ecc00000, 0x0000000100000000)
  eden space 144384K, 0% used [0x00000000e0000000,0x00000000e0000000,0x00000000e8d00000)
  from space 17920K, 79% used [0x00000000e8d00000,0x00000000e9ae0908,0x00000000e9e80000)
  to   space 18944K, 0% used [0x00000000eb980000,0x00000000eb980000,0x00000000ecc00000)
 ParOldGen       total 157184K, used 37387K [0x00000000a0000000, 0x00000000a9980000, 0x00000000e0000000)
  object space 157184K, 23% used [0x00000000a0000000,0x00000000a2482eb8,0x00000000a9980000)
 Metaspace       used 59709K, capacity 61859K, committed 62040K, reserved 1101824K
  class space    used 8191K, capacity 8702K, committed 8792K, reserved 1048576K
}
Event: 22.621 GC heap before
{Heap before GC invocations=17 (full 3):
 PSYoungGen      total 162304K, used 157801K [0x00000000e0000000, 0x00000000ecc00000, 0x0000000100000000)
  eden space 144384K, 99% used [0x00000000e0000000,0x00000000e8c39cc0,0x00000000e8d00000)
  from space 17920K, 79% used [0x00000000e8d00000,0x00000000e9ae0908,0x00000000e9e80000)
  to   space 18944K, 0% used [0x00000000eb980000,0x00000000eb980000,0x00000000ecc00000)
 ParOldGen       total 157184K, used 37387K [0x00000000a0000000, 0x00000000a9980000, 0x00000000e0000000)
  object space 157184K, 23% used [0x00000000a0000000,0x00000000a2482eb8,0x00000000a9980000)
 Metaspace       used 63211K, capacity 65457K, committed 65496K, reserved 1105920K
  class space    used 8641K, capacity 9155K, committed 9176K, reserved 1048576K
Event: 22.686 GC heap after
Heap after GC invocations=17 (full 3):
 PSYoungGen      total 179712K, used 18916K [0x00000000e0000000, 0x00000000ee100000, 0x0000000100000000)
  eden space 160768K, 0% used [0x00000000e0000000,0x00000000e0000000,0x00000000e9d00000)
  from space 18944K, 99% used [0x00000000eb980000,0x00000000ecbf9198,0x00000000ecc00000)
  to   space 29184K, 0% used [0x00000000e9d00000,0x00000000e9d00000,0x00000000eb980000)
 ParOldGen       total 157184K, used 57592K [0x00000000a0000000, 0x00000000a9980000, 0x00000000e0000000)
  object space 157184K, 36% used [0x00000000a0000000,0x00000000a383e100,0x00000000a9980000)
 Metaspace       used 63211K, capacity 65457K, committed 65496K, reserved 1105920K
  class space    used 8641K, capacity 9155K, committed 9176K, reserved 1048576K
}
Event: 25.083 GC heap before
{Heap before GC invocations=18 (full 3):
 PSYoungGen      total 179712K, used 179684K [0x00000000e0000000, 0x00000000ee100000, 0x0000000100000000)
  eden space 160768K, 100% used [0x00000000e0000000,0x00000000e9d00000,0x00000000e9d00000)
  from space 18944K, 99% used [0x00000000eb980000,0x00000000ecbf9198,0x00000000ecc00000)
  to   space 29184K, 0% used [0x00000000e9d00000,0x00000000e9d00000,0x00000000eb980000)
 ParOldGen       total 157184K, used 57592K [0x00000000a0000000, 0x00000000a9980000, 0x00000000e0000000)
  object space 157184K, 36% used [0x00000000a0000000,0x00000000a383e100,0x00000000a9980000)
 Metaspace       used 67053K, capacity 69315K, committed 69464K, reserved 1110016K
  class space    used 9149K, capacity 9696K, committed 9816K, reserved 1048576K
Event: 25.118 GC heap after
Heap after GC invocations=18 (full 3):
 PSYoungGen      total 189952K, used 19353K [0x00000000e0000000, 0x00000000ef500000, 0x0000000100000000)
  eden space 160768K, 0% used [0x00000000e0000000,0x00000000e0000000,0x00000000e9d00000)
  from space 29184K, 66% used [0x00000000e9d00000,0x00000000eafe67e0,0x00000000eb980000)
  to   space 29696K, 0% used [0x00000000ed800000,0x00000000ed800000,0x00000000ef500000)
 ParOldGen       total 157184K, used 68311K [0x00000000a0000000, 0x00000000a9980000, 0x00000000e0000000)
  object space 157184K, 43% used [0x00000000a0000000,0x00000000a42b5d90,0x00000000a9980000)
 Metaspace       used 67053K, capacity 69315K, committed 69464K, reserved 1110016K
  class space    used 9149K, capacity 9696K, committed 9816K, reserved 1048576K
}
Event: 41.650 GC heap before
{Heap before GC invocations=19 (full 3):
 PSYoungGen      total 189952K, used 180121K [0x00000000e0000000, 0x00000000ef500000, 0x0000000100000000)
  eden space 160768K, 100% used [0x00000000e0000000,0x00000000e9d00000,0x00000000e9d00000)
  from space 29184K, 66% used [0x00000000e9d00000,0x00000000eafe67e0,0x00000000eb980000)
  to   space 29696K, 0% used [0x00000000ed800000,0x00000000ed800000,0x00000000ef500000)
 ParOldGen       total 157184K, used 68311K [0x00000000a0000000, 0x00000000a9980000, 0x00000000e0000000)
  object space 157184K, 43% used [0x00000000a0000000,0x00000000a42b5d90,0x00000000a9980000)
 Metaspace       used 70077K, capacity 72541K, committed 72792K, reserved 1112064K
  class space    used 9465K, capacity 10017K, committed 10072K, reserved 1048576K
Event: 41.701 GC heap after
Heap after GC invocations=19 (full 3):
 PSYoungGen      total 215040K, used 29689K [0x00000000e0000000, 0x00000000efc80000, 0x0000000100000000)
  eden space 185344K, 0% used [0x00000000e0000000,0x00000000e0000000,0x00000000eb500000)
  from space 29696K, 99% used [0x00000000ed800000,0x00000000ef4fe528,0x00000000ef500000)
  to   space 35840K, 0% used [0x00000000eb500000,0x00000000eb500000,0x00000000ed800000)
 ParOldGen       total 157184K, used 72805K [0x00000000a0000000, 0x00000000a9980000, 0x00000000e0000000)
  object space 157184K, 46% used [0x00000000a0000000,0x00000000a4719480,0x00000000a9980000)
 Metaspace       used 70077K, capacity 72541K, committed 72792K, reserved 1112064K
  class space    used 9465K, capacity 10017K, committed 10072K, reserved 1048576K
}

