# JRE version: OpenJDK Runtime Environment (8.0_212-b04) (build 1.8.0_212-release-1586-b04)
# Java VM: OpenJDK 64-Bit Server VM (25.212-b04 mixed mode windows-amd64 compressed oops)
Heap:
 PSYoungGen      total 173568K, used 124917K [0x00000000e0000000, 0x00000000eda00000, 0x0000000100000000)
  eden space 155136K, 71% used [0x00000000e0000000,0x00000000e6c57fc8,0x00000000e9780000)
  from space 18432K, 75% used [0x00000000e9780000,0x00000000ea5254f8,0x00000000ea980000)
  to   space 19456K, 0% used [0x00000000ec700000,0x00000000ec700000,0x00000000eda00000)
 ParOldGen       total 141312K, used 37631K [0x00000000a0000000, 0x00000000a8a00000, 0x00000000e0000000)
  object space 141312K, 26% used [0x00000000a0000000,0x00000000a24bfd88,0x00000000a8a00000)
 Metaspace       used 63640K, capacity 65760K, committed 66048K, reserved 1105920K
  class space    used 8715K, capacity 9174K, committed 9216K, reserved 1048576K
GC Heap History (10 events):
Event: 20.528 GC heap before
{Heap before GC invocations=12 (full 2):
 PSYoungGen      total 114176K, used 102400K [0x00000000e0000000, 0x00000000e9f80000, 0x0000000100000000)
  eden space 102400K, 100% used [0x00000000e0000000,0x00000000e6400000,0x00000000e6400000)
  from space 11776K, 0% used [0x00000000e6400000,0x00000000e6400000,0x00000000e6f80000)
  to   space 13312K, 0% used [0x00000000e9280000,0x00000000e9280000,0x00000000e9f80000)
 ParOldGen       total 93184K, used 18748K [0x00000000a0000000, 0x00000000a5b00000, 0x00000000e0000000)
  object space 93184K, 20% used [0x00000000a0000000,0x00000000a124f370,0x00000000a5b00000)
 Metaspace       used 44859K, capacity 45908K, committed 46080K, reserved 1089536K
  class space    used 6026K, capacity 6314K, committed 6400K, reserved 1048576K
Event: 20.556 GC heap after
Heap after GC invocations=12 (full 2):
 PSYoungGen      total 140800K, used 13300K [0x00000000e0000000, 0x00000000e9f80000, 0x0000000100000000)
  eden space 127488K, 0% used [0x00000000e0000000,0x00000000e0000000,0x00000000e7c80000)
  from space 13312K, 99% used [0x00000000e9280000,0x00000000e9f7d1a8,0x00000000e9f80000)
  to   space 15360K, 0% used [0x00000000e8180000,0x00000000e8180000,0x00000000e9080000)
 ParOldGen       total 93184K, used 20008K [0x00000000a0000000, 0x00000000a5b00000, 0x00000000e0000000)
  object space 93184K, 21% used [0x00000000a0000000,0x00000000a138a380,0x00000000a5b00000)
 Metaspace       used 44859K, capacity 45908K, committed 46080K, reserved 1089536K
  class space    used 6026K, capacity 6314K, committed 6400K, reserved 1048576K
}
Event: 24.867 GC heap before
{Heap before GC invocations=13 (full 2):
 PSYoungGen      total 140800K, used 140788K [0x00000000e0000000, 0x00000000e9f80000, 0x0000000100000000)
  eden space 127488K, 100% used [0x00000000e0000000,0x00000000e7c80000,0x00000000e7c80000)
  from space 13312K, 99% used [0x00000000e9280000,0x00000000e9f7d1a8,0x00000000e9f80000)
  to   space 15360K, 0% used [0x00000000e8180000,0x00000000e8180000,0x00000000e9080000)
 ParOldGen       total 93184K, used 20008K [0x00000000a0000000, 0x00000000a5b00000, 0x00000000e0000000)
  object space 93184K, 21% used [0x00000000a0000000,0x00000000a138a380,0x00000000a5b00000)
 Metaspace       used 53054K, capacity 54692K, committed 54784K, reserved 1095680K
  class space    used 7272K, capacity 7674K, committed 7680K, reserved 1048576K
Event: 24.897 GC heap after
Heap after GC invocations=13 (full 2):
 PSYoungGen      total 147968K, used 13687K [0x00000000e0000000, 0x00000000eba00000, 0x0000000100000000)
  eden space 132608K, 0% used [0x00000000e0000000,0x00000000e0000000,0x00000000e8180000)
  from space 15360K, 89% used [0x00000000e8180000,0x00000000e8edde18,0x00000000e9080000)
  to   space 16896K, 0% used [0x00000000ea980000,0x00000000ea980000,0x00000000eba00000)
 ParOldGen       total 93184K, used 25994K [0x00000000a0000000, 0x00000000a5b00000, 0x00000000e0000000)
  object space 93184K, 27% used [0x00000000a0000000,0x00000000a1962820,0x00000000a5b00000)
 Metaspace       used 53054K, capacity 54692K, committed 54784K, reserved 1095680K
  class space    used 7272K, capacity 7674K, committed 7680K, reserved 1048576K
}
Event: 27.522 GC heap before
{Heap before GC invocations=14 (full 2):
 PSYoungGen      total 147968K, used 88463K [0x00000000e0000000, 0x00000000eba00000, 0x0000000100000000)
  eden space 132608K, 56% used [0x00000000e0000000,0x00000000e4906128,0x00000000e8180000)
  from space 15360K, 89% used [0x00000000e8180000,0x00000000e8edde18,0x00000000e9080000)
  to   space 16896K, 0% used [0x00000000ea980000,0x00000000ea980000,0x00000000eba00000)
 ParOldGen       total 93184K, used 25994K [0x00000000a0000000, 0x00000000a5b00000, 0x00000000e0000000)
  object space 93184K, 27% used [0x00000000a0000000,0x00000000a1962820,0x00000000a5b00000)
 Metaspace       used 57223K, capacity 59062K, committed 59096K, reserved 1099776K
  class space    used 7853K, capacity 8315K, committed 8320K, reserved 1048576K
Event: 27.549 GC heap after
Heap after GC invocations=14 (full 2):
 PSYoungGen      total 172032K, used 16104K [0x00000000e0000000, 0x00000000ec380000, 0x0000000100000000)
  eden space 155136K, 0% used [0x00000000e0000000,0x00000000e0000000,0x00000000e9780000)
  from space 16896K, 95% used [0x00000000ea980000,0x00000000eb93a218,0x00000000eba00000)
  to   space 18432K, 0% used [0x00000000e9780000,0x00000000e9780000,0x00000000ea980000)
 ParOldGen       total 93184K, used 26002K [0x00000000a0000000, 0x00000000a5b00000, 0x00000000e0000000)
  object space 93184K, 27% used [0x00000000a0000000,0x00000000a1964820,0x00000000a5b00000)
 Metaspace       used 57223K, capacity 59062K, committed 59096K, reserved 1099776K
  class space    used 7853K, capacity 8315K, committed 8320K, reserved 1048576K
}
Event: 27.549 GC heap before
{Heap before GC invocations=15 (full 3):
 PSYoungGen      total 172032K, used 16104K [0x00000000e0000000, 0x00000000ec380000, 0x0000000100000000)
  eden space 155136K, 0% used [0x00000000e0000000,0x00000000e0000000,0x00000000e9780000)
  from space 16896K, 95% used [0x00000000ea980000,0x00000000eb93a218,0x00000000eba00000)
  to   space 18432K, 0% used [0x00000000e9780000,0x00000000e9780000,0x00000000ea980000)
 ParOldGen       total 93184K, used 26002K [0x00000000a0000000, 0x00000000a5b00000, 0x00000000e0000000)
  object space 93184K, 27% used [0x00000000a0000000,0x00000000a1964820,0x00000000a5b00000)
 Metaspace       used 57223K, capacity 59062K, committed 59096K, reserved 1099776K
  class space    used 7853K, capacity 8315K, committed 8320K, reserved 1048576K
Event: 27.905 GC heap after
Heap after GC invocations=15 (full 3):
 PSYoungGen      total 172032K, used 0K [0x00000000e0000000, 0x00000000ec380000, 0x0000000100000000)
  eden space 155136K, 0% used [0x00000000e0000000,0x00000000e0000000,0x00000000e9780000)
  from space 16896K, 0% used [0x00000000ea980000,0x00000000ea980000,0x00000000eba00000)
  to   space 18432K, 0% used [0x00000000e9780000,0x00000000e9780000,0x00000000ea980000)
 ParOldGen       total 141312K, used 37623K [0x00000000a0000000, 0x00000000a8a00000, 0x00000000e0000000)
  object space 141312K, 26% used [0x00000000a0000000,0x00000000a24bdd88,0x00000000a8a00000)
 Metaspace       used 57223K, capacity 59062K, committed 59096K, reserved 1099776K
  class space    used 7853K, capacity 8315K, committed 8320K, reserved 1048576K
}
Event: 36.328 GC heap before
{Heap before GC invocations=16 (full 3):
 PSYoungGen      total 172032K, used 155136K [0x00000000e0000000, 0x00000000ec380000, 0x0000000100000000)
  eden space 155136K, 100% used [0x00000000e0000000,0x00000000e9780000,0x00000000e9780000)
  from space 16896K, 0% used [0x00000000ea980000,0x00000000ea980000,0x00000000eba00000)
  to   space 18432K, 0% used [0x00000000e9780000,0x00000000e9780000,0x00000000ea980000)
 ParOldGen       total 141312K, used 37623K [0x00000000a0000000, 0x00000000a8a00000, 0x00000000e0000000)
  object space 141312K, 26% used [0x00000000a0000000,0x00000000a24bdd88,0x00000000a8a00000)
 Metaspace       used 59873K, capacity 61938K, committed 62208K, reserved 1103872K
  class space    used 8200K, capacity 8653K, committed 8704K, reserved 1048576K
Event: 36.348 GC heap after
Heap after GC invocations=16 (full 3):
 PSYoungGen      total 173568K, used 13973K [0x00000000e0000000, 0x00000000eda00000, 0x0000000100000000)
  eden space 155136K, 0% used [0x00000000e0000000,0x00000000e0000000,0x00000000e9780000)
  from space 18432K, 75% used [0x00000000e9780000,0x00000000ea5254f8,0x00000000ea980000)
  to   space 19456K, 0% used [0x00000000ec700000,0x00000000ec700000,0x00000000eda00000)
 ParOldGen       total 141312K, used 37631K [0x00000000a0000000, 0x00000000a8a00000, 0x00000000e0000000)
  object space 141312K, 26% used [0x00000000a0000000,0x00000000a24bfd88,0x00000000a8a00000)
 Metaspace       used 59873K, capacity 61938K, committed 62208K, reserved 1103872K
  class space    used 8200K, capacity 8653K, committed 8704K, reserved 1048576K
}

