# JRE version: OpenJDK Runtime Environment (8.0_212-b04) (build 1.8.0_212-release-1586-b04)
# Java VM: OpenJDK 64-Bit Server VM (25.212-b04 mixed mode windows-amd64 compressed oops)
Heap:
 PSYoungGen      total 217600K, used 47430K [0x00000000e0000000, 0x00000000f3e00000, 0x0000000100000000)
  eden space 192512K, 11% used [0x00000000e0000000,0x00000000e15d39e8,0x00000000ebc00000)
  from space 25088K, 99% used [0x00000000ebc00000,0x00000000ed47df30,0x00000000ed480000)
  to   space 50688K, 0% used [0x00000000f0c80000,0x00000000f0c80000,0x00000000f3e00000)
 ParOldGen       total 137216K, used 103097K [0x00000000a0000000, 0x00000000a8600000, 0x00000000e0000000)
  object space 137216K, 75% used [0x00000000a0000000,0x00000000a64ae6f0,0x00000000a8600000)
 Metaspace       used 76096K, capacity 78350K, committed 78680K, reserved 1118208K
  class space    used 10217K, capacity 10769K, committed 10840K, reserved 1048576K
GC Heap History (10 events):
Event: 15.156 GC heap before
{Heap before GC invocations=14 (full 2):
 PSYoungGen      total 158720K, used 68482K [0x00000000e0000000, 0x00000000ec300000, 0x0000000100000000)
  eden space 143360K, 37% used [0x00000000e0000000,0x00000000e348a310,0x00000000e8c00000)
  from space 15360K, 95% used [0x00000000e8c00000,0x00000000e9a56860,0x00000000e9b00000)
  to   space 16896K, 0% used [0x00000000eb280000,0x00000000eb280000,0x00000000ec300000)
 ParOldGen       total 92160K, used 25542K [0x00000000a0000000, 0x00000000a5a00000, 0x00000000e0000000)
  object space 92160K, 27% used [0x00000000a0000000,0x00000000a18f19e8,0x00000000a5a00000)
 Metaspace       used 57174K, capacity 59010K, committed 59096K, reserved 1099776K
  class space    used 7852K, capacity 8343K, committed 8408K, reserved 1048576K
Event: 15.205 GC heap after
Heap after GC invocations=14 (full 2):
 PSYoungGen      total 181760K, used 13744K [0x00000000e0000000, 0x00000000ed500000, 0x0000000100000000)
  eden space 164864K, 0% used [0x00000000e0000000,0x00000000e0000000,0x00000000ea100000)
  from space 16896K, 81% used [0x00000000eb280000,0x00000000ebfec2e0,0x00000000ec300000)
  to   space 17920K, 0% used [0x00000000ea100000,0x00000000ea100000,0x00000000eb280000)
 ParOldGen       total 92160K, used 25550K [0x00000000a0000000, 0x00000000a5a00000, 0x00000000e0000000)
  object space 92160K, 27% used [0x00000000a0000000,0x00000000a18f39e8,0x00000000a5a00000)
 Metaspace       used 57174K, capacity 59010K, committed 59096K, reserved 1099776K
  class space    used 7852K, capacity 8343K, committed 8408K, reserved 1048576K
}
Event: 15.205 GC heap before
{Heap before GC invocations=15 (full 3):
 PSYoungGen      total 181760K, used 13744K [0x00000000e0000000, 0x00000000ed500000, 0x0000000100000000)
  eden space 164864K, 0% used [0x00000000e0000000,0x00000000e0000000,0x00000000ea100000)
  from space 16896K, 81% used [0x00000000eb280000,0x00000000ebfec2e0,0x00000000ec300000)
  to   space 17920K, 0% used [0x00000000ea100000,0x00000000ea100000,0x00000000eb280000)
 ParOldGen       total 92160K, used 25550K [0x00000000a0000000, 0x00000000a5a00000, 0x00000000e0000000)
  object space 92160K, 27% used [0x00000000a0000000,0x00000000a18f39e8,0x00000000a5a00000)
 Metaspace       used 57174K, capacity 59010K, committed 59096K, reserved 1099776K
  class space    used 7852K, capacity 8343K, committed 8408K, reserved 1048576K
Event: 15.586 GC heap after
Heap after GC invocations=15 (full 3):
 PSYoungGen      total 181760K, used 0K [0x00000000e0000000, 0x00000000ed500000, 0x0000000100000000)
  eden space 164864K, 0% used [0x00000000e0000000,0x00000000e0000000,0x00000000ea100000)
  from space 16896K, 0% used [0x00000000eb280000,0x00000000eb280000,0x00000000ec300000)
  to   space 17920K, 0% used [0x00000000ea100000,0x00000000ea100000,0x00000000eb280000)
 ParOldGen       total 137216K, used 35806K [0x00000000a0000000, 0x00000000a8600000, 0x00000000e0000000)
  object space 137216K, 26% used [0x00000000a0000000,0x00000000a22f7ae8,0x00000000a8600000)
 Metaspace       used 57174K, capacity 59010K, committed 59096K, reserved 1099776K
  class space    used 7852K, capacity 8343K, committed 8408K, reserved 1048576K
}
Event: 18.306 GC heap before
{Heap before GC invocations=16 (full 3):
 PSYoungGen      total 181760K, used 164864K [0x00000000e0000000, 0x00000000ed500000, 0x0000000100000000)
  eden space 164864K, 100% used [0x00000000e0000000,0x00000000ea100000,0x00000000ea100000)
  from space 16896K, 0% used [0x00000000eb280000,0x00000000eb280000,0x00000000ec300000)
  to   space 17920K, 0% used [0x00000000ea100000,0x00000000ea100000,0x00000000eb280000)
 ParOldGen       total 137216K, used 35806K [0x00000000a0000000, 0x00000000a8600000, 0x00000000e0000000)
  object space 137216K, 26% used [0x00000000a0000000,0x00000000a22f7ae8,0x00000000a8600000)
 Metaspace       used 59918K, capacity 61952K, committed 62296K, reserved 1103872K
  class space    used 8210K, capacity 8684K, committed 8792K, reserved 1048576K
Event: 18.330 GC heap after
Heap after GC invocations=16 (full 3):
 PSYoungGen      total 182784K, used 15373K [0x00000000e0000000, 0x00000000ee780000, 0x0000000100000000)
  eden space 164864K, 0% used [0x00000000e0000000,0x00000000e0000000,0x00000000ea100000)
  from space 17920K, 85% used [0x00000000ea100000,0x00000000eb003598,0x00000000eb280000)
  to   space 19456K, 0% used [0x00000000ed480000,0x00000000ed480000,0x00000000ee780000)
 ParOldGen       total 137216K, used 35814K [0x00000000a0000000, 0x00000000a8600000, 0x00000000e0000000)
  object space 137216K, 26% used [0x00000000a0000000,0x00000000a22f9ae8,0x00000000a8600000)
 Metaspace       used 59918K, capacity 61952K, committed 62296K, reserved 1103872K
  class space    used 8210K, capacity 8684K, committed 8792K, reserved 1048576K
}
Event: 26.252 GC heap before
{Heap before GC invocations=17 (full 3):
 PSYoungGen      total 182784K, used 180237K [0x00000000e0000000, 0x00000000ee780000, 0x0000000100000000)
  eden space 164864K, 100% used [0x00000000e0000000,0x00000000ea100000,0x00000000ea100000)
  from space 17920K, 85% used [0x00000000ea100000,0x00000000eb003598,0x00000000eb280000)
  to   space 19456K, 0% used [0x00000000ed480000,0x00000000ed480000,0x00000000ee780000)
 ParOldGen       total 137216K, used 35814K [0x00000000a0000000, 0x00000000a8600000, 0x00000000e0000000)
  object space 137216K, 26% used [0x00000000a0000000,0x00000000a22f9ae8,0x00000000a8600000)
 Metaspace       used 64323K, capacity 66422K, committed 66776K, reserved 1105920K
  class space    used 8824K, capacity 9321K, committed 9432K, reserved 1048576K
Event: 26.288 GC heap after
Heap after GC invocations=17 (full 3):
 PSYoungGen      total 211968K, used 19432K [0x00000000e0000000, 0x00000000eee80000, 0x0000000100000000)
  eden space 192512K, 0% used [0x00000000e0000000,0x00000000e0000000,0x00000000ebc00000)
  from space 19456K, 99% used [0x00000000ed480000,0x00000000ee77a070,0x00000000ee780000)
  to   space 25088K, 0% used [0x00000000ebc00000,0x00000000ebc00000,0x00000000ed480000)
 ParOldGen       total 137216K, used 44090K [0x00000000a0000000, 0x00000000a8600000, 0x00000000e0000000)
  object space 137216K, 32% used [0x00000000a0000000,0x00000000a2b0eb90,0x00000000a8600000)
 Metaspace       used 64323K, capacity 66422K, committed 66776K, reserved 1105920K
  class space    used 8824K, capacity 9321K, committed 9432K, reserved 1048576K
}
Event: 38.664 GC heap before
{Heap before GC invocations=18 (full 3):
 PSYoungGen      total 211968K, used 211944K [0x00000000e0000000, 0x00000000eee80000, 0x0000000100000000)
  eden space 192512K, 100% used [0x00000000e0000000,0x00000000ebc00000,0x00000000ebc00000)
  from space 19456K, 99% used [0x00000000ed480000,0x00000000ee77a070,0x00000000ee780000)
  to   space 25088K, 0% used [0x00000000ebc00000,0x00000000ebc00000,0x00000000ed480000)
 ParOldGen       total 137216K, used 44090K [0x00000000a0000000, 0x00000000a8600000, 0x00000000e0000000)
  object space 137216K, 32% used [0x00000000a0000000,0x00000000a2b0eb90,0x00000000a8600000)
 Metaspace       used 72573K, capacity 74874K, committed 75224K, reserved 1114112K
  class space    used 9802K, capacity 10367K, committed 10456K, reserved 1048576K
Event: 38.777 GC heap after
Heap after GC invocations=18 (full 3):
 PSYoungGen      total 217600K, used 25079K [0x00000000e0000000, 0x00000000f3e00000, 0x0000000100000000)
  eden space 192512K, 0% used [0x00000000e0000000,0x00000000e0000000,0x00000000ebc00000)
  from space 25088K, 99% used [0x00000000ebc00000,0x00000000ed47df30,0x00000000ed480000)
  to   space 50688K, 0% used [0x00000000f0c80000,0x00000000f0c80000,0x00000000f3e00000)
 ParOldGen       total 137216K, used 103097K [0x00000000a0000000, 0x00000000a8600000, 0x00000000e0000000)
  object space 137216K, 75% used [0x00000000a0000000,0x00000000a64ae6f0,0x00000000a8600000)
 Metaspace       used 72573K, capacity 74874K, committed 75224K, reserved 1114112K
  class space    used 9802K, capacity 10367K, committed 10456K, reserved 1048576K
}

