# JRE version: OpenJDK Runtime Environment (8.0_212-b04) (build 1.8.0_212-release-1586-b04)
# Java VM: OpenJDK 64-Bit Server VM (25.212-b04 mixed mode windows-amd64 compressed oops)
Heap:
 PSYoungGen      total 176640K, used 106200K [0x00000000e0000000, 0x00000000edc80000, 0x0000000100000000)
  eden space 158208K, 57% used [0x00000000e0000000,0x00000000e594f708,0x00000000e9a80000)
  from space 18432K, 80% used [0x00000000e9a80000,0x00000000ea8e6b50,0x00000000eac80000)
  to   space 19456K, 0% used [0x00000000ec980000,0x00000000ec980000,0x00000000edc80000)
 ParOldGen       total 142848K, used 37313K [0x00000000a0000000, 0x00000000a8b80000, 0x00000000e0000000)
  object space 142848K, 26% used [0x00000000a0000000,0x00000000a2470558,0x00000000a8b80000)
 Metaspace       used 63250K, capacity 65332K, committed 65576K, reserved 1105920K
  class space    used 8653K, capacity 9142K, committed 9256K, reserved 1048576K
GC Heap History (10 events):
Event: 12.417 GC heap before
{Heap before GC invocations=12 (full 2):
 PSYoungGen      total 113152K, used 101376K [0x00000000e0000000, 0x00000000ea600000, 0x0000000100000000)
  eden space 101376K, 100% used [0x00000000e0000000,0x00000000e6300000,0x00000000e6300000)
  from space 11776K, 0% used [0x00000000e6300000,0x00000000e6300000,0x00000000e6e80000)
  to   space 13312K, 0% used [0x00000000e9900000,0x00000000e9900000,0x00000000ea600000)
 ParOldGen       total 95232K, used 19096K [0x00000000a0000000, 0x00000000a5d00000, 0x00000000e0000000)
  object space 95232K, 20% used [0x00000000a0000000,0x00000000a12a6250,0x00000000a5d00000)
 Metaspace       used 44924K, capacity 46052K, committed 46376K, reserved 1089536K
  class space    used 6029K, capacity 6346K, committed 6440K, reserved 1048576K
Event: 12.444 GC heap after
Heap after GC invocations=12 (full 2):
 PSYoungGen      total 141312K, used 13304K [0x00000000e0000000, 0x00000000ea600000, 0x0000000100000000)
  eden space 128000K, 0% used [0x00000000e0000000,0x00000000e0000000,0x00000000e7d00000)
  from space 13312K, 99% used [0x00000000e9900000,0x00000000ea5fe3f0,0x00000000ea600000)
  to   space 15360K, 0% used [0x00000000e8800000,0x00000000e8800000,0x00000000e9700000)
 ParOldGen       total 95232K, used 20480K [0x00000000a0000000, 0x00000000a5d00000, 0x00000000e0000000)
  object space 95232K, 21% used [0x00000000a0000000,0x00000000a1400028,0x00000000a5d00000)
 Metaspace       used 44924K, capacity 46052K, committed 46376K, reserved 1089536K
  class space    used 6029K, capacity 6346K, committed 6440K, reserved 1048576K
}
Event: 15.941 GC heap before
{Heap before GC invocations=13 (full 2):
 PSYoungGen      total 141312K, used 141304K [0x00000000e0000000, 0x00000000ea600000, 0x0000000100000000)
  eden space 128000K, 100% used [0x00000000e0000000,0x00000000e7d00000,0x00000000e7d00000)
  from space 13312K, 99% used [0x00000000e9900000,0x00000000ea5fe3f0,0x00000000ea600000)
  to   space 15360K, 0% used [0x00000000e8800000,0x00000000e8800000,0x00000000e9700000)
 ParOldGen       total 95232K, used 20480K [0x00000000a0000000, 0x00000000a5d00000, 0x00000000e0000000)
  object space 95232K, 21% used [0x00000000a0000000,0x00000000a1400028,0x00000000a5d00000)
 Metaspace       used 53299K, capacity 54986K, committed 55208K, reserved 1097728K
  class space    used 7320K, capacity 7745K, committed 7848K, reserved 1048576K
Event: 15.990 GC heap after
Heap after GC invocations=13 (full 2):
 PSYoungGen      total 154624K, used 14014K [0x00000000e0000000, 0x00000000ebd00000, 0x0000000100000000)
  eden space 139264K, 0% used [0x00000000e0000000,0x00000000e0000000,0x00000000e8800000)
  from space 15360K, 91% used [0x00000000e8800000,0x00000000e95af9b0,0x00000000e9700000)
  to   space 16896K, 0% used [0x00000000eac80000,0x00000000eac80000,0x00000000ebd00000)
 ParOldGen       total 95232K, used 26564K [0x00000000a0000000, 0x00000000a5d00000, 0x00000000e0000000)
  object space 95232K, 27% used [0x00000000a0000000,0x00000000a19f1268,0x00000000a5d00000)
 Metaspace       used 53299K, capacity 54986K, committed 55208K, reserved 1097728K
  class space    used 7320K, capacity 7745K, committed 7848K, reserved 1048576K
}
Event: 18.083 GC heap before
{Heap before GC invocations=14 (full 2):
 PSYoungGen      total 154624K, used 82181K [0x00000000e0000000, 0x00000000ebd00000, 0x0000000100000000)
  eden space 139264K, 48% used [0x00000000e0000000,0x00000000e4291bd8,0x00000000e8800000)
  from space 15360K, 91% used [0x00000000e8800000,0x00000000e95af9b0,0x00000000e9700000)
  to   space 16896K, 0% used [0x00000000eac80000,0x00000000eac80000,0x00000000ebd00000)
 ParOldGen       total 95232K, used 26564K [0x00000000a0000000, 0x00000000a5d00000, 0x00000000e0000000)
  object space 95232K, 27% used [0x00000000a0000000,0x00000000a19f1268,0x00000000a5d00000)
 Metaspace       used 57335K, capacity 59124K, committed 59160K, reserved 1099776K
  class space    used 7877K, capacity 8344K, committed 8360K, reserved 1048576K
Event: 18.118 GC heap after
Heap after GC invocations=14 (full 2):
 PSYoungGen      total 175104K, used 15431K [0x00000000e0000000, 0x00000000ecd00000, 0x0000000100000000)
  eden space 158208K, 0% used [0x00000000e0000000,0x00000000e0000000,0x00000000e9a80000)
  from space 16896K, 91% used [0x00000000eac80000,0x00000000ebb91e30,0x00000000ebd00000)
  to   space 18432K, 0% used [0x00000000e9a80000,0x00000000e9a80000,0x00000000eac80000)
 ParOldGen       total 95232K, used 26572K [0x00000000a0000000, 0x00000000a5d00000, 0x00000000e0000000)
  object space 95232K, 27% used [0x00000000a0000000,0x00000000a19f3268,0x00000000a5d00000)
 Metaspace       used 57335K, capacity 59124K, committed 59160K, reserved 1099776K
  class space    used 7877K, capacity 8344K, committed 8360K, reserved 1048576K
}
Event: 18.118 GC heap before
{Heap before GC invocations=15 (full 3):
 PSYoungGen      total 175104K, used 15431K [0x00000000e0000000, 0x00000000ecd00000, 0x0000000100000000)
  eden space 158208K, 0% used [0x00000000e0000000,0x00000000e0000000,0x00000000e9a80000)
  from space 16896K, 91% used [0x00000000eac80000,0x00000000ebb91e30,0x00000000ebd00000)
  to   space 18432K, 0% used [0x00000000e9a80000,0x00000000e9a80000,0x00000000eac80000)
 ParOldGen       total 95232K, used 26572K [0x00000000a0000000, 0x00000000a5d00000, 0x00000000e0000000)
  object space 95232K, 27% used [0x00000000a0000000,0x00000000a19f3268,0x00000000a5d00000)
 Metaspace       used 57335K, capacity 59124K, committed 59160K, reserved 1099776K
  class space    used 7877K, capacity 8344K, committed 8360K, reserved 1048576K
Event: 18.512 GC heap after
Heap after GC invocations=15 (full 3):
 PSYoungGen      total 175104K, used 0K [0x00000000e0000000, 0x00000000ecd00000, 0x0000000100000000)
  eden space 158208K, 0% used [0x00000000e0000000,0x00000000e0000000,0x00000000e9a80000)
  from space 16896K, 0% used [0x00000000eac80000,0x00000000eac80000,0x00000000ebd00000)
  to   space 18432K, 0% used [0x00000000e9a80000,0x00000000e9a80000,0x00000000eac80000)
 ParOldGen       total 142848K, used 37305K [0x00000000a0000000, 0x00000000a8b80000, 0x00000000e0000000)
  object space 142848K, 26% used [0x00000000a0000000,0x00000000a246e558,0x00000000a8b80000)
 Metaspace       used 57335K, capacity 59124K, committed 59160K, reserved 1099776K
  class space    used 7877K, capacity 8344K, committed 8360K, reserved 1048576K
}
Event: 37.866 GC heap before
{Heap before GC invocations=16 (full 3):
 PSYoungGen      total 175104K, used 158208K [0x00000000e0000000, 0x00000000ecd00000, 0x0000000100000000)
  eden space 158208K, 100% used [0x00000000e0000000,0x00000000e9a80000,0x00000000e9a80000)
  from space 16896K, 0% used [0x00000000eac80000,0x00000000eac80000,0x00000000ebd00000)
  to   space 18432K, 0% used [0x00000000e9a80000,0x00000000e9a80000,0x00000000eac80000)
 ParOldGen       total 142848K, used 37305K [0x00000000a0000000, 0x00000000a8b80000, 0x00000000e0000000)
  object space 142848K, 26% used [0x00000000a0000000,0x00000000a246e558,0x00000000a8b80000)
 Metaspace       used 59956K, capacity 62032K, committed 62248K, reserved 1103872K
  class space    used 8211K, capacity 8688K, committed 8744K, reserved 1048576K
Event: 37.890 GC heap after
Heap after GC invocations=16 (full 3):
 PSYoungGen      total 176640K, used 14746K [0x00000000e0000000, 0x00000000edc80000, 0x0000000100000000)
  eden space 158208K, 0% used [0x00000000e0000000,0x00000000e0000000,0x00000000e9a80000)
  from space 18432K, 80% used [0x00000000e9a80000,0x00000000ea8e6b50,0x00000000eac80000)
  to   space 19456K, 0% used [0x00000000ec980000,0x00000000ec980000,0x00000000edc80000)
 ParOldGen       total 142848K, used 37313K [0x00000000a0000000, 0x00000000a8b80000, 0x00000000e0000000)
  object space 142848K, 26% used [0x00000000a0000000,0x00000000a2470558,0x00000000a8b80000)
 Metaspace       used 59956K, capacity 62032K, committed 62248K, reserved 1103872K
  class space    used 8211K, capacity 8688K, committed 8744K, reserved 1048576K
}

