# JRE version: OpenJDK Runtime Environment (8.0_212-b04) (build 1.8.0_212-release-1586-b04)
# Java VM: OpenJDK 64-Bit Server VM (25.212-b04 mixed mode windows-amd64 compressed oops)
Heap:
 PSYoungGen      total 270336K, used 171030K [0x00000000e0000000, 0x00000000f3e00000, 0x0000000100000000)
  eden space 247808K, 59% used [0x00000000e0000000,0x00000000e910aaf8,0x00000000ef200000)
  from space 22528K, 99% used [0x00000000f1280000,0x00000000f287adb0,0x00000000f2880000)
  to   space 33280K, 0% used [0x00000000ef200000,0x00000000ef200000,0x00000000f1280000)
 ParOldGen       total 115712K, used 54148K [0x00000000a0000000, 0x00000000a7100000, 0x00000000e0000000)
  object space 115712K, 46% used [0x00000000a0000000,0x00000000a34e1290,0x00000000a7100000)
 Metaspace       used 76452K, capacity 78838K, committed 79192K, reserved 1118208K
  class space    used 10243K, capacity 10819K, committed 10840K, reserved 1048576K
GC Heap History (10 events):
Event: 31.898 GC heap before
{Heap before GC invocations=13 (full 2):
 PSYoungGen      total 167424K, used 167403K [0x00000000e0000000, 0x00000000eca80000, 0x0000000100000000)
  eden space 154112K, 100% used [0x00000000e0000000,0x00000000e9680000,0x00000000e9680000)
  from space 13312K, 99% used [0x00000000ebd80000,0x00000000eca7ac40,0x00000000eca80000)
  to   space 15872K, 0% used [0x00000000eab80000,0x00000000eab80000,0x00000000ebb00000)
 ParOldGen       total 79872K, used 21567K [0x00000000a0000000, 0x00000000a4e00000, 0x00000000e0000000)
  object space 79872K, 27% used [0x00000000a0000000,0x00000000a150ff78,0x00000000a4e00000)
 Metaspace       used 56475K, capacity 58230K, committed 58496K, reserved 1099776K
  class space    used 7794K, capacity 8265K, committed 8320K, reserved 1048576K
Event: 31.933 GC heap after
Heap after GC invocations=13 (full 2):
 PSYoungGen      total 191488K, used 15855K [0x00000000e0000000, 0x00000000ee900000, 0x0000000100000000)
  eden space 175616K, 0% used [0x00000000e0000000,0x00000000e0000000,0x00000000eab80000)
  from space 15872K, 99% used [0x00000000eab80000,0x00000000ebafbc20,0x00000000ebb00000)
  to   space 20480K, 0% used [0x00000000ed500000,0x00000000ed500000,0x00000000ee900000)
 ParOldGen       total 79872K, used 28912K [0x00000000a0000000, 0x00000000a4e00000, 0x00000000e0000000)
  object space 79872K, 36% used [0x00000000a0000000,0x00000000a1c3c210,0x00000000a4e00000)
 Metaspace       used 56475K, capacity 58230K, committed 58496K, reserved 1099776K
  class space    used 7794K, capacity 8265K, committed 8320K, reserved 1048576K
}
Event: 32.445 GC heap before
{Heap before GC invocations=14 (full 2):
 PSYoungGen      total 191488K, used 39112K [0x00000000e0000000, 0x00000000ee900000, 0x0000000100000000)
  eden space 175616K, 13% used [0x00000000e0000000,0x00000000e16b65b0,0x00000000eab80000)
  from space 15872K, 99% used [0x00000000eab80000,0x00000000ebafbc20,0x00000000ebb00000)
  to   space 20480K, 0% used [0x00000000ed500000,0x00000000ed500000,0x00000000ee900000)
 ParOldGen       total 79872K, used 28912K [0x00000000a0000000, 0x00000000a4e00000, 0x00000000e0000000)
  object space 79872K, 36% used [0x00000000a0000000,0x00000000a1c3c210,0x00000000a4e00000)
 Metaspace       used 57212K, capacity 59022K, committed 59096K, reserved 1099776K
  class space    used 7856K, capacity 8345K, committed 8408K, reserved 1048576K
Event: 32.475 GC heap after
Heap after GC invocations=14 (full 2):
 PSYoungGen      total 217600K, used 2336K [0x00000000e0000000, 0x00000000f1380000, 0x0000000100000000)
  eden space 197120K, 0% used [0x00000000e0000000,0x00000000e0000000,0x00000000ec080000)
  from space 20480K, 11% used [0x00000000ed500000,0x00000000ed748000,0x00000000ee900000)
  to   space 20992K, 0% used [0x00000000ec080000,0x00000000ec080000,0x00000000ed500000)
 ParOldGen       total 79872K, used 38028K [0x00000000a0000000, 0x00000000a4e00000, 0x00000000e0000000)
  object space 79872K, 47% used [0x00000000a0000000,0x00000000a2523118,0x00000000a4e00000)
 Metaspace       used 57212K, capacity 59022K, committed 59096K, reserved 1099776K
  class space    used 7856K, capacity 8345K, committed 8408K, reserved 1048576K
}
Event: 32.475 GC heap before
{Heap before GC invocations=15 (full 3):
 PSYoungGen      total 217600K, used 2336K [0x00000000e0000000, 0x00000000f1380000, 0x0000000100000000)
  eden space 197120K, 0% used [0x00000000e0000000,0x00000000e0000000,0x00000000ec080000)
  from space 20480K, 11% used [0x00000000ed500000,0x00000000ed748000,0x00000000ee900000)
  to   space 20992K, 0% used [0x00000000ec080000,0x00000000ec080000,0x00000000ed500000)
 ParOldGen       total 79872K, used 38028K [0x00000000a0000000, 0x00000000a4e00000, 0x00000000e0000000)
  object space 79872K, 47% used [0x00000000a0000000,0x00000000a2523118,0x00000000a4e00000)
 Metaspace       used 57212K, capacity 59022K, committed 59096K, reserved 1099776K
  class space    used 7856K, capacity 8345K, committed 8408K, reserved 1048576K
Event: 32.820 GC heap after
Heap after GC invocations=15 (full 3):
 PSYoungGen      total 217600K, used 0K [0x00000000e0000000, 0x00000000f1380000, 0x0000000100000000)
  eden space 197120K, 0% used [0x00000000e0000000,0x00000000e0000000,0x00000000ec080000)
  from space 20480K, 0% used [0x00000000ed500000,0x00000000ed500000,0x00000000ee900000)
  to   space 20992K, 0% used [0x00000000ec080000,0x00000000ec080000,0x00000000ed500000)
 ParOldGen       total 115712K, used 34844K [0x00000000a0000000, 0x00000000a7100000, 0x00000000e0000000)
  object space 115712K, 30% used [0x00000000a0000000,0x00000000a2207300,0x00000000a7100000)
 Metaspace       used 57212K, capacity 59022K, committed 59096K, reserved 1099776K
  class space    used 7856K, capacity 8345K, committed 8408K, reserved 1048576K
}
Event: 35.650 GC heap before
{Heap before GC invocations=16 (full 3):
 PSYoungGen      total 217600K, used 197120K [0x00000000e0000000, 0x00000000f1380000, 0x0000000100000000)
  eden space 197120K, 100% used [0x00000000e0000000,0x00000000ec080000,0x00000000ec080000)
  from space 20480K, 0% used [0x00000000ed500000,0x00000000ed500000,0x00000000ee900000)
  to   space 20992K, 0% used [0x00000000ec080000,0x00000000ec080000,0x00000000ed500000)
 ParOldGen       total 115712K, used 34844K [0x00000000a0000000, 0x00000000a7100000, 0x00000000e0000000)
  object space 115712K, 30% used [0x00000000a0000000,0x00000000a2207300,0x00000000a7100000)
 Metaspace       used 60007K, capacity 62088K, committed 62296K, reserved 1103872K
  class space    used 8223K, capacity 8700K, committed 8792K, reserved 1048576K
Event: 35.678 GC heap after
Heap after GC invocations=16 (full 3):
 PSYoungGen      total 218112K, used 17389K [0x00000000e0000000, 0x00000000f2880000, 0x0000000100000000)
  eden space 197120K, 0% used [0x00000000e0000000,0x00000000e0000000,0x00000000ec080000)
  from space 20992K, 82% used [0x00000000ec080000,0x00000000ed17b598,0x00000000ed500000)
  to   space 22528K, 0% used [0x00000000f1280000,0x00000000f1280000,0x00000000f2880000)
 ParOldGen       total 115712K, used 34852K [0x00000000a0000000, 0x00000000a7100000, 0x00000000e0000000)
  object space 115712K, 30% used [0x00000000a0000000,0x00000000a2209300,0x00000000a7100000)
 Metaspace       used 60007K, capacity 62088K, committed 62296K, reserved 1103872K
  class space    used 8223K, capacity 8700K, committed 8792K, reserved 1048576K
}
Event: 38.144 GC heap before
{Heap before GC invocations=17 (full 3):
 PSYoungGen      total 218112K, used 214509K [0x00000000e0000000, 0x00000000f2880000, 0x0000000100000000)
  eden space 197120K, 100% used [0x00000000e0000000,0x00000000ec080000,0x00000000ec080000)
  from space 20992K, 82% used [0x00000000ec080000,0x00000000ed17b598,0x00000000ed500000)
  to   space 22528K, 0% used [0x00000000f1280000,0x00000000f1280000,0x00000000f2880000)
 ParOldGen       total 115712K, used 34852K [0x00000000a0000000, 0x00000000a7100000, 0x00000000e0000000)
  object space 115712K, 30% used [0x00000000a0000000,0x00000000a2209300,0x00000000a7100000)
 Metaspace       used 68985K, capacity 71196K, committed 71384K, reserved 1110016K
  class space    used 9396K, capacity 9924K, committed 9944K, reserved 1048576K
Event: 38.199 GC heap after
Heap after GC invocations=17 (full 3):
 PSYoungGen      total 270336K, used 22507K [0x00000000e0000000, 0x00000000f3e00000, 0x0000000100000000)
  eden space 247808K, 0% used [0x00000000e0000000,0x00000000e0000000,0x00000000ef200000)
  from space 22528K, 99% used [0x00000000f1280000,0x00000000f287adb0,0x00000000f2880000)
  to   space 33280K, 0% used [0x00000000ef200000,0x00000000ef200000,0x00000000f1280000)
 ParOldGen       total 115712K, used 54148K [0x00000000a0000000, 0x00000000a7100000, 0x00000000e0000000)
  object space 115712K, 46% used [0x00000000a0000000,0x00000000a34e1290,0x00000000a7100000)
 Metaspace       used 68985K, capacity 71196K, committed 71384K, reserved 1110016K
  class space    used 9396K, capacity 9924K, committed 9944K, reserved 1048576K
}

