# JRE version: OpenJDK Runtime Environment (8.0_212-b04) (build 1.8.0_212-release-1586-b04)
# Java VM: OpenJDK 64-Bit Server VM (25.212-b04 mixed mode windows-amd64 compressed oops)
Heap:
 PSYoungGen      total 182784K, used 58671K [0x00000000e0000000, 0x00000000ecd00000, 0x0000000100000000)
  eden space 165376K, 35% used [0x00000000e0000000,0x00000000e394bc40,0x00000000ea180000)
  from space 17408K, 0% used [0x00000000eb400000,0x00000000eb400000,0x00000000ec500000)
  to   space 18944K, 0% used [0x00000000ea180000,0x00000000ea180000,0x00000000eb400000)
 ParOldGen       total 134144K, used 37920K [0x00000000a0000000, 0x00000000a8300000, 0x00000000e0000000)
  object space 134144K, 28% used [0x00000000a0000000,0x00000000a2508118,0x00000000a8300000)
 Metaspace       used 58859K, capacity 60890K, committed 61208K, reserved 1101824K
  class space    used 8164K, capacity 8647K, committed 8728K, reserved 1048576K
GC Heap History (10 events):
Event: 13.988 GC heap before
{Heap before GC invocations=11 (full 2):
 PSYoungGen      total 115712K, used 11662K [0x00000000e0000000, 0x00000000ea280000, 0x0000000100000000)
  eden space 103424K, 0% used [0x00000000e0000000,0x00000000e0000000,0x00000000e6500000)
  from space 12288K, 94% used [0x00000000e6500000,0x00000000e7063b08,0x00000000e7100000)
  to   space 13312K, 0% used [0x00000000e9580000,0x00000000e9580000,0x00000000ea280000)
 ParOldGen       total 59904K, used 10290K [0x00000000a0000000, 0x00000000a3a80000, 0x00000000e0000000)
  object space 59904K, 17% used [0x00000000a0000000,0x00000000a0a0cb08,0x00000000a3a80000)
 Metaspace       used 34717K, capacity 35474K, committed 35496K, reserved 1079296K
  class space    used 4773K, capacity 5022K, committed 5032K, reserved 1048576K
Event: 14.085 GC heap after
Heap after GC invocations=11 (full 2):
 PSYoungGen      total 115712K, used 0K [0x00000000e0000000, 0x00000000ea280000, 0x0000000100000000)
  eden space 103424K, 0% used [0x00000000e0000000,0x00000000e0000000,0x00000000e6500000)
  from space 12288K, 0% used [0x00000000e6500000,0x00000000e6500000,0x00000000e7100000)
  to   space 13312K, 0% used [0x00000000e9580000,0x00000000e9580000,0x00000000ea280000)
 ParOldGen       total 89600K, used 19267K [0x00000000a0000000, 0x00000000a5780000, 0x00000000e0000000)
  object space 89600K, 21% used [0x00000000a0000000,0x00000000a12d0c80,0x00000000a5780000)
 Metaspace       used 34717K, capacity 35474K, committed 35496K, reserved 1079296K
  class space    used 4773K, capacity 5022K, committed 5032K, reserved 1048576K
}
Event: 26.073 GC heap before
{Heap before GC invocations=12 (full 2):
 PSYoungGen      total 115712K, used 103424K [0x00000000e0000000, 0x00000000ea280000, 0x0000000100000000)
  eden space 103424K, 100% used [0x00000000e0000000,0x00000000e6500000,0x00000000e6500000)
  from space 12288K, 0% used [0x00000000e6500000,0x00000000e6500000,0x00000000e7100000)
  to   space 13312K, 0% used [0x00000000e9580000,0x00000000e9580000,0x00000000ea280000)
 ParOldGen       total 89600K, used 19267K [0x00000000a0000000, 0x00000000a5780000, 0x00000000e0000000)
  object space 89600K, 21% used [0x00000000a0000000,0x00000000a12d0c80,0x00000000a5780000)
 Metaspace       used 43982K, capacity 45176K, committed 45480K, reserved 1089536K
  class space    used 5939K, capacity 6237K, committed 6312K, reserved 1048576K
Event: 26.093 GC heap after
Heap after GC invocations=12 (full 2):
 PSYoungGen      total 145920K, used 13288K [0x00000000e0000000, 0x00000000ea280000, 0x0000000100000000)
  eden space 132608K, 0% used [0x00000000e0000000,0x00000000e0000000,0x00000000e8180000)
  from space 13312K, 99% used [0x00000000e9580000,0x00000000ea27a1f8,0x00000000ea280000)
  to   space 15872K, 0% used [0x00000000e8380000,0x00000000e8380000,0x00000000e9300000)
 ParOldGen       total 89600K, used 21573K [0x00000000a0000000, 0x00000000a5780000, 0x00000000e0000000)
  object space 89600K, 24% used [0x00000000a0000000,0x00000000a1511470,0x00000000a5780000)
 Metaspace       used 43982K, capacity 45176K, committed 45480K, reserved 1089536K
  class space    used 5939K, capacity 6237K, committed 6312K, reserved 1048576K
}
Event: 33.157 GC heap before
{Heap before GC invocations=13 (full 2):
 PSYoungGen      total 145920K, used 145896K [0x00000000e0000000, 0x00000000ea280000, 0x0000000100000000)
  eden space 132608K, 100% used [0x00000000e0000000,0x00000000e8180000,0x00000000e8180000)
  from space 13312K, 99% used [0x00000000e9580000,0x00000000ea27a1f8,0x00000000ea280000)
  to   space 15872K, 0% used [0x00000000e8380000,0x00000000e8380000,0x00000000e9300000)
 ParOldGen       total 89600K, used 21573K [0x00000000a0000000, 0x00000000a5780000, 0x00000000e0000000)
  object space 89600K, 24% used [0x00000000a0000000,0x00000000a1511470,0x00000000a5780000)
 Metaspace       used 53072K, capacity 54904K, committed 55208K, reserved 1097728K
  class space    used 7277K, capacity 7746K, committed 7848K, reserved 1048576K
Event: 33.191 GC heap after
Heap after GC invocations=13 (full 2):
 PSYoungGen      total 150528K, used 15094K [0x00000000e0000000, 0x00000000ec500000, 0x0000000100000000)
  eden space 134656K, 0% used [0x00000000e0000000,0x00000000e0000000,0x00000000e8380000)
  from space 15872K, 95% used [0x00000000e8380000,0x00000000e923d848,0x00000000e9300000)
  to   space 17408K, 0% used [0x00000000eb400000,0x00000000eb400000,0x00000000ec500000)
 ParOldGen       total 89600K, used 28620K [0x00000000a0000000, 0x00000000a5780000, 0x00000000e0000000)
  object space 89600K, 31% used [0x00000000a0000000,0x00000000a1bf3100,0x00000000a5780000)
 Metaspace       used 53072K, capacity 54904K, committed 55208K, reserved 1097728K
  class space    used 7277K, capacity 7746K, committed 7848K, reserved 1048576K
}
Event: 36.031 GC heap before
{Heap before GC invocations=14 (full 2):
 PSYoungGen      total 150528K, used 98507K [0x00000000e0000000, 0x00000000ec500000, 0x0000000100000000)
  eden space 134656K, 61% used [0x00000000e0000000,0x00000000e51754f0,0x00000000e8380000)
  from space 15872K, 95% used [0x00000000e8380000,0x00000000e923d848,0x00000000e9300000)
  to   space 17408K, 0% used [0x00000000eb400000,0x00000000eb400000,0x00000000ec500000)
 ParOldGen       total 89600K, used 28620K [0x00000000a0000000, 0x00000000a5780000, 0x00000000e0000000)
  object space 89600K, 31% used [0x00000000a0000000,0x00000000a1bf3100,0x00000000a5780000)
 Metaspace       used 57133K, capacity 59088K, committed 59160K, reserved 1099776K
  class space    used 7947K, capacity 8428K, committed 8472K, reserved 1048576K
Event: 36.069 GC heap after
Heap after GC invocations=14 (full 2):
 PSYoungGen      total 182784K, used 15160K [0x00000000e0000000, 0x00000000ecd00000, 0x0000000100000000)
  eden space 165376K, 0% used [0x00000000e0000000,0x00000000e0000000,0x00000000ea180000)
  from space 17408K, 87% used [0x00000000eb400000,0x00000000ec2ce288,0x00000000ec500000)
  to   space 18944K, 0% used [0x00000000ea180000,0x00000000ea180000,0x00000000eb400000)
 ParOldGen       total 89600K, used 28692K [0x00000000a0000000, 0x00000000a5780000, 0x00000000e0000000)
  object space 89600K, 32% used [0x00000000a0000000,0x00000000a1c05110,0x00000000a5780000)
 Metaspace       used 57133K, capacity 59088K, committed 59160K, reserved 1099776K
  class space    used 7947K, capacity 8428K, committed 8472K, reserved 1048576K
}
Event: 36.069 GC heap before
{Heap before GC invocations=15 (full 3):
 PSYoungGen      total 182784K, used 15160K [0x00000000e0000000, 0x00000000ecd00000, 0x0000000100000000)
  eden space 165376K, 0% used [0x00000000e0000000,0x00000000e0000000,0x00000000ea180000)
  from space 17408K, 87% used [0x00000000eb400000,0x00000000ec2ce288,0x00000000ec500000)
  to   space 18944K, 0% used [0x00000000ea180000,0x00000000ea180000,0x00000000eb400000)
 ParOldGen       total 89600K, used 28692K [0x00000000a0000000, 0x00000000a5780000, 0x00000000e0000000)
  object space 89600K, 32% used [0x00000000a0000000,0x00000000a1c05110,0x00000000a5780000)
 Metaspace       used 57133K, capacity 59088K, committed 59160K, reserved 1099776K
  class space    used 7947K, capacity 8428K, committed 8472K, reserved 1048576K
Event: 36.460 GC heap after
Heap after GC invocations=15 (full 3):
 PSYoungGen      total 182784K, used 0K [0x00000000e0000000, 0x00000000ecd00000, 0x0000000100000000)
  eden space 165376K, 0% used [0x00000000e0000000,0x00000000e0000000,0x00000000ea180000)
  from space 17408K, 0% used [0x00000000eb400000,0x00000000eb400000,0x00000000ec500000)
  to   space 18944K, 0% used [0x00000000ea180000,0x00000000ea180000,0x00000000eb400000)
 ParOldGen       total 134144K, used 37920K [0x00000000a0000000, 0x00000000a8300000, 0x00000000e0000000)
  object space 134144K, 28% used [0x00000000a0000000,0x00000000a2508118,0x00000000a8300000)
 Metaspace       used 57129K, capacity 59076K, committed 59160K, reserved 1099776K
  class space    used 7946K, capacity 8426K, committed 8472K, reserved 1048576K
}

