# JRE version: OpenJDK Runtime Environment (8.0_212-b04) (build 1.8.0_212-release-1586-b04)
# Java VM: OpenJDK 64-Bit Server VM (25.212-b04 mixed mode windows-amd64 compressed oops)
Heap:
 PSYoungGen      total 245760K, used 29388K [0x00000000e0000000, 0x00000000f1580000, 0x0000000100000000)
  eden space 229888K, 12% used [0x00000000e0000000,0x00000000e1cb3190,0x00000000ee080000)
  from space 15872K, 0% used [0x00000000ef000000,0x00000000ef000000,0x00000000eff80000)
  to   space 15872K, 0% used [0x00000000ee080000,0x00000000ee080000,0x00000000ef000000)
 ParOldGen       total 71680K, used 16887K [0x00000000a0000000, 0x00000000a4600000, 0x00000000e0000000)
  object space 71680K, 23% used [0x00000000a0000000,0x00000000a107dcf8,0x00000000a4600000)
 Metaspace       used 38173K, capacity 39132K, committed 39424K, reserved 1083392K
  class space    used 5226K, capacity 5526K, committed 5632K, reserved 1048576K
GC Heap History (10 events):
Event: 32.154 GC heap before
{Heap before GC invocations=6 (full 1):
 PSYoungGen      total 71680K, used 5088K [0x00000000e0000000, 0x00000000e9c00000, 0x0000000100000000)
  eden space 66560K, 0% used [0x00000000e0000000,0x00000000e0000000,0x00000000e4100000)
  from space 5120K, 99% used [0x00000000e4100000,0x00000000e45f8050,0x00000000e4600000)
  to   space 13312K, 0% used [0x00000000e8f00000,0x00000000e8f00000,0x00000000e9c00000)
 ParOldGen       total 87552K, used 11164K [0x00000000a0000000, 0x00000000a5580000, 0x00000000e0000000)
  object space 87552K, 12% used [0x00000000a0000000,0x00000000a0ae71e8,0x00000000a5580000)
 Metaspace       used 20707K, capacity 21202K, committed 21296K, reserved 1067008K
  class space    used 2981K, capacity 3161K, committed 3200K, reserved 1048576K
Event: 32.212 GC heap after
Heap after GC invocations=6 (full 1):
 PSYoungGen      total 71680K, used 0K [0x00000000e0000000, 0x00000000e9c00000, 0x0000000100000000)
  eden space 66560K, 0% used [0x00000000e0000000,0x00000000e0000000,0x00000000e4100000)
  from space 5120K, 0% used [0x00000000e4100000,0x00000000e4100000,0x00000000e4600000)
  to   space 13312K, 0% used [0x00000000e8f00000,0x00000000e8f00000,0x00000000e9c00000)
 ParOldGen       total 56832K, used 12168K [0x00000000a0000000, 0x00000000a3780000, 0x00000000e0000000)
  object space 56832K, 21% used [0x00000000a0000000,0x00000000a0be2050,0x00000000a3780000)
 Metaspace       used 20707K, capacity 21202K, committed 21296K, reserved 1067008K
  class space    used 2981K, capacity 3161K, committed 3200K, reserved 1048576K
}
Event: 35.087 GC heap before
{Heap before GC invocations=7 (full 1):
 PSYoungGen      total 71680K, used 66560K [0x00000000e0000000, 0x00000000e9c00000, 0x0000000100000000)
  eden space 66560K, 100% used [0x00000000e0000000,0x00000000e4100000,0x00000000e4100000)
  from space 5120K, 0% used [0x00000000e4100000,0x00000000e4100000,0x00000000e4600000)
  to   space 13312K, 0% used [0x00000000e8f00000,0x00000000e8f00000,0x00000000e9c00000)
 ParOldGen       total 56832K, used 12168K [0x00000000a0000000, 0x00000000a3780000, 0x00000000e0000000)
  object space 56832K, 21% used [0x00000000a0000000,0x00000000a0be2050,0x00000000a3780000)
 Metaspace       used 29107K, capacity 29564K, committed 29696K, reserved 1075200K
  class space    used 3913K, capacity 4067K, committed 4096K, reserved 1048576K
Event: 35.101 GC heap after
Heap after GC invocations=7 (full 1):
 PSYoungGen      total 132096K, used 8099K [0x00000000e0000000, 0x00000000e9700000, 0x0000000100000000)
  eden space 123904K, 0% used [0x00000000e0000000,0x00000000e0000000,0x00000000e7900000)
  from space 8192K, 98% used [0x00000000e8f00000,0x00000000e96e8ff8,0x00000000e9700000)
  to   space 12800K, 0% used [0x00000000e7e00000,0x00000000e7e00000,0x00000000e8a80000)
 ParOldGen       total 56832K, used 12176K [0x00000000a0000000, 0x00000000a3780000, 0x00000000e0000000)
  object space 56832K, 21% used [0x00000000a0000000,0x00000000a0be4050,0x00000000a3780000)
 Metaspace       used 29107K, capacity 29564K, committed 29696K, reserved 1075200K
  class space    used 3913K, capacity 4067K, committed 4096K, reserved 1048576K
}
Event: 37.841 GC heap before
{Heap before GC invocations=8 (full 1):
 PSYoungGen      total 132096K, used 132003K [0x00000000e0000000, 0x00000000e9700000, 0x0000000100000000)
  eden space 123904K, 100% used [0x00000000e0000000,0x00000000e7900000,0x00000000e7900000)
  from space 8192K, 98% used [0x00000000e8f00000,0x00000000e96e8ff8,0x00000000e9700000)
  to   space 12800K, 0% used [0x00000000e7e00000,0x00000000e7e00000,0x00000000e8a80000)
 ParOldGen       total 56832K, used 12176K [0x00000000a0000000, 0x00000000a3780000, 0x00000000e0000000)
  object space 56832K, 21% used [0x00000000a0000000,0x00000000a0be4050,0x00000000a3780000)
 Metaspace       used 34502K, capacity 35264K, committed 35456K, reserved 1079296K
  class space    used 4719K, capacity 4953K, committed 4992K, reserved 1048576K
Event: 37.869 GC heap after
Heap after GC invocations=8 (full 1):
 PSYoungGen      total 141824K, used 12777K [0x00000000e0000000, 0x00000000eff80000, 0x0000000100000000)
  eden space 129024K, 0% used [0x00000000e0000000,0x00000000e0000000,0x00000000e7e00000)
  from space 12800K, 99% used [0x00000000e7e00000,0x00000000e8a7a6d0,0x00000000e8a80000)
  to   space 15872K, 0% used [0x00000000ef000000,0x00000000ef000000,0x00000000eff80000)
 ParOldGen       total 56832K, used 13897K [0x00000000a0000000, 0x00000000a3780000, 0x00000000e0000000)
  object space 56832K, 24% used [0x00000000a0000000,0x00000000a0d924c8,0x00000000a3780000)
 Metaspace       used 34502K, capacity 35264K, committed 35456K, reserved 1079296K
  class space    used 4719K, capacity 4953K, committed 4992K, reserved 1048576K
}
Event: 38.022 GC heap before
{Heap before GC invocations=9 (full 1):
 PSYoungGen      total 141824K, used 19739K [0x00000000e0000000, 0x00000000eff80000, 0x0000000100000000)
  eden space 129024K, 5% used [0x00000000e0000000,0x00000000e06cc648,0x00000000e7e00000)
  from space 12800K, 99% used [0x00000000e7e00000,0x00000000e8a7a6d0,0x00000000e8a80000)
  to   space 15872K, 0% used [0x00000000ef000000,0x00000000ef000000,0x00000000eff80000)
 ParOldGen       total 56832K, used 13897K [0x00000000a0000000, 0x00000000a3780000, 0x00000000e0000000)
  object space 56832K, 24% used [0x00000000a0000000,0x00000000a0d924c8,0x00000000a3780000)
 Metaspace       used 34691K, capacity 35436K, committed 35456K, reserved 1079296K
  class space    used 4751K, capacity 4987K, committed 4992K, reserved 1048576K
Event: 38.043 GC heap after
Heap after GC invocations=9 (full 1):
 PSYoungGen      total 245760K, used 9872K [0x00000000e0000000, 0x00000000f1580000, 0x0000000100000000)
  eden space 229888K, 0% used [0x00000000e0000000,0x00000000e0000000,0x00000000ee080000)
  from space 15872K, 62% used [0x00000000ef000000,0x00000000ef9a4010,0x00000000eff80000)
  to   space 15872K, 0% used [0x00000000ee080000,0x00000000ee080000,0x00000000ef000000)
 ParOldGen       total 56832K, used 13905K [0x00000000a0000000, 0x00000000a3780000, 0x00000000e0000000)
  object space 56832K, 24% used [0x00000000a0000000,0x00000000a0d944c8,0x00000000a3780000)
 Metaspace       used 34691K, capacity 35436K, committed 35456K, reserved 1079296K
  class space    used 4751K, capacity 4987K, committed 4992K, reserved 1048576K
}
Event: 38.043 GC heap before
{Heap before GC invocations=10 (full 2):
 PSYoungGen      total 245760K, used 9872K [0x00000000e0000000, 0x00000000f1580000, 0x0000000100000000)
  eden space 229888K, 0% used [0x00000000e0000000,0x00000000e0000000,0x00000000ee080000)
  from space 15872K, 62% used [0x00000000ef000000,0x00000000ef9a4010,0x00000000eff80000)
  to   space 15872K, 0% used [0x00000000ee080000,0x00000000ee080000,0x00000000ef000000)
 ParOldGen       total 56832K, used 13905K [0x00000000a0000000, 0x00000000a3780000, 0x00000000e0000000)
  object space 56832K, 24% used [0x00000000a0000000,0x00000000a0d944c8,0x00000000a3780000)
 Metaspace       used 34691K, capacity 35436K, committed 35456K, reserved 1079296K
  class space    used 4751K, capacity 4987K, committed 4992K, reserved 1048576K
Event: 38.210 GC heap after
Heap after GC invocations=10 (full 2):
 PSYoungGen      total 245760K, used 0K [0x00000000e0000000, 0x00000000f1580000, 0x0000000100000000)
  eden space 229888K, 0% used [0x00000000e0000000,0x00000000e0000000,0x00000000ee080000)
  from space 15872K, 0% used [0x00000000ef000000,0x00000000ef000000,0x00000000eff80000)
  to   space 15872K, 0% used [0x00000000ee080000,0x00000000ee080000,0x00000000ef000000)
 ParOldGen       total 71680K, used 16887K [0x00000000a0000000, 0x00000000a4600000, 0x00000000e0000000)
  object space 71680K, 23% used [0x00000000a0000000,0x00000000a107dcf8,0x00000000a4600000)
 Metaspace       used 34691K, capacity 35436K, committed 35456K, reserved 1079296K
  class space    used 4751K, capacity 4987K, committed 4992K, reserved 1048576K
}

