# JRE version: OpenJDK Runtime Environment (8.0_212-b04) (build 1.8.0_212-release-1586-b04)
# Java VM: OpenJDK 64-Bit Server VM (25.212-b04 mixed mode windows-amd64 compressed oops)
Heap:
 PSYoungGen      total 225280K, used 69749K [0x00000000e0000000, 0x00000000f2300000, 0x0000000100000000)
  eden space 195072K, 20% used [0x00000000e0000000,0x00000000e26a4238,0x00000000ebe80000)
  from space 30208K, 99% used [0x00000000ee780000,0x00000000f04f9290,0x00000000f0500000)
  to   space 41984K, 0% used [0x00000000ebe80000,0x00000000ebe80000,0x00000000ee780000)
 ParOldGen       total 146944K, used 70352K [0x00000000a0000000, 0x00000000a8f80000, 0x00000000e0000000)
  object space 146944K, 47% used [0x00000000a0000000,0x00000000a44b41e0,0x00000000a8f80000)
 Metaspace       used 79385K, capacity 81834K, committed 82048K, reserved 1120256K
  class space    used 10517K, capacity 11081K, committed 11136K, reserved 1048576K
GC Heap History (10 events):
Event: 12.653 GC heap before
{Heap before GC invocations=15 (full 3):
 PSYoungGen      total 176128K, used 15998K [0x00000000e0000000, 0x00000000ec580000, 0x0000000100000000)
  eden space 159232K, 0% used [0x00000000e0000000,0x00000000e0000000,0x00000000e9b80000)
  from space 16896K, 94% used [0x00000000ead80000,0x00000000ebd1f8d8,0x00000000ebe00000)
  to   space 18432K, 0% used [0x00000000e9b80000,0x00000000e9b80000,0x00000000ead80000)
 ParOldGen       total 96256K, used 25915K [0x00000000a0000000, 0x00000000a5e00000, 0x00000000e0000000)
  object space 96256K, 26% used [0x00000000a0000000,0x00000000a194ef90,0x00000000a5e00000)
 Metaspace       used 57231K, capacity 59070K, committed 59096K, reserved 1099776K
  class space    used 7851K, capacity 8315K, committed 8320K, reserved 1048576K
Event: 13.027 GC heap after
Heap after GC invocations=15 (full 3):
 PSYoungGen      total 176128K, used 0K [0x00000000e0000000, 0x00000000ec580000, 0x0000000100000000)
  eden space 159232K, 0% used [0x00000000e0000000,0x00000000e0000000,0x00000000e9b80000)
  from space 16896K, 0% used [0x00000000ead80000,0x00000000ead80000,0x00000000ebe00000)
  to   space 18432K, 0% used [0x00000000e9b80000,0x00000000e9b80000,0x00000000ead80000)
 ParOldGen       total 146944K, used 37430K [0x00000000a0000000, 0x00000000a8f80000, 0x00000000e0000000)
  object space 146944K, 25% used [0x00000000a0000000,0x00000000a248dbd8,0x00000000a8f80000)
 Metaspace       used 57231K, capacity 59070K, committed 59096K, reserved 1099776K
  class space    used 7851K, capacity 8315K, committed 8320K, reserved 1048576K
}
Event: 15.434 GC heap before
{Heap before GC invocations=16 (full 3):
 PSYoungGen      total 176128K, used 159232K [0x00000000e0000000, 0x00000000ec580000, 0x0000000100000000)
  eden space 159232K, 100% used [0x00000000e0000000,0x00000000e9b80000,0x00000000e9b80000)
  from space 16896K, 0% used [0x00000000ead80000,0x00000000ead80000,0x00000000ebe00000)
  to   space 18432K, 0% used [0x00000000e9b80000,0x00000000e9b80000,0x00000000ead80000)
 ParOldGen       total 146944K, used 37430K [0x00000000a0000000, 0x00000000a8f80000, 0x00000000e0000000)
  object space 146944K, 25% used [0x00000000a0000000,0x00000000a248dbd8,0x00000000a8f80000)
 Metaspace       used 59869K, capacity 61940K, committed 62208K, reserved 1103872K
  class space    used 8201K, capacity 8654K, committed 8704K, reserved 1048576K
Event: 15.454 GC heap after
Heap after GC invocations=16 (full 3):
 PSYoungGen      total 177664K, used 14173K [0x00000000e0000000, 0x00000000edc00000, 0x0000000100000000)
  eden space 159232K, 0% used [0x00000000e0000000,0x00000000e0000000,0x00000000e9b80000)
  from space 18432K, 76% used [0x00000000e9b80000,0x00000000ea9575c8,0x00000000ead80000)
  to   space 19456K, 0% used [0x00000000ec900000,0x00000000ec900000,0x00000000edc00000)
 ParOldGen       total 146944K, used 37438K [0x00000000a0000000, 0x00000000a8f80000, 0x00000000e0000000)
  object space 146944K, 25% used [0x00000000a0000000,0x00000000a248fbd8,0x00000000a8f80000)
 Metaspace       used 59869K, capacity 61940K, committed 62208K, reserved 1103872K
  class space    used 8201K, capacity 8654K, committed 8704K, reserved 1048576K
}
Event: 21.028 GC heap before
{Heap before GC invocations=17 (full 3):
 PSYoungGen      total 177664K, used 173405K [0x00000000e0000000, 0x00000000edc00000, 0x0000000100000000)
  eden space 159232K, 100% used [0x00000000e0000000,0x00000000e9b80000,0x00000000e9b80000)
  from space 18432K, 76% used [0x00000000e9b80000,0x00000000ea9575c8,0x00000000ead80000)
  to   space 19456K, 0% used [0x00000000ec900000,0x00000000ec900000,0x00000000edc00000)
 ParOldGen       total 146944K, used 37438K [0x00000000a0000000, 0x00000000a8f80000, 0x00000000e0000000)
  object space 146944K, 25% used [0x00000000a0000000,0x00000000a248fbd8,0x00000000a8f80000)
 Metaspace       used 64055K, capacity 66270K, committed 66432K, reserved 1105920K
  class space    used 8731K, capacity 9253K, committed 9344K, reserved 1048576K
Event: 21.056 GC heap after
Heap after GC invocations=17 (full 3):
 PSYoungGen      total 202752K, used 19429K [0x00000000e0000000, 0x00000000edf00000, 0x0000000100000000)
  eden space 183296K, 0% used [0x00000000e0000000,0x00000000e0000000,0x00000000eb300000)
  from space 19456K, 99% used [0x00000000ec900000,0x00000000edbf96f0,0x00000000edc00000)
  to   space 22528K, 0% used [0x00000000eb300000,0x00000000eb300000,0x00000000ec900000)
 ParOldGen       total 146944K, used 38537K [0x00000000a0000000, 0x00000000a8f80000, 0x00000000e0000000)
  object space 146944K, 26% used [0x00000000a0000000,0x00000000a25a2560,0x00000000a8f80000)
 Metaspace       used 64055K, capacity 66270K, committed 66432K, reserved 1105920K
  class space    used 8731K, capacity 9253K, committed 9344K, reserved 1048576K
}
Event: 37.153 GC heap before
{Heap before GC invocations=18 (full 3):
 PSYoungGen      total 202752K, used 202725K [0x00000000e0000000, 0x00000000edf00000, 0x0000000100000000)
  eden space 183296K, 100% used [0x00000000e0000000,0x00000000eb300000,0x00000000eb300000)
  from space 19456K, 99% used [0x00000000ec900000,0x00000000edbf96f0,0x00000000edc00000)
  to   space 22528K, 0% used [0x00000000eb300000,0x00000000eb300000,0x00000000ec900000)
 ParOldGen       total 146944K, used 38537K [0x00000000a0000000, 0x00000000a8f80000, 0x00000000e0000000)
  object space 146944K, 26% used [0x00000000a0000000,0x00000000a25a2560,0x00000000a8f80000)
 Metaspace       used 69604K, capacity 71886K, committed 71936K, reserved 1112064K
  class space    used 9421K, capacity 9941K, committed 9984K, reserved 1048576K
Event: 37.194 GC heap after
Heap after GC invocations=18 (full 3):
 PSYoungGen      total 205824K, used 22520K [0x00000000e0000000, 0x00000000f0500000, 0x0000000100000000)
  eden space 183296K, 0% used [0x00000000e0000000,0x00000000e0000000,0x00000000eb300000)
  from space 22528K, 99% used [0x00000000eb300000,0x00000000ec8fe1d8,0x00000000ec900000)
  to   space 30208K, 0% used [0x00000000ee780000,0x00000000ee780000,0x00000000f0500000)
 ParOldGen       total 146944K, used 50725K [0x00000000a0000000, 0x00000000a8f80000, 0x00000000e0000000)
  object space 146944K, 34% used [0x00000000a0000000,0x00000000a31894b8,0x00000000a8f80000)
 Metaspace       used 69604K, capacity 71886K, committed 71936K, reserved 1112064K
  class space    used 9421K, capacity 9941K, committed 9984K, reserved 1048576K
}
Event: 40.287 GC heap before
{Heap before GC invocations=19 (full 3):
 PSYoungGen      total 205824K, used 205816K [0x00000000e0000000, 0x00000000f0500000, 0x0000000100000000)
  eden space 183296K, 100% used [0x00000000e0000000,0x00000000eb300000,0x00000000eb300000)
  from space 22528K, 99% used [0x00000000eb300000,0x00000000ec8fe1d8,0x00000000ec900000)
  to   space 30208K, 0% used [0x00000000ee780000,0x00000000ee780000,0x00000000f0500000)
 ParOldGen       total 146944K, used 50725K [0x00000000a0000000, 0x00000000a8f80000, 0x00000000e0000000)
  object space 146944K, 34% used [0x00000000a0000000,0x00000000a31894b8,0x00000000a8f80000)
 Metaspace       used 76369K, capacity 78786K, committed 78848K, reserved 1118208K
  class space    used 10161K, capacity 10727K, committed 10752K, reserved 1048576K
Event: 40.370 GC heap after
Heap after GC invocations=19 (full 3):
 PSYoungGen      total 225280K, used 30180K [0x00000000e0000000, 0x00000000f2300000, 0x0000000100000000)
  eden space 195072K, 0% used [0x00000000e0000000,0x00000000e0000000,0x00000000ebe80000)
  from space 30208K, 99% used [0x00000000ee780000,0x00000000f04f9290,0x00000000f0500000)
  to   space 41984K, 0% used [0x00000000ebe80000,0x00000000ebe80000,0x00000000ee780000)
 ParOldGen       total 146944K, used 70352K [0x00000000a0000000, 0x00000000a8f80000, 0x00000000e0000000)
  object space 146944K, 47% used [0x00000000a0000000,0x00000000a44b41e0,0x00000000a8f80000)
 Metaspace       used 76369K, capacity 78786K, committed 78848K, reserved 1118208K
  class space    used 10161K, capacity 10727K, committed 10752K, reserved 1048576K
}

