# JRE version: OpenJDK Runtime Environment (8.0_212-b04) (build 1.8.0_212-release-1586-b04)
# Java VM: OpenJDK 64-Bit Server VM (25.212-b04 mixed mode windows-amd64 compressed oops)
Heap:
 PSYoungGen      total 74240K, used 32035K [0x00000000e0000000, 0x00000000e6880000, 0x0000000100000000)
  eden space 64000K, 36% used [0x00000000e0000000,0x00000000e16e2890,0x00000000e3e80000)
  from space 10240K, 83% used [0x00000000e3e80000,0x00000000e46e6660,0x00000000e4880000)
  to   space 10752K, 0% used [0x00000000e5e00000,0x00000000e5e00000,0x00000000e6880000)
 ParOldGen       total 66560K, used 17036K [0x00000000a0000000, 0x00000000a4100000, 0x00000000e0000000)
  object space 66560K, 25% used [0x00000000a0000000,0x00000000a10a3358,0x00000000a4100000)
 Metaspace       used 43652K, capacity 44708K, committed 44928K, reserved 1087488K
  class space    used 5879K, capacity 6178K, committed 6272K, reserved 1048576K
GC Heap History (10 events):
Event: 23.608 GC heap before
{Heap before GC invocations=11 (full 1):
 PSYoungGen      total 40960K, used 35951K [0x00000000e0000000, 0x00000000e3e80000, 0x0000000100000000)
  eden space 30208K, 100% used [0x00000000e0000000,0x00000000e1d80000,0x00000000e1d80000)
  from space 10752K, 53% used [0x00000000e1d80000,0x00000000e231bdc8,0x00000000e2800000)
  to   space 10240K, 0% used [0x00000000e3480000,0x00000000e3480000,0x00000000e3e80000)
 ParOldGen       total 46592K, used 9800K [0x00000000a0000000, 0x00000000a2d80000, 0x00000000e0000000)
  object space 46592K, 21% used [0x00000000a0000000,0x00000000a0992010,0x00000000a2d80000)
 Metaspace       used 31800K, capacity 32308K, committed 32512K, reserved 1077248K
  class space    used 4350K, capacity 4555K, committed 4608K, reserved 1048576K
Event: 23.643 GC heap after
Heap after GC invocations=11 (full 1):
 PSYoungGen      total 53760K, used 3445K [0x00000000e0000000, 0x00000000e4080000, 0x0000000100000000)
  eden space 43520K, 0% used [0x00000000e0000000,0x00000000e0000000,0x00000000e2a80000)
  from space 10240K, 33% used [0x00000000e3480000,0x00000000e37dd708,0x00000000e3e80000)
  to   space 10240K, 0% used [0x00000000e2a80000,0x00000000e2a80000,0x00000000e3480000)
 ParOldGen       total 46592K, used 13184K [0x00000000a0000000, 0x00000000a2d80000, 0x00000000e0000000)
  object space 46592K, 28% used [0x00000000a0000000,0x00000000a0ce0030,0x00000000a2d80000)
 Metaspace       used 31800K, capacity 32308K, committed 32512K, reserved 1077248K
  class space    used 4350K, capacity 4555K, committed 4608K, reserved 1048576K
}
Event: 26.278 GC heap before
{Heap before GC invocations=12 (full 1):
 PSYoungGen      total 53760K, used 46965K [0x00000000e0000000, 0x00000000e4080000, 0x0000000100000000)
  eden space 43520K, 100% used [0x00000000e0000000,0x00000000e2a80000,0x00000000e2a80000)
  from space 10240K, 33% used [0x00000000e3480000,0x00000000e37dd708,0x00000000e3e80000)
  to   space 10240K, 0% used [0x00000000e2a80000,0x00000000e2a80000,0x00000000e3480000)
 ParOldGen       total 46592K, used 13184K [0x00000000a0000000, 0x00000000a2d80000, 0x00000000e0000000)
  object space 46592K, 28% used [0x00000000a0000000,0x00000000a0ce0030,0x00000000a2d80000)
 Metaspace       used 34013K, capacity 34694K, committed 34944K, reserved 1079296K
  class space    used 4658K, capacity 4876K, committed 4992K, reserved 1048576K
Event: 26.288 GC heap after
Heap after GC invocations=12 (full 1):
 PSYoungGen      total 53760K, used 3498K [0x00000000e0000000, 0x00000000e5300000, 0x0000000100000000)
  eden space 43520K, 0% used [0x00000000e0000000,0x00000000e0000000,0x00000000e2a80000)
  from space 10240K, 34% used [0x00000000e2a80000,0x00000000e2deab40,0x00000000e3480000)
  to   space 10240K, 0% used [0x00000000e4900000,0x00000000e4900000,0x00000000e5300000)
 ParOldGen       total 46592K, used 15017K [0x00000000a0000000, 0x00000000a2d80000, 0x00000000e0000000)
  object space 46592K, 32% used [0x00000000a0000000,0x00000000a0eaa790,0x00000000a2d80000)
 Metaspace       used 34013K, capacity 34694K, committed 34944K, reserved 1079296K
  class space    used 4658K, capacity 4876K, committed 4992K, reserved 1048576K
}
Event: 27.956 GC heap before
{Heap before GC invocations=13 (full 1):
 PSYoungGen      total 53760K, used 27321K [0x00000000e0000000, 0x00000000e5300000, 0x0000000100000000)
  eden space 43520K, 54% used [0x00000000e0000000,0x00000000e17439c0,0x00000000e2a80000)
  from space 10240K, 34% used [0x00000000e2a80000,0x00000000e2deab40,0x00000000e3480000)
  to   space 10240K, 0% used [0x00000000e4900000,0x00000000e4900000,0x00000000e5300000)
 ParOldGen       total 46592K, used 15017K [0x00000000a0000000, 0x00000000a2d80000, 0x00000000e0000000)
  object space 46592K, 32% used [0x00000000a0000000,0x00000000a0eaa790,0x00000000a2d80000)
 Metaspace       used 34679K, capacity 35416K, committed 35456K, reserved 1079296K
  class space    used 4751K, capacity 4957K, committed 4992K, reserved 1048576K
Event: 27.967 GC heap after
Heap after GC invocations=13 (full 1):
 PSYoungGen      total 73728K, used 3909K [0x00000000e0000000, 0x00000000e5280000, 0x0000000100000000)
  eden space 64000K, 0% used [0x00000000e0000000,0x00000000e0000000,0x00000000e3e80000)
  from space 9728K, 40% used [0x00000000e4900000,0x00000000e4cd14c8,0x00000000e5280000)
  to   space 10240K, 0% used [0x00000000e3e80000,0x00000000e3e80000,0x00000000e4880000)
 ParOldGen       total 46592K, used 15887K [0x00000000a0000000, 0x00000000a2d80000, 0x00000000e0000000)
  object space 46592K, 34% used [0x00000000a0000000,0x00000000a0f83fd0,0x00000000a2d80000)
 Metaspace       used 34679K, capacity 35416K, committed 35456K, reserved 1079296K
  class space    used 4751K, capacity 4957K, committed 4992K, reserved 1048576K
}
Event: 27.967 GC heap before
{Heap before GC invocations=14 (full 2):
 PSYoungGen      total 73728K, used 3909K [0x00000000e0000000, 0x00000000e5280000, 0x0000000100000000)
  eden space 64000K, 0% used [0x00000000e0000000,0x00000000e0000000,0x00000000e3e80000)
  from space 9728K, 40% used [0x00000000e4900000,0x00000000e4cd14c8,0x00000000e5280000)
  to   space 10240K, 0% used [0x00000000e3e80000,0x00000000e3e80000,0x00000000e4880000)
 ParOldGen       total 46592K, used 15887K [0x00000000a0000000, 0x00000000a2d80000, 0x00000000e0000000)
  object space 46592K, 34% used [0x00000000a0000000,0x00000000a0f83fd0,0x00000000a2d80000)
 Metaspace       used 34679K, capacity 35416K, committed 35456K, reserved 1079296K
  class space    used 4751K, capacity 4957K, committed 4992K, reserved 1048576K
Event: 28.073 GC heap after
Heap after GC invocations=14 (full 2):
 PSYoungGen      total 73728K, used 0K [0x00000000e0000000, 0x00000000e5280000, 0x0000000100000000)
  eden space 64000K, 0% used [0x00000000e0000000,0x00000000e0000000,0x00000000e3e80000)
  from space 9728K, 0% used [0x00000000e4900000,0x00000000e4900000,0x00000000e5280000)
  to   space 10240K, 0% used [0x00000000e3e80000,0x00000000e3e80000,0x00000000e4880000)
 ParOldGen       total 66560K, used 17028K [0x00000000a0000000, 0x00000000a4100000, 0x00000000e0000000)
  object space 66560K, 25% used [0x00000000a0000000,0x00000000a10a1358,0x00000000a4100000)
 Metaspace       used 34673K, capacity 35398K, committed 35456K, reserved 1079296K
  class space    used 4750K, capacity 4954K, committed 4992K, reserved 1048576K
}
Event: 36.309 GC heap before
{Heap before GC invocations=15 (full 2):
 PSYoungGen      total 73728K, used 64000K [0x00000000e0000000, 0x00000000e5280000, 0x0000000100000000)
  eden space 64000K, 100% used [0x00000000e0000000,0x00000000e3e80000,0x00000000e3e80000)
  from space 9728K, 0% used [0x00000000e4900000,0x00000000e4900000,0x00000000e5280000)
  to   space 10240K, 0% used [0x00000000e3e80000,0x00000000e3e80000,0x00000000e4880000)
 ParOldGen       total 66560K, used 17028K [0x00000000a0000000, 0x00000000a4100000, 0x00000000e0000000)
  object space 66560K, 25% used [0x00000000a0000000,0x00000000a10a1358,0x00000000a4100000)
 Metaspace       used 42379K, capacity 43486K, committed 43648K, reserved 1087488K
  class space    used 5714K, capacity 5985K, committed 6016K, reserved 1048576K
Event: 36.324 GC heap after
Heap after GC invocations=15 (full 2):
 PSYoungGen      total 74240K, used 8601K [0x00000000e0000000, 0x00000000e6880000, 0x0000000100000000)
  eden space 64000K, 0% used [0x00000000e0000000,0x00000000e0000000,0x00000000e3e80000)
  from space 10240K, 83% used [0x00000000e3e80000,0x00000000e46e6660,0x00000000e4880000)
  to   space 10752K, 0% used [0x00000000e5e00000,0x00000000e5e00000,0x00000000e6880000)
 ParOldGen       total 66560K, used 17036K [0x00000000a0000000, 0x00000000a4100000, 0x00000000e0000000)
  object space 66560K, 25% used [0x00000000a0000000,0x00000000a10a3358,0x00000000a4100000)
 Metaspace       used 42379K, capacity 43486K, committed 43648K, reserved 1087488K
  class space    used 5714K, capacity 5985K, committed 6016K, reserved 1048576K
}

