# JRE version: OpenJDK Runtime Environment (8.0_212-b04) (build 1.8.0_212-release-1586-b04)
# Java VM: OpenJDK 64-Bit Server VM (25.212-b04 mixed mode windows-amd64 compressed oops)
Heap:
 PSYoungGen      total 141824K, used 120526K [0x00000000e0000000, 0x00000000eb080000, 0x0000000100000000)
  eden space 126464K, 83% used [0x00000000e0000000,0x00000000e66bab10,0x00000000e7b80000)
  from space 15360K, 99% used [0x00000000e7b80000,0x00000000e8a78f38,0x00000000e8a80000)
  to   space 22528K, 0% used [0x00000000e9a80000,0x00000000e9a80000,0x00000000eb080000)
 ParOldGen       total 149504K, used 50517K [0x00000000a0000000, 0x00000000a9200000, 0x00000000e0000000)
  object space 149504K, 33% used [0x00000000a0000000,0x00000000a3155498,0x00000000a9200000)
 Metaspace       used 67886K, capacity 70174K, committed 70528K, reserved 1110016K
  class space    used 9275K, capacity 9795K, committed 9856K, reserved 1048576K
GC Heap History (10 events):
Event: 20.820 GC heap before
{Heap before GC invocations=16 (full 2):
 PSYoungGen      total 105984K, used 105974K [0x00000000e0000000, 0x00000000e8300000, 0x0000000100000000)
  eden space 94208K, 100% used [0x00000000e0000000,0x00000000e5c00000,0x00000000e5c00000)
  from space 11776K, 99% used [0x00000000e5c00000,0x00000000e677da10,0x00000000e6780000)
  to   space 13824K, 0% used [0x00000000e7580000,0x00000000e7580000,0x00000000e8300000)
 ParOldGen       total 96768K, used 18731K [0x00000000a0000000, 0x00000000a5e80000, 0x00000000e0000000)
  object space 96768K, 19% used [0x00000000a0000000,0x00000000a124af28,0x00000000a5e80000)
 Metaspace       used 54852K, capacity 56526K, committed 56704K, reserved 1097728K
  class space    used 7567K, capacity 7975K, committed 8064K, reserved 1048576K
Event: 20.860 GC heap after
Heap after GC invocations=16 (full 2):
 PSYoungGen      total 119808K, used 10423K [0x00000000e0000000, 0x00000000e9000000, 0x0000000100000000)
  eden space 105984K, 0% used [0x00000000e0000000,0x00000000e0000000,0x00000000e6780000)
  from space 13824K, 75% used [0x00000000e7580000,0x00000000e7fadfc0,0x00000000e8300000)
  to   space 14336K, 0% used [0x00000000e6780000,0x00000000e6780000,0x00000000e7580000)
 ParOldGen       total 96768K, used 28678K [0x00000000a0000000, 0x00000000a5e80000, 0x00000000e0000000)
  object space 96768K, 29% used [0x00000000a0000000,0x00000000a1c01b30,0x00000000a5e80000)
 Metaspace       used 54852K, capacity 56526K, committed 56704K, reserved 1097728K
  class space    used 7567K, capacity 7975K, committed 8064K, reserved 1048576K
}
Event: 23.844 GC heap before
{Heap before GC invocations=17 (full 2):
 PSYoungGen      total 119808K, used 60211K [0x00000000e0000000, 0x00000000e9000000, 0x0000000100000000)
  eden space 105984K, 46% used [0x00000000e0000000,0x00000000e309ee50,0x00000000e6780000)
  from space 13824K, 75% used [0x00000000e7580000,0x00000000e7fadfc0,0x00000000e8300000)
  to   space 14336K, 0% used [0x00000000e6780000,0x00000000e6780000,0x00000000e7580000)
 ParOldGen       total 96768K, used 28678K [0x00000000a0000000, 0x00000000a5e80000, 0x00000000e0000000)
  object space 96768K, 29% used [0x00000000a0000000,0x00000000a1c01b30,0x00000000a5e80000)
 Metaspace       used 57243K, capacity 59066K, committed 59096K, reserved 1099776K
  class space    used 7853K, capacity 8315K, committed 8320K, reserved 1048576K
Event: 23.863 GC heap after
Heap after GC invocations=17 (full 2):
 PSYoungGen      total 120320K, used 10752K [0x00000000e0000000, 0x00000000e9d80000, 0x0000000100000000)
  eden space 105984K, 0% used [0x00000000e0000000,0x00000000e0000000,0x00000000e6780000)
  from space 14336K, 75% used [0x00000000e6780000,0x00000000e72002d0,0x00000000e7580000)
  to   space 14848K, 0% used [0x00000000e8f00000,0x00000000e8f00000,0x00000000e9d80000)
 ParOldGen       total 96768K, used 28686K [0x00000000a0000000, 0x00000000a5e80000, 0x00000000e0000000)
  object space 96768K, 29% used [0x00000000a0000000,0x00000000a1c03b30,0x00000000a5e80000)
 Metaspace       used 57243K, capacity 59066K, committed 59096K, reserved 1099776K
  class space    used 7853K, capacity 8315K, committed 8320K, reserved 1048576K
}
Event: 23.863 GC heap before
{Heap before GC invocations=18 (full 3):
 PSYoungGen      total 120320K, used 10752K [0x00000000e0000000, 0x00000000e9d80000, 0x0000000100000000)
  eden space 105984K, 0% used [0x00000000e0000000,0x00000000e0000000,0x00000000e6780000)
  from space 14336K, 75% used [0x00000000e6780000,0x00000000e72002d0,0x00000000e7580000)
  to   space 14848K, 0% used [0x00000000e8f00000,0x00000000e8f00000,0x00000000e9d80000)
 ParOldGen       total 96768K, used 28686K [0x00000000a0000000, 0x00000000a5e80000, 0x00000000e0000000)
  object space 96768K, 29% used [0x00000000a0000000,0x00000000a1c03b30,0x00000000a5e80000)
 Metaspace       used 57243K, capacity 59066K, committed 59096K, reserved 1099776K
  class space    used 7853K, capacity 8315K, committed 8320K, reserved 1048576K
Event: 24.242 GC heap after
Heap after GC invocations=18 (full 3):
 PSYoungGen      total 120320K, used 0K [0x00000000e0000000, 0x00000000e9d80000, 0x0000000100000000)
  eden space 105984K, 0% used [0x00000000e0000000,0x00000000e0000000,0x00000000e6780000)
  from space 14336K, 0% used [0x00000000e6780000,0x00000000e6780000,0x00000000e7580000)
  to   space 14848K, 0% used [0x00000000e8f00000,0x00000000e8f00000,0x00000000e9d80000)
 ParOldGen       total 149504K, used 36300K [0x00000000a0000000, 0x00000000a9200000, 0x00000000e0000000)
  object space 149504K, 24% used [0x00000000a0000000,0x00000000a2373010,0x00000000a9200000)
 Metaspace       used 57243K, capacity 59066K, committed 59096K, reserved 1099776K
  class space    used 7853K, capacity 8315K, committed 8320K, reserved 1048576K
}
Event: 31.200 GC heap before
{Heap before GC invocations=19 (full 3):
 PSYoungGen      total 120320K, used 105984K [0x00000000e0000000, 0x00000000e9d80000, 0x0000000100000000)
  eden space 105984K, 100% used [0x00000000e0000000,0x00000000e6780000,0x00000000e6780000)
  from space 14336K, 0% used [0x00000000e6780000,0x00000000e6780000,0x00000000e7580000)
  to   space 14848K, 0% used [0x00000000e8f00000,0x00000000e8f00000,0x00000000e9d80000)
 ParOldGen       total 149504K, used 36300K [0x00000000a0000000, 0x00000000a9200000, 0x00000000e0000000)
  object space 149504K, 24% used [0x00000000a0000000,0x00000000a2373010,0x00000000a9200000)
 Metaspace       used 59013K, capacity 61014K, committed 61056K, reserved 1101824K
  class space    used 8096K, capacity 8575K, committed 8576K, reserved 1048576K
Event: 31.216 GC heap after
Heap after GC invocations=19 (full 3):
 PSYoungGen      total 134144K, used 10630K [0x00000000e0000000, 0x00000000e9980000, 0x0000000100000000)
  eden space 123392K, 0% used [0x00000000e0000000,0x00000000e0000000,0x00000000e7880000)
  from space 10752K, 98% used [0x00000000e8f00000,0x00000000e9961888,0x00000000e9980000)
  to   space 15360K, 0% used [0x00000000e7b80000,0x00000000e7b80000,0x00000000e8a80000)
 ParOldGen       total 149504K, used 36308K [0x00000000a0000000, 0x00000000a9200000, 0x00000000e0000000)
  object space 149504K, 24% used [0x00000000a0000000,0x00000000a2375010,0x00000000a9200000)
 Metaspace       used 59013K, capacity 61014K, committed 61056K, reserved 1101824K
  class space    used 8096K, capacity 8575K, committed 8576K, reserved 1048576K
}
Event: 38.765 GC heap before
{Heap before GC invocations=20 (full 3):
 PSYoungGen      total 134144K, used 134022K [0x00000000e0000000, 0x00000000e9980000, 0x0000000100000000)
  eden space 123392K, 100% used [0x00000000e0000000,0x00000000e7880000,0x00000000e7880000)
  from space 10752K, 98% used [0x00000000e8f00000,0x00000000e9961888,0x00000000e9980000)
  to   space 15360K, 0% used [0x00000000e7b80000,0x00000000e7b80000,0x00000000e8a80000)
 ParOldGen       total 149504K, used 36308K [0x00000000a0000000, 0x00000000a9200000, 0x00000000e0000000)
  object space 149504K, 24% used [0x00000000a0000000,0x00000000a2375010,0x00000000a9200000)
 Metaspace       used 62547K, capacity 64628K, committed 64896K, reserved 1105920K
  class space    used 8568K, capacity 9030K, committed 9088K, reserved 1048576K
Event: 38.799 GC heap after
Heap after GC invocations=20 (full 3):
 PSYoungGen      total 141824K, used 15331K [0x00000000e0000000, 0x00000000eb080000, 0x0000000100000000)
  eden space 126464K, 0% used [0x00000000e0000000,0x00000000e0000000,0x00000000e7b80000)
  from space 15360K, 99% used [0x00000000e7b80000,0x00000000e8a78f38,0x00000000e8a80000)
  to   space 22528K, 0% used [0x00000000e9a80000,0x00000000e9a80000,0x00000000eb080000)
 ParOldGen       total 149504K, used 50517K [0x00000000a0000000, 0x00000000a9200000, 0x00000000e0000000)
  object space 149504K, 33% used [0x00000000a0000000,0x00000000a3155498,0x00000000a9200000)
 Metaspace       used 62547K, capacity 64628K, committed 64896K, reserved 1105920K
  class space    used 8568K, capacity 9030K, committed 9088K, reserved 1048576K
}

