# JRE version: OpenJDK Runtime Environment (8.0_212-b04) (build 1.8.0_212-release-1586-b04)
# Java VM: OpenJDK 64-Bit Server VM (25.212-b04 mixed mode windows-amd64 compressed oops)
Heap:
 PSYoungGen      total 230400K, used 200502K [0x00000000e0000000, 0x00000000f7980000, 0x0000000100000000)
  eden space 190976K, 96% used [0x00000000e0000000,0x00000000eb365978,0x00000000eba80000)
  from space 39424K, 42% used [0x00000000f0300000,0x00000000f1368030,0x00000000f2980000)
  to   space 74240K, 0% used [0x00000000eba80000,0x00000000eba80000,0x00000000f0300000)
 ParOldGen       total 328192K, used 148210K [0x00000000a0000000, 0x00000000b4080000, 0x00000000e0000000)
  object space 328192K, 45% used [0x00000000a0000000,0x00000000a90bc910,0x00000000b4080000)
 Metaspace       used 81056K, capacity 83396K, committed 83928K, reserved 1122304K
  class space    used 10577K, capacity 11138K, committed 11224K, reserved 1048576K
GC Heap History (10 events):
Event: 23.911 GC heap before
{Heap before GC invocations=16 (full 3):
 PSYoungGen      total 181760K, used 164864K [0x00000000e0000000, 0x00000000ecd80000, 0x0000000100000000)
  eden space 164864K, 100% used [0x00000000e0000000,0x00000000ea100000,0x00000000ea100000)
  from space 16896K, 0% used [0x00000000eb300000,0x00000000eb300000,0x00000000ec380000)
  to   space 18432K, 0% used [0x00000000ea100000,0x00000000ea100000,0x00000000eb300000)
 ParOldGen       total 142848K, used 36397K [0x00000000a0000000, 0x00000000a8b80000, 0x00000000e0000000)
  object space 142848K, 25% used [0x00000000a0000000,0x00000000a238b790,0x00000000a8b80000)
 Metaspace       used 60000K, capacity 62110K, committed 62296K, reserved 1103872K
  class space    used 8226K, capacity 8711K, committed 8792K, reserved 1048576K
Event: 23.940 GC heap after
Heap after GC invocations=16 (full 3):
 PSYoungGen      total 183296K, used 15599K [0x00000000e0000000, 0x00000000ee600000, 0x0000000100000000)
  eden space 164864K, 0% used [0x00000000e0000000,0x00000000e0000000,0x00000000ea100000)
  from space 18432K, 84% used [0x00000000ea100000,0x00000000eb03bec0,0x00000000eb300000)
  to   space 19968K, 0% used [0x00000000ed280000,0x00000000ed280000,0x00000000ee600000)
 ParOldGen       total 142848K, used 36405K [0x00000000a0000000, 0x00000000a8b80000, 0x00000000e0000000)
  object space 142848K, 25% used [0x00000000a0000000,0x00000000a238d790,0x00000000a8b80000)
 Metaspace       used 60000K, capacity 62110K, committed 62296K, reserved 1103872K
  class space    used 8226K, capacity 8711K, committed 8792K, reserved 1048576K
}
Event: 26.154 GC heap before
{Heap before GC invocations=17 (full 3):
 PSYoungGen      total 183296K, used 180463K [0x00000000e0000000, 0x00000000ee600000, 0x0000000100000000)
  eden space 164864K, 100% used [0x00000000e0000000,0x00000000ea100000,0x00000000ea100000)
  from space 18432K, 84% used [0x00000000ea100000,0x00000000eb03bec0,0x00000000eb300000)
  to   space 19968K, 0% used [0x00000000ed280000,0x00000000ed280000,0x00000000ee600000)
 ParOldGen       total 142848K, used 36405K [0x00000000a0000000, 0x00000000a8b80000, 0x00000000e0000000)
  object space 142848K, 25% used [0x00000000a0000000,0x00000000a238d790,0x00000000a8b80000)
 Metaspace       used 64860K, capacity 67264K, committed 67288K, reserved 1107968K
  class space    used 8856K, capacity 9430K, committed 9432K, reserved 1048576K
Event: 26.211 GC heap after
Heap after GC invocations=17 (full 3):
 PSYoungGen      total 209408K, used 19948K [0x00000000e0000000, 0x00000000ef680000, 0x0000000100000000)
  eden space 189440K, 0% used [0x00000000e0000000,0x00000000e0000000,0x00000000eb900000)
  from space 19968K, 99% used [0x00000000ed280000,0x00000000ee5fb0b0,0x00000000ee600000)
  to   space 26112K, 0% used [0x00000000eb900000,0x00000000eb900000,0x00000000ed280000)
 ParOldGen       total 142848K, used 45512K [0x00000000a0000000, 0x00000000a8b80000, 0x00000000e0000000)
  object space 142848K, 31% used [0x00000000a0000000,0x00000000a2c72228,0x00000000a8b80000)
 Metaspace       used 64860K, capacity 67264K, committed 67288K, reserved 1107968K
  class space    used 8856K, capacity 9430K, committed 9432K, reserved 1048576K
}
Event: 36.532 GC heap before
{Heap before GC invocations=18 (full 3):
 PSYoungGen      total 209408K, used 209388K [0x00000000e0000000, 0x00000000ef680000, 0x0000000100000000)
  eden space 189440K, 100% used [0x00000000e0000000,0x00000000eb900000,0x00000000eb900000)
  from space 19968K, 99% used [0x00000000ed280000,0x00000000ee5fb0b0,0x00000000ee600000)
  to   space 26112K, 0% used [0x00000000eb900000,0x00000000eb900000,0x00000000ed280000)
 ParOldGen       total 142848K, used 45512K [0x00000000a0000000, 0x00000000a8b80000, 0x00000000e0000000)
  object space 142848K, 31% used [0x00000000a0000000,0x00000000a2c72228,0x00000000a8b80000)
 Metaspace       used 73392K, capacity 75844K, committed 75992K, reserved 1114112K
  class space    used 9790K, capacity 10366K, committed 10456K, reserved 1048576K
Event: 36.596 GC heap after
Heap after GC invocations=18 (full 3):
 PSYoungGen      total 215552K, used 26087K [0x00000000e0000000, 0x00000000f2980000, 0x0000000100000000)
  eden space 189440K, 0% used [0x00000000e0000000,0x00000000e0000000,0x00000000eb900000)
  from space 26112K, 99% used [0x00000000eb900000,0x00000000ed279e58,0x00000000ed280000)
  to   space 39424K, 0% used [0x00000000f0300000,0x00000000f0300000,0x00000000f2980000)
 ParOldGen       total 142848K, used 71388K [0x00000000a0000000, 0x00000000a8b80000, 0x00000000e0000000)
  object space 142848K, 49% used [0x00000000a0000000,0x00000000a45b7340,0x00000000a8b80000)
 Metaspace       used 73392K, capacity 75844K, committed 75992K, reserved 1114112K
  class space    used 9790K, capacity 10366K, committed 10456K, reserved 1048576K
}
Event: 40.109 GC heap before
{Heap before GC invocations=19 (full 3):
 PSYoungGen      total 215552K, used 215527K [0x00000000e0000000, 0x00000000f2980000, 0x0000000100000000)
  eden space 189440K, 100% used [0x00000000e0000000,0x00000000eb900000,0x00000000eb900000)
  from space 26112K, 99% used [0x00000000eb900000,0x00000000ed279e58,0x00000000ed280000)
  to   space 39424K, 0% used [0x00000000f0300000,0x00000000f0300000,0x00000000f2980000)
 ParOldGen       total 142848K, used 71388K [0x00000000a0000000, 0x00000000a8b80000, 0x00000000e0000000)
  object space 142848K, 49% used [0x00000000a0000000,0x00000000a45b7340,0x00000000a8b80000)
 Metaspace       used 79550K, capacity 82082K, committed 82264K, reserved 1120256K
  class space    used 10484K, capacity 11065K, committed 11096K, reserved 1048576K
Event: 40.275 GC heap after
Heap after GC invocations=19 (full 3):
 PSYoungGen      total 230400K, used 39417K [0x00000000e0000000, 0x00000000f7980000, 0x0000000100000000)
  eden space 190976K, 0% used [0x00000000e0000000,0x00000000e0000000,0x00000000eba80000)
  from space 39424K, 99% used [0x00000000f0300000,0x00000000f297e4b8,0x00000000f2980000)
  to   space 74240K, 0% used [0x00000000eba80000,0x00000000eba80000,0x00000000f0300000)
 ParOldGen       total 148480K, used 148207K [0x00000000a0000000, 0x00000000a9100000, 0x00000000e0000000)
  object space 148480K, 99% used [0x00000000a0000000,0x00000000a90bbf10,0x00000000a9100000)
 Metaspace       used 79550K, capacity 82082K, committed 82264K, reserved 1120256K
  class space    used 10484K, capacity 11065K, committed 11096K, reserved 1048576K
}
Event: 40.275 GC heap before
{Heap before GC invocations=20 (full 4):
 PSYoungGen      total 230400K, used 39417K [0x00000000e0000000, 0x00000000f7980000, 0x0000000100000000)
  eden space 190976K, 0% used [0x00000000e0000000,0x00000000e0000000,0x00000000eba80000)
  from space 39424K, 99% used [0x00000000f0300000,0x00000000f297e4b8,0x00000000f2980000)
  to   space 74240K, 0% used [0x00000000eba80000,0x00000000eba80000,0x00000000f0300000)
 ParOldGen       total 148480K, used 148207K [0x00000000a0000000, 0x00000000a9100000, 0x00000000e0000000)
  object space 148480K, 99% used [0x00000000a0000000,0x00000000a90bbf10,0x00000000a9100000)
 Metaspace       used 79550K, capacity 82082K, committed 82264K, reserved 1120256K
  class space    used 10484K, capacity 11065K, committed 11096K, reserved 1048576K
Event: 41.365 GC heap after
Heap after GC invocations=20 (full 4):
 PSYoungGen      total 230400K, used 16800K [0x00000000e0000000, 0x00000000f7980000, 0x0000000100000000)
  eden space 190976K, 0% used [0x00000000e0000000,0x00000000e0000000,0x00000000eba80000)
  from space 39424K, 42% used [0x00000000f0300000,0x00000000f1368030,0x00000000f2980000)
  to   space 74240K, 0% used [0x00000000eba80000,0x00000000eba80000,0x00000000f0300000)
 ParOldGen       total 328192K, used 148210K [0x00000000a0000000, 0x00000000b4080000, 0x00000000e0000000)
  object space 328192K, 45% used [0x00000000a0000000,0x00000000a90bc910,0x00000000b4080000)
 Metaspace       used 79451K, capacity 81796K, committed 82264K, reserved 1120256K
  class space    used 10452K, capacity 11010K, committed 11096K, reserved 1048576K
}

