# JRE version: OpenJDK Runtime Environment (8.0_212-b04) (build 1.8.0_212-release-1586-b04)
# Java VM: OpenJDK 64-Bit Server VM (25.212-b04 mixed mode windows-amd64 compressed oops)
Heap:
 PSYoungGen      total 276480K, used 230266K [0x00000000e0000000, 0x00000000f6100000, 0x0000000100000000)
  eden space 203264K, 90% used [0x00000000e0000000,0x00000000eb3d9900,0x00000000ec680000)
  from space 73216K, 62% used [0x00000000f1080000,0x00000000f3d84fc8,0x00000000f5800000)
  to   space 75776K, 0% used [0x00000000ec680000,0x00000000ec680000,0x00000000f1080000)
 ParOldGen       total 334848K, used 151745K [0x00000000a0000000, 0x00000000b4700000, 0x00000000e0000000)
  object space 334848K, 45% used [0x00000000a0000000,0x00000000a9430688,0x00000000b4700000)
 Metaspace       used 90633K, capacity 93752K, committed 93912K, reserved 1130496K
  class space    used 12050K, capacity 12728K, committed 12760K, reserved 1048576K
GC Heap History (10 events):
Event: 33.272 GC heap before
{Heap before GC invocations=18 (full 3):
 PSYoungGen      total 182784K, used 179818K [0x00000000e0000000, 0x00000000ece80000, 0x0000000100000000)
  eden space 160768K, 100% used [0x00000000e0000000,0x00000000e9d00000,0x00000000e9d00000)
  from space 22016K, 86% used [0x00000000eb480000,0x00000000ec71aa48,0x00000000eca00000)
  to   space 24064K, 0% used [0x00000000e9d00000,0x00000000e9d00000,0x00000000eb480000)
 ParOldGen       total 152064K, used 37547K [0x00000000a0000000, 0x00000000a9480000, 0x00000000e0000000)
  object space 152064K, 24% used [0x00000000a0000000,0x00000000a24aae70,0x00000000a9480000)
 Metaspace       used 66837K, capacity 69104K, committed 69336K, reserved 1110016K
  class space    used 9081K, capacity 9628K, committed 9688K, reserved 1048576K
Event: 33.310 GC heap after
Heap after GC invocations=18 (full 3):
 PSYoungGen      total 184832K, used 24044K [0x00000000e0000000, 0x00000000ef480000, 0x0000000100000000)
  eden space 160768K, 0% used [0x00000000e0000000,0x00000000e0000000,0x00000000e9d00000)
  from space 24064K, 99% used [0x00000000e9d00000,0x00000000eb47b1f8,0x00000000eb480000)
  to   space 31232K, 0% used [0x00000000ed600000,0x00000000ed600000,0x00000000ef480000)
 ParOldGen       total 152064K, used 47754K [0x00000000a0000000, 0x00000000a9480000, 0x00000000e0000000)
  object space 152064K, 31% used [0x00000000a0000000,0x00000000a2ea2a18,0x00000000a9480000)
 Metaspace       used 66837K, capacity 69104K, committed 69336K, reserved 1110016K
  class space    used 9081K, capacity 9628K, committed 9688K, reserved 1048576K
}
Event: 35.138 GC heap before
{Heap before GC invocations=19 (full 3):
 PSYoungGen      total 184832K, used 184812K [0x00000000e0000000, 0x00000000ef480000, 0x0000000100000000)
  eden space 160768K, 100% used [0x00000000e0000000,0x00000000e9d00000,0x00000000e9d00000)
  from space 24064K, 99% used [0x00000000e9d00000,0x00000000eb47b1f8,0x00000000eb480000)
  to   space 31232K, 0% used [0x00000000ed600000,0x00000000ed600000,0x00000000ef480000)
 ParOldGen       total 152064K, used 47754K [0x00000000a0000000, 0x00000000a9480000, 0x00000000e0000000)
  object space 152064K, 31% used [0x00000000a0000000,0x00000000a2ea2a18,0x00000000a9480000)
 Metaspace       used 73538K, capacity 75936K, committed 75992K, reserved 1114112K
  class space    used 9857K, capacity 10452K, committed 10456K, reserved 1048576K
Event: 35.194 GC heap after
Heap after GC invocations=19 (full 3):
 PSYoungGen      total 207360K, used 31212K [0x00000000e0000000, 0x00000000f1000000, 0x0000000100000000)
  eden space 176128K, 0% used [0x00000000e0000000,0x00000000e0000000,0x00000000eac00000)
  from space 31232K, 99% used [0x00000000ed600000,0x00000000ef47b2b0,0x00000000ef480000)
  to   space 43008K, 0% used [0x00000000eac00000,0x00000000eac00000,0x00000000ed600000)
 ParOldGen       total 152064K, used 67492K [0x00000000a0000000, 0x00000000a9480000, 0x00000000e0000000)
  object space 152064K, 44% used [0x00000000a0000000,0x00000000a41e91d8,0x00000000a9480000)
 Metaspace       used 73538K, capacity 75936K, committed 75992K, reserved 1114112K
  class space    used 9857K, capacity 10452K, committed 10456K, reserved 1048576K
}
Event: 37.477 GC heap before
{Heap before GC invocations=20 (full 3):
 PSYoungGen      total 207360K, used 207340K [0x00000000e0000000, 0x00000000f1000000, 0x0000000100000000)
  eden space 176128K, 100% used [0x00000000e0000000,0x00000000eac00000,0x00000000eac00000)
  from space 31232K, 99% used [0x00000000ed600000,0x00000000ef47b2b0,0x00000000ef480000)
  to   space 43008K, 0% used [0x00000000eac00000,0x00000000eac00000,0x00000000ed600000)
 ParOldGen       total 152064K, used 67492K [0x00000000a0000000, 0x00000000a9480000, 0x00000000e0000000)
  object space 152064K, 44% used [0x00000000a0000000,0x00000000a41e91d8,0x00000000a9480000)
 Metaspace       used 80892K, capacity 83358K, committed 83800K, reserved 1122304K
  class space    used 10668K, capacity 11247K, committed 11352K, reserved 1048576K
Event: 37.595 GC heap after
Heap after GC invocations=20 (full 3):
 PSYoungGen      total 219136K, used 42979K [0x00000000e0000000, 0x00000000f5800000, 0x0000000100000000)
  eden space 176128K, 0% used [0x00000000e0000000,0x00000000e0000000,0x00000000eac00000)
  from space 43008K, 99% used [0x00000000eac00000,0x00000000ed5f8d18,0x00000000ed600000)
  to   space 73216K, 0% used [0x00000000f1080000,0x00000000f1080000,0x00000000f5800000)
 ParOldGen       total 152064K, used 129871K [0x00000000a0000000, 0x00000000a9480000, 0x00000000e0000000)
  object space 152064K, 85% used [0x00000000a0000000,0x00000000a7ed3e70,0x00000000a9480000)
 Metaspace       used 80892K, capacity 83358K, committed 83800K, reserved 1122304K
  class space    used 10668K, capacity 11247K, committed 11352K, reserved 1048576K
}
Event: 37.595 GC heap before
{Heap before GC invocations=21 (full 4):
 PSYoungGen      total 219136K, used 42979K [0x00000000e0000000, 0x00000000f5800000, 0x0000000100000000)
  eden space 176128K, 0% used [0x00000000e0000000,0x00000000e0000000,0x00000000eac00000)
  from space 43008K, 99% used [0x00000000eac00000,0x00000000ed5f8d18,0x00000000ed600000)
  to   space 73216K, 0% used [0x00000000f1080000,0x00000000f1080000,0x00000000f5800000)
 ParOldGen       total 152064K, used 129871K [0x00000000a0000000, 0x00000000a9480000, 0x00000000e0000000)
  object space 152064K, 85% used [0x00000000a0000000,0x00000000a7ed3e70,0x00000000a9480000)
 Metaspace       used 80892K, capacity 83358K, committed 83800K, reserved 1122304K
  class space    used 10668K, capacity 11247K, committed 11352K, reserved 1048576K
Event: 38.429 GC heap after
Heap after GC invocations=21 (full 4):
 PSYoungGen      total 219136K, used 6048K [0x00000000e0000000, 0x00000000f5800000, 0x0000000100000000)
  eden space 176128K, 0% used [0x00000000e0000000,0x00000000e0000000,0x00000000eac00000)
  from space 43008K, 14% used [0x00000000eac00000,0x00000000eb1e8030,0x00000000ed600000)
  to   space 73216K, 0% used [0x00000000f1080000,0x00000000f1080000,0x00000000f5800000)
 ParOldGen       total 334848K, used 151705K [0x00000000a0000000, 0x00000000b4700000, 0x00000000e0000000)
  object space 334848K, 45% used [0x00000000a0000000,0x00000000a9426648,0x00000000b4700000)
 Metaspace       used 80862K, capacity 83276K, committed 83800K, reserved 1122304K
  class space    used 10657K, capacity 11228K, committed 11352K, reserved 1048576K
}
Event: 38.987 GC heap before
{Heap before GC invocations=22 (full 4):
 PSYoungGen      total 219136K, used 182176K [0x00000000e0000000, 0x00000000f5800000, 0x0000000100000000)
  eden space 176128K, 100% used [0x00000000e0000000,0x00000000eac00000,0x00000000eac00000)
  from space 43008K, 14% used [0x00000000eac00000,0x00000000eb1e8030,0x00000000ed600000)
  to   space 73216K, 0% used [0x00000000f1080000,0x00000000f1080000,0x00000000f5800000)
 ParOldGen       total 334848K, used 151705K [0x00000000a0000000, 0x00000000b4700000, 0x00000000e0000000)
  object space 334848K, 45% used [0x00000000a0000000,0x00000000a9426648,0x00000000b4700000)
 Metaspace       used 80946K, capacity 83340K, committed 83800K, reserved 1122304K
  class space    used 10658K, capacity 11228K, committed 11352K, reserved 1048576K
Event: 39.067 GC heap after
Heap after GC invocations=22 (full 4):
 PSYoungGen      total 276480K, used 46099K [0x00000000e0000000, 0x00000000f6100000, 0x0000000100000000)
  eden space 203264K, 0% used [0x00000000e0000000,0x00000000e0000000,0x00000000ec680000)
  from space 73216K, 62% used [0x00000000f1080000,0x00000000f3d84fc8,0x00000000f5800000)
  to   space 75776K, 0% used [0x00000000ec680000,0x00000000ec680000,0x00000000f1080000)
 ParOldGen       total 334848K, used 151745K [0x00000000a0000000, 0x00000000b4700000, 0x00000000e0000000)
  object space 334848K, 45% used [0x00000000a0000000,0x00000000a9430688,0x00000000b4700000)
 Metaspace       used 80946K, capacity 83340K, committed 83800K, reserved 1122304K
  class space    used 10658K, capacity 11228K, committed 11352K, reserved 1048576K
}

