# JRE version: OpenJDK Runtime Environment (8.0_212-b04) (build 1.8.0_212-release-1586-b04)
# Java VM: OpenJDK 64-Bit Server VM (25.212-b04 mixed mode windows-amd64 compressed oops)
Heap:
 PSYoungGen      total 296448K, used 60952K [0x00000000e0000000, 0x00000000f6080000, 0x0000000100000000)
  eden space 238080K, 12% used [0x00000000e0000000,0x00000000e1bfcec0,0x00000000ee880000)
  from space 58368K, 55% used [0x00000000f2780000,0x00000000f47093f8,0x00000000f6080000)
  to   space 61440K, 0% used [0x00000000ee880000,0x00000000ee880000,0x00000000f2480000)
 ParOldGen       total 306688K, used 149201K [0x00000000a0000000, 0x00000000b2b80000, 0x00000000e0000000)
  object space 306688K, 48% used [0x00000000a0000000,0x00000000a91b46f0,0x00000000b2b80000)
 Metaspace       used 91006K, capacity 94296K, committed 94376K, reserved 1130496K
  class space    used 11947K, capacity 12660K, committed 12712K, reserved 1048576K
GC Heap History (10 events):
Event: 32.449 GC heap before
{Heap before GC invocations=18 (full 3):
 PSYoungGen      total 216064K, used 216035K [0x00000000e0000000, 0x00000000ef480000, 0x0000000100000000)
  eden space 196096K, 100% used [0x00000000e0000000,0x00000000ebf80000,0x00000000ebf80000)
  from space 19968K, 99% used [0x00000000ed900000,0x00000000eec78e00,0x00000000eec80000)
  to   space 26112K, 0% used [0x00000000ebf80000,0x00000000ebf80000,0x00000000ed900000)
 ParOldGen       total 138752K, used 47008K [0x00000000a0000000, 0x00000000a8780000, 0x00000000e0000000)
  object space 138752K, 33% used [0x00000000a0000000,0x00000000a2de8270,0x00000000a8780000)
 Metaspace       used 71551K, capacity 73818K, committed 74024K, reserved 1114112K
  class space    used 9617K, capacity 10155K, committed 10280K, reserved 1048576K
Event: 32.533 GC heap after
Heap after GC invocations=18 (full 3):
 PSYoungGen      total 222208K, used 26091K [0x00000000e0000000, 0x00000000f3080000, 0x0000000100000000)
  eden space 196096K, 0% used [0x00000000e0000000,0x00000000e0000000,0x00000000ebf80000)
  from space 26112K, 99% used [0x00000000ebf80000,0x00000000ed8faf50,0x00000000ed900000)
  to   space 38400K, 0% used [0x00000000f0b00000,0x00000000f0b00000,0x00000000f3080000)
 ParOldGen       total 138752K, used 69439K [0x00000000a0000000, 0x00000000a8780000, 0x00000000e0000000)
  object space 138752K, 50% used [0x00000000a0000000,0x00000000a43cffd8,0x00000000a8780000)
 Metaspace       used 71551K, capacity 73818K, committed 74024K, reserved 1114112K
  class space    used 9617K, capacity 10155K, committed 10280K, reserved 1048576K
}
Event: 38.137 GC heap before
{Heap before GC invocations=19 (full 3):
 PSYoungGen      total 222208K, used 222187K [0x00000000e0000000, 0x00000000f3080000, 0x0000000100000000)
  eden space 196096K, 100% used [0x00000000e0000000,0x00000000ebf80000,0x00000000ebf80000)
  from space 26112K, 99% used [0x00000000ebf80000,0x00000000ed8faf50,0x00000000ed900000)
  to   space 38400K, 0% used [0x00000000f0b00000,0x00000000f0b00000,0x00000000f3080000)
 ParOldGen       total 138752K, used 69439K [0x00000000a0000000, 0x00000000a8780000, 0x00000000e0000000)
  object space 138752K, 50% used [0x00000000a0000000,0x00000000a43cffd8,0x00000000a8780000)
 Metaspace       used 79937K, capacity 82436K, committed 82856K, reserved 1120256K
  class space    used 10544K, capacity 11116K, committed 11176K, reserved 1048576K
Event: 38.262 GC heap after
Heap after GC invocations=19 (full 3):
 PSYoungGen      total 247808K, used 38394K [0x00000000e0000000, 0x00000000f6600000, 0x0000000100000000)
  eden space 209408K, 0% used [0x00000000e0000000,0x00000000e0000000,0x00000000ecc80000)
  from space 38400K, 99% used [0x00000000f0b00000,0x00000000f307eb58,0x00000000f3080000)
  to   space 64000K, 0% used [0x00000000ecc80000,0x00000000ecc80000,0x00000000f0b00000)
 ParOldGen       total 138752K, used 122640K [0x00000000a0000000, 0x00000000a8780000, 0x00000000e0000000)
  object space 138752K, 88% used [0x00000000a0000000,0x00000000a77c4090,0x00000000a8780000)
 Metaspace       used 79937K, capacity 82436K, committed 82856K, reserved 1120256K
  class space    used 10544K, capacity 11116K, committed 11176K, reserved 1048576K
}
Event: 38.262 GC heap before
{Heap before GC invocations=20 (full 4):
 PSYoungGen      total 247808K, used 38394K [0x00000000e0000000, 0x00000000f6600000, 0x0000000100000000)
  eden space 209408K, 0% used [0x00000000e0000000,0x00000000e0000000,0x00000000ecc80000)
  from space 38400K, 99% used [0x00000000f0b00000,0x00000000f307eb58,0x00000000f3080000)
  to   space 64000K, 0% used [0x00000000ecc80000,0x00000000ecc80000,0x00000000f0b00000)
 ParOldGen       total 138752K, used 122640K [0x00000000a0000000, 0x00000000a8780000, 0x00000000e0000000)
  object space 138752K, 88% used [0x00000000a0000000,0x00000000a77c4090,0x00000000a8780000)
 Metaspace       used 79937K, capacity 82436K, committed 82856K, reserved 1120256K
  class space    used 10544K, capacity 11116K, committed 11176K, reserved 1048576K
Event: 39.264 GC heap after
Heap after GC invocations=20 (full 4):
 PSYoungGen      total 247808K, used 11076K [0x00000000e0000000, 0x00000000f6600000, 0x0000000100000000)
  eden space 209408K, 0% used [0x00000000e0000000,0x00000000e0000000,0x00000000ecc80000)
  from space 38400K, 28% used [0x00000000f0b00000,0x00000000f15d1348,0x00000000f3080000)
  to   space 64000K, 0% used [0x00000000ecc80000,0x00000000ecc80000,0x00000000f0b00000)
 ParOldGen       total 306688K, used 138317K [0x00000000a0000000, 0x00000000b2b80000, 0x00000000e0000000)
  object space 306688K, 45% used [0x00000000a0000000,0x00000000a87136e0,0x00000000b2b80000)
 Metaspace       used 79883K, capacity 82282K, committed 82856K, reserved 1120256K
  class space    used 10527K, capacity 11085K, committed 11176K, reserved 1048576K
}
Event: 40.304 GC heap before
{Heap before GC invocations=21 (full 4):
 PSYoungGen      total 247808K, used 220484K [0x00000000e0000000, 0x00000000f6600000, 0x0000000100000000)
  eden space 209408K, 100% used [0x00000000e0000000,0x00000000ecc80000,0x00000000ecc80000)
  from space 38400K, 28% used [0x00000000f0b00000,0x00000000f15d1348,0x00000000f3080000)
  to   space 64000K, 0% used [0x00000000ecc80000,0x00000000ecc80000,0x00000000f0b00000)
 ParOldGen       total 306688K, used 138317K [0x00000000a0000000, 0x00000000b2b80000, 0x00000000e0000000)
  object space 306688K, 45% used [0x00000000a0000000,0x00000000a87136e0,0x00000000b2b80000)
 Metaspace       used 80033K, capacity 82410K, committed 82856K, reserved 1120256K
  class space    used 10527K, capacity 11085K, committed 11176K, reserved 1048576K
Event: 40.364 GC heap after
Heap after GC invocations=21 (full 4):
 PSYoungGen      total 273408K, used 13737K [0x00000000e0000000, 0x00000000f6400000, 0x0000000100000000)
  eden space 209408K, 0% used [0x00000000e0000000,0x00000000e0000000,0x00000000ecc80000)
  from space 64000K, 21% used [0x00000000ecc80000,0x00000000ed9ea458,0x00000000f0b00000)
  to   space 61952K, 0% used [0x00000000f2780000,0x00000000f2780000,0x00000000f6400000)
 ParOldGen       total 306688K, used 149193K [0x00000000a0000000, 0x00000000b2b80000, 0x00000000e0000000)
  object space 306688K, 48% used [0x00000000a0000000,0x00000000a91b26f0,0x00000000b2b80000)
 Metaspace       used 80033K, capacity 82410K, committed 82856K, reserved 1120256K
  class space    used 10527K, capacity 11085K, committed 11176K, reserved 1048576K
}
Event: 45.081 GC heap before
{Heap before GC invocations=22 (full 4):
 PSYoungGen      total 273408K, used 223145K [0x00000000e0000000, 0x00000000f6400000, 0x0000000100000000)
  eden space 209408K, 100% used [0x00000000e0000000,0x00000000ecc80000,0x00000000ecc80000)
  from space 64000K, 21% used [0x00000000ecc80000,0x00000000ed9ea458,0x00000000f0b00000)
  to   space 61952K, 0% used [0x00000000f2780000,0x00000000f2780000,0x00000000f6400000)
 ParOldGen       total 306688K, used 149193K [0x00000000a0000000, 0x00000000b2b80000, 0x00000000e0000000)
  object space 306688K, 48% used [0x00000000a0000000,0x00000000a91b26f0,0x00000000b2b80000)
 Metaspace       used 90543K, capacity 93778K, committed 94120K, reserved 1130496K
  class space    used 11906K, capacity 12611K, committed 12712K, reserved 1048576K
Event: 45.127 GC heap after
Heap after GC invocations=22 (full 4):
 PSYoungGen      total 296448K, used 32292K [0x00000000e0000000, 0x00000000f6080000, 0x0000000100000000)
  eden space 238080K, 0% used [0x00000000e0000000,0x00000000e0000000,0x00000000ee880000)
  from space 58368K, 55% used [0x00000000f2780000,0x00000000f47093f8,0x00000000f6080000)
  to   space 61440K, 0% used [0x00000000ee880000,0x00000000ee880000,0x00000000f2480000)
 ParOldGen       total 306688K, used 149201K [0x00000000a0000000, 0x00000000b2b80000, 0x00000000e0000000)
  object space 306688K, 48% used [0x00000000a0000000,0x00000000a91b46f0,0x00000000b2b80000)
 Metaspace       used 90543K, capacity 93778K, committed 94120K, reserved 1130496K
  class space    used 11906K, capacity 12611K, committed 12712K, reserved 1048576K
}

