# JRE version: OpenJDK Runtime Environment (8.0_212-b04) (build 1.8.0_212-release-1586-b04)
# Java VM: OpenJDK 64-Bit Server VM (25.212-b04 mixed mode windows-amd64 compressed oops)
Heap:
 PSYoungGen      total 215040K, used 26716K [0x00000000e0000000, 0x00000000eee00000, 0x0000000100000000)
  eden space 195072K, 3% used [0x00000000e0000000,0x00000000e069eb88,0x00000000ebe80000)
  from space 19968K, 99% used [0x00000000ed600000,0x00000000ee9784b0,0x00000000ee980000)
  to   space 24064K, 0% used [0x00000000ebe80000,0x00000000ebe80000,0x00000000ed600000)
 ParOldGen       total 138752K, used 40598K [0x00000000a0000000, 0x00000000a8780000, 0x00000000e0000000)
  object space 138752K, 29% used [0x00000000a0000000,0x00000000a27a5b78,0x00000000a8780000)
 Metaspace       used 66643K, capacity 69022K, committed 69208K, reserved 1107968K
  class space    used 9126K, capacity 9691K, committed 9816K, reserved 1048576K
GC Heap History (10 events):
Event: 16.211 GC heap before
{Heap before GC invocations=13 (full 2):
 PSYoungGen      total 146432K, used 146415K [0x00000000e0000000, 0x00000000ea400000, 0x0000000100000000)
  eden space 133120K, 100% used [0x00000000e0000000,0x00000000e8200000,0x00000000e8200000)
  from space 13312K, 99% used [0x00000000e9700000,0x00000000ea3fbc40,0x00000000ea400000)
  to   space 15872K, 0% used [0x00000000e8500000,0x00000000e8500000,0x00000000e9480000)
 ParOldGen       total 92160K, used 20876K [0x00000000a0000000, 0x00000000a5a00000, 0x00000000e0000000)
  object space 92160K, 22% used [0x00000000a0000000,0x00000000a14630a0,0x00000000a5a00000)
 Metaspace       used 53754K, capacity 55442K, committed 55552K, reserved 1097728K
  class space    used 7371K, capacity 7835K, committed 7936K, reserved 1048576K
Event: 16.243 GC heap after
Heap after GC invocations=13 (full 2):
 PSYoungGen      total 152064K, used 14529K [0x00000000e0000000, 0x00000000ec800000, 0x0000000100000000)
  eden space 136192K, 0% used [0x00000000e0000000,0x00000000e0000000,0x00000000e8500000)
  from space 15872K, 91% used [0x00000000e8500000,0x00000000e9330598,0x00000000e9480000)
  to   space 17408K, 0% used [0x00000000eb700000,0x00000000eb700000,0x00000000ec800000)
 ParOldGen       total 92160K, used 26885K [0x00000000a0000000, 0x00000000a5a00000, 0x00000000e0000000)
  object space 92160K, 29% used [0x00000000a0000000,0x00000000a1a41680,0x00000000a5a00000)
 Metaspace       used 53754K, capacity 55442K, committed 55552K, reserved 1097728K
  class space    used 7371K, capacity 7835K, committed 7936K, reserved 1048576K
}
Event: 20.426 GC heap before
{Heap before GC invocations=14 (full 2):
 PSYoungGen      total 152064K, used 76057K [0x00000000e0000000, 0x00000000ec800000, 0x0000000100000000)
  eden space 136192K, 45% used [0x00000000e0000000,0x00000000e3c16078,0x00000000e8500000)
  from space 15872K, 91% used [0x00000000e8500000,0x00000000e9330598,0x00000000e9480000)
  to   space 17408K, 0% used [0x00000000eb700000,0x00000000eb700000,0x00000000ec800000)
 ParOldGen       total 92160K, used 26885K [0x00000000a0000000, 0x00000000a5a00000, 0x00000000e0000000)
  object space 92160K, 29% used [0x00000000a0000000,0x00000000a1a41680,0x00000000a5a00000)
 Metaspace       used 57183K, capacity 59014K, committed 59096K, reserved 1099776K
  class space    used 7850K, capacity 8343K, committed 8408K, reserved 1048576K
Event: 20.456 GC heap after
Heap after GC invocations=14 (full 2):
 PSYoungGen      total 186368K, used 14375K [0x00000000e0000000, 0x00000000ecb80000, 0x0000000100000000)
  eden space 168960K, 0% used [0x00000000e0000000,0x00000000e0000000,0x00000000ea500000)
  from space 17408K, 82% used [0x00000000eb700000,0x00000000ec509e28,0x00000000ec800000)
  to   space 18432K, 0% used [0x00000000ea500000,0x00000000ea500000,0x00000000eb700000)
 ParOldGen       total 92160K, used 26893K [0x00000000a0000000, 0x00000000a5a00000, 0x00000000e0000000)
  object space 92160K, 29% used [0x00000000a0000000,0x00000000a1a43680,0x00000000a5a00000)
 Metaspace       used 57183K, capacity 59014K, committed 59096K, reserved 1099776K
  class space    used 7850K, capacity 8343K, committed 8408K, reserved 1048576K
}
Event: 20.456 GC heap before
{Heap before GC invocations=15 (full 3):
 PSYoungGen      total 186368K, used 14375K [0x00000000e0000000, 0x00000000ecb80000, 0x0000000100000000)
  eden space 168960K, 0% used [0x00000000e0000000,0x00000000e0000000,0x00000000ea500000)
  from space 17408K, 82% used [0x00000000eb700000,0x00000000ec509e28,0x00000000ec800000)
  to   space 18432K, 0% used [0x00000000ea500000,0x00000000ea500000,0x00000000eb700000)
 ParOldGen       total 92160K, used 26893K [0x00000000a0000000, 0x00000000a5a00000, 0x00000000e0000000)
  object space 92160K, 29% used [0x00000000a0000000,0x00000000a1a43680,0x00000000a5a00000)
 Metaspace       used 57183K, capacity 59014K, committed 59096K, reserved 1099776K
  class space    used 7850K, capacity 8343K, committed 8408K, reserved 1048576K
Event: 20.829 GC heap after
Heap after GC invocations=15 (full 3):
 PSYoungGen      total 186368K, used 0K [0x00000000e0000000, 0x00000000ecb80000, 0x0000000100000000)
  eden space 168960K, 0% used [0x00000000e0000000,0x00000000e0000000,0x00000000ea500000)
  from space 17408K, 0% used [0x00000000eb700000,0x00000000eb700000,0x00000000ec800000)
  to   space 18432K, 0% used [0x00000000ea500000,0x00000000ea500000,0x00000000eb700000)
 ParOldGen       total 138752K, used 36279K [0x00000000a0000000, 0x00000000a8780000, 0x00000000e0000000)
  object space 138752K, 26% used [0x00000000a0000000,0x00000000a236dd58,0x00000000a8780000)
 Metaspace       used 57183K, capacity 59014K, committed 59096K, reserved 1099776K
  class space    used 7850K, capacity 8343K, committed 8408K, reserved 1048576K
}
Event: 36.155 GC heap before
{Heap before GC invocations=16 (full 3):
 PSYoungGen      total 186368K, used 168960K [0x00000000e0000000, 0x00000000ecb80000, 0x0000000100000000)
  eden space 168960K, 100% used [0x00000000e0000000,0x00000000ea500000,0x00000000ea500000)
  from space 17408K, 0% used [0x00000000eb700000,0x00000000eb700000,0x00000000ec800000)
  to   space 18432K, 0% used [0x00000000ea500000,0x00000000ea500000,0x00000000eb700000)
 ParOldGen       total 138752K, used 36279K [0x00000000a0000000, 0x00000000a8780000, 0x00000000e0000000)
  object space 138752K, 26% used [0x00000000a0000000,0x00000000a236dd58,0x00000000a8780000)
 Metaspace       used 59997K, capacity 62078K, committed 62296K, reserved 1103872K
  class space    used 8222K, capacity 8707K, committed 8792K, reserved 1048576K
Event: 36.191 GC heap after
Heap after GC invocations=16 (full 3):
 PSYoungGen      total 187392K, used 15458K [0x00000000e0000000, 0x00000000ee980000, 0x0000000100000000)
  eden space 168960K, 0% used [0x00000000e0000000,0x00000000e0000000,0x00000000ea500000)
  from space 18432K, 83% used [0x00000000ea500000,0x00000000eb418908,0x00000000eb700000)
  to   space 19968K, 0% used [0x00000000ed600000,0x00000000ed600000,0x00000000ee980000)
 ParOldGen       total 138752K, used 36287K [0x00000000a0000000, 0x00000000a8780000, 0x00000000e0000000)
  object space 138752K, 26% used [0x00000000a0000000,0x00000000a236fd58,0x00000000a8780000)
 Metaspace       used 59997K, capacity 62078K, committed 62296K, reserved 1103872K
  class space    used 8222K, capacity 8707K, committed 8792K, reserved 1048576K
}
Event: 47.656 GC heap before
{Heap before GC invocations=17 (full 3):
 PSYoungGen      total 187392K, used 184418K [0x00000000e0000000, 0x00000000ee980000, 0x0000000100000000)
  eden space 168960K, 100% used [0x00000000e0000000,0x00000000ea500000,0x00000000ea500000)
  from space 18432K, 83% used [0x00000000ea500000,0x00000000eb418908,0x00000000eb700000)
  to   space 19968K, 0% used [0x00000000ed600000,0x00000000ed600000,0x00000000ee980000)
 ParOldGen       total 138752K, used 36287K [0x00000000a0000000, 0x00000000a8780000, 0x00000000e0000000)
  object space 138752K, 26% used [0x00000000a0000000,0x00000000a236fd58,0x00000000a8780000)
 Metaspace       used 66275K, capacity 68638K, committed 68824K, reserved 1107968K
  class space    used 9064K, capacity 9627K, committed 9688K, reserved 1048576K
Event: 47.695 GC heap after
Heap after GC invocations=17 (full 3):
 PSYoungGen      total 215040K, used 19937K [0x00000000e0000000, 0x00000000eee00000, 0x0000000100000000)
  eden space 195072K, 0% used [0x00000000e0000000,0x00000000e0000000,0x00000000ebe80000)
  from space 19968K, 99% used [0x00000000ed600000,0x00000000ee9784b0,0x00000000ee980000)
  to   space 24064K, 0% used [0x00000000ebe80000,0x00000000ebe80000,0x00000000ed600000)
 ParOldGen       total 138752K, used 40598K [0x00000000a0000000, 0x00000000a8780000, 0x00000000e0000000)
  object space 138752K, 29% used [0x00000000a0000000,0x00000000a27a5b78,0x00000000a8780000)
 Metaspace       used 66275K, capacity 68638K, committed 68824K, reserved 1107968K
  class space    used 9064K, capacity 9627K, committed 9688K, reserved 1048576K
}

