# JRE version: OpenJDK Runtime Environment (8.0_212-b04) (build 1.8.0_212-release-1586-b04)
# Java VM: OpenJDK 64-Bit Server VM (25.212-b04 mixed mode windows-amd64 compressed oops)
Heap:
 PSYoungGen      total 128000K, used 83669K [0x00000000e0000000, 0x00000000e9200000, 0x0000000100000000)
  eden space 114688K, 61% used [0x00000000e0000000,0x00000000e454a320,0x00000000e7000000)
  from space 13312K, 95% used [0x00000000e7e80000,0x00000000e8aeb2b8,0x00000000e8b80000)
  to   space 14848K, 0% used [0x00000000e7000000,0x00000000e7000000,0x00000000e7e80000)
 ParOldGen       total 96768K, used 19015K [0x00000000a0000000, 0x00000000a5e80000, 0x00000000e0000000)
  object space 96768K, 19% used [0x00000000a0000000,0x00000000a1291e88,0x00000000a5e80000)
 Metaspace       used 49207K, capacity 50658K, committed 50816K, reserved 1093632K
  class space    used 6599K, capacity 6986K, committed 7040K, reserved 1048576K
GC Heap History (10 events):
Event: 9.300 GC heap before
{Heap before GC invocations=8 (full 1):
 PSYoungGen      total 75776K, used 65536K [0x00000000e0000000, 0x00000000e5700000, 0x0000000100000000)
  eden space 65536K, 100% used [0x00000000e0000000,0x00000000e4000000,0x00000000e4000000)
  from space 10240K, 0% used [0x00000000e4b00000,0x00000000e4b00000,0x00000000e5500000)
  to   space 11264K, 0% used [0x00000000e4000000,0x00000000e4000000,0x00000000e4b00000)
 ParOldGen       total 61952K, used 9713K [0x00000000a0000000, 0x00000000a3c80000, 0x00000000e0000000)
  object space 61952K, 15% used [0x00000000a0000000,0x00000000a097c488,0x00000000a3c80000)
 Metaspace       used 29049K, capacity 29552K, committed 29696K, reserved 1075200K
  class space    used 3900K, capacity 4063K, committed 4096K, reserved 1048576K
Event: 9.311 GC heap after
Heap after GC invocations=8 (full 1):
 PSYoungGen      total 76800K, used 7908K [0x00000000e0000000, 0x00000000e7700000, 0x0000000100000000)
  eden space 65536K, 0% used [0x00000000e0000000,0x00000000e0000000,0x00000000e4000000)
  from space 11264K, 70% used [0x00000000e4000000,0x00000000e47b91d0,0x00000000e4b00000)
  to   space 11776K, 0% used [0x00000000e6b80000,0x00000000e6b80000,0x00000000e7700000)
 ParOldGen       total 61952K, used 9721K [0x00000000a0000000, 0x00000000a3c80000, 0x00000000e0000000)
  object space 61952K, 15% used [0x00000000a0000000,0x00000000a097e488,0x00000000a3c80000)
 Metaspace       used 29049K, capacity 29552K, committed 29696K, reserved 1075200K
  class space    used 3900K, capacity 4063K, committed 4096K, reserved 1048576K
}
Event: 14.263 GC heap before
{Heap before GC invocations=9 (full 1):
 PSYoungGen      total 76800K, used 73444K [0x00000000e0000000, 0x00000000e7700000, 0x0000000100000000)
  eden space 65536K, 100% used [0x00000000e0000000,0x00000000e4000000,0x00000000e4000000)
  from space 11264K, 70% used [0x00000000e4000000,0x00000000e47b91d0,0x00000000e4b00000)
  to   space 11776K, 0% used [0x00000000e6b80000,0x00000000e6b80000,0x00000000e7700000)
 ParOldGen       total 61952K, used 9721K [0x00000000a0000000, 0x00000000a3c80000, 0x00000000e0000000)
  object space 61952K, 15% used [0x00000000a0000000,0x00000000a097e488,0x00000000a3c80000)
 Metaspace       used 32006K, capacity 32532K, committed 32768K, reserved 1077248K
  class space    used 4382K, capacity 4587K, committed 4608K, reserved 1048576K
Event: 14.277 GC heap after
Heap after GC invocations=9 (full 1):
 PSYoungGen      total 102912K, used 8251K [0x00000000e0000000, 0x00000000e7400000, 0x0000000100000000)
  eden space 94208K, 0% used [0x00000000e0000000,0x00000000e0000000,0x00000000e5c00000)
  from space 8704K, 94% used [0x00000000e6b80000,0x00000000e738ee20,0x00000000e7400000)
  to   space 11776K, 0% used [0x00000000e5d00000,0x00000000e5d00000,0x00000000e6880000)
 ParOldGen       total 61952K, used 9729K [0x00000000a0000000, 0x00000000a3c80000, 0x00000000e0000000)
  object space 61952K, 15% used [0x00000000a0000000,0x00000000a0980488,0x00000000a3c80000)
 Metaspace       used 32006K, capacity 32532K, committed 32768K, reserved 1077248K
  class space    used 4382K, capacity 4587K, committed 4608K, reserved 1048576K
}
Event: 21.409 GC heap before
{Heap before GC invocations=10 (full 1):
 PSYoungGen      total 102912K, used 76411K [0x00000000e0000000, 0x00000000e7400000, 0x0000000100000000)
  eden space 94208K, 72% used [0x00000000e0000000,0x00000000e4290140,0x00000000e5c00000)
  from space 8704K, 94% used [0x00000000e6b80000,0x00000000e738ee20,0x00000000e7400000)
  to   space 11776K, 0% used [0x00000000e5d00000,0x00000000e5d00000,0x00000000e6880000)
 ParOldGen       total 61952K, used 9729K [0x00000000a0000000, 0x00000000a3c80000, 0x00000000e0000000)
  object space 61952K, 15% used [0x00000000a0000000,0x00000000a0980488,0x00000000a3c80000)
 Metaspace       used 34588K, capacity 35400K, committed 35456K, reserved 1079296K
  class space    used 4744K, capacity 4991K, committed 4992K, reserved 1048576K
Event: 21.424 GC heap after
Heap after GC invocations=10 (full 1):
 PSYoungGen      total 107008K, used 11770K [0x00000000e0000000, 0x00000000e8b80000, 0x0000000100000000)
  eden space 95232K, 0% used [0x00000000e0000000,0x00000000e0000000,0x00000000e5d00000)
  from space 11776K, 99% used [0x00000000e5d00000,0x00000000e687eba8,0x00000000e6880000)
  to   space 13312K, 0% used [0x00000000e7e80000,0x00000000e7e80000,0x00000000e8b80000)
 ParOldGen       total 61952K, used 10007K [0x00000000a0000000, 0x00000000a3c80000, 0x00000000e0000000)
  object space 61952K, 16% used [0x00000000a0000000,0x00000000a09c5da0,0x00000000a3c80000)
 Metaspace       used 34588K, capacity 35400K, committed 35456K, reserved 1079296K
  class space    used 4744K, capacity 4991K, committed 4992K, reserved 1048576K
}
Event: 21.424 GC heap before
{Heap before GC invocations=11 (full 2):
 PSYoungGen      total 107008K, used 11770K [0x00000000e0000000, 0x00000000e8b80000, 0x0000000100000000)
  eden space 95232K, 0% used [0x00000000e0000000,0x00000000e0000000,0x00000000e5d00000)
  from space 11776K, 99% used [0x00000000e5d00000,0x00000000e687eba8,0x00000000e6880000)
  to   space 13312K, 0% used [0x00000000e7e80000,0x00000000e7e80000,0x00000000e8b80000)
 ParOldGen       total 61952K, used 10007K [0x00000000a0000000, 0x00000000a3c80000, 0x00000000e0000000)
  object space 61952K, 16% used [0x00000000a0000000,0x00000000a09c5da0,0x00000000a3c80000)
 Metaspace       used 34588K, capacity 35400K, committed 35456K, reserved 1079296K
  class space    used 4744K, capacity 4991K, committed 4992K, reserved 1048576K
Event: 21.511 GC heap after
Heap after GC invocations=11 (full 2):
 PSYoungGen      total 107008K, used 0K [0x00000000e0000000, 0x00000000e8b80000, 0x0000000100000000)
  eden space 95232K, 0% used [0x00000000e0000000,0x00000000e0000000,0x00000000e5d00000)
  from space 11776K, 0% used [0x00000000e5d00000,0x00000000e5d00000,0x00000000e6880000)
  to   space 13312K, 0% used [0x00000000e7e80000,0x00000000e7e80000,0x00000000e8b80000)
 ParOldGen       total 96768K, used 19007K [0x00000000a0000000, 0x00000000a5e80000, 0x00000000e0000000)
  object space 96768K, 19% used [0x00000000a0000000,0x00000000a128fe88,0x00000000a5e80000)
 Metaspace       used 34578K, capacity 35364K, committed 35456K, reserved 1079296K
  class space    used 4741K, capacity 4985K, committed 4992K, reserved 1048576K
}
Event: 30.056 GC heap before
{Heap before GC invocations=12 (full 2):
 PSYoungGen      total 107008K, used 95232K [0x00000000e0000000, 0x00000000e8b80000, 0x0000000100000000)
  eden space 95232K, 100% used [0x00000000e0000000,0x00000000e5d00000,0x00000000e5d00000)
  from space 11776K, 0% used [0x00000000e5d00000,0x00000000e5d00000,0x00000000e6880000)
  to   space 13312K, 0% used [0x00000000e7e80000,0x00000000e7e80000,0x00000000e8b80000)
 ParOldGen       total 96768K, used 19007K [0x00000000a0000000, 0x00000000a5e80000, 0x00000000e0000000)
  object space 96768K, 19% used [0x00000000a0000000,0x00000000a128fe88,0x00000000a5e80000)
 Metaspace       used 44391K, capacity 45516K, committed 45824K, reserved 1089536K
  class space    used 5982K, capacity 6312K, committed 6400K, reserved 1048576K
Event: 30.069 GC heap after
Heap after GC invocations=12 (full 2):
 PSYoungGen      total 128000K, used 12716K [0x00000000e0000000, 0x00000000e9200000, 0x0000000100000000)
  eden space 114688K, 0% used [0x00000000e0000000,0x00000000e0000000,0x00000000e7000000)
  from space 13312K, 95% used [0x00000000e7e80000,0x00000000e8aeb2b8,0x00000000e8b80000)
  to   space 14848K, 0% used [0x00000000e7000000,0x00000000e7000000,0x00000000e7e80000)
 ParOldGen       total 96768K, used 19015K [0x00000000a0000000, 0x00000000a5e80000, 0x00000000e0000000)
  object space 96768K, 19% used [0x00000000a0000000,0x00000000a1291e88,0x00000000a5e80000)
 Metaspace       used 44391K, capacity 45516K, committed 45824K, reserved 1089536K
  class space    used 5982K, capacity 6312K, committed 6400K, reserved 1048576K
}

