# JRE version: OpenJDK Runtime Environment (8.0_212-b04) (build 1.8.0_212-release-1586-b04)
# Java VM: OpenJDK 64-Bit Server VM (25.212-b04 mixed mode windows-amd64 compressed oops)
Heap:
 PSYoungGen      total 146432K, used 73560K [0x00000000e0000000, 0x00000000eb800000, 0x0000000100000000)
  eden space 128000K, 43% used [0x00000000e0000000,0x00000000e35dc118,0x00000000e7d00000)
  from space 18432K, 99% used [0x00000000e9600000,0x00000000ea7fa1b8,0x00000000ea800000)
  to   space 25600K, 0% used [0x00000000e7d00000,0x00000000e7d00000,0x00000000e9600000)
 ParOldGen       total 146432K, used 52465K [0x00000000a0000000, 0x00000000a8f00000, 0x00000000e0000000)
  object space 146432K, 35% used [0x00000000a0000000,0x00000000a333c758,0x00000000a8f00000)
 Metaspace       used 71362K, capacity 73726K, committed 73984K, reserved 1114112K
  class space    used 9634K, capacity 10189K, committed 10240K, reserved 1048576K
GC Heap History (10 events):
Event: 26.571 GC heap before
{Heap before GC invocations=17 (full 2):
 PSYoungGen      total 116736K, used 61354K [0x00000000e0000000, 0x00000000e8f00000, 0x0000000100000000)
  eden space 103424K, 49% used [0x00000000e0000000,0x00000000e319ce88,0x00000000e6500000)
  from space 13312K, 79% used [0x00000000e7280000,0x00000000e7ccd998,0x00000000e7f80000)
  to   space 13824K, 0% used [0x00000000e6500000,0x00000000e6500000,0x00000000e7280000)
 ParOldGen       total 95232K, used 28986K [0x00000000a0000000, 0x00000000a5d00000, 0x00000000e0000000)
  object space 95232K, 30% used [0x00000000a0000000,0x00000000a1c4e848,0x00000000a5d00000)
 Metaspace       used 57248K, capacity 59054K, committed 59096K, reserved 1099776K
  class space    used 7855K, capacity 8315K, committed 8320K, reserved 1048576K
Event: 26.587 GC heap after
Heap after GC invocations=17 (full 2):
 PSYoungGen      total 117248K, used 10797K [0x00000000e0000000, 0x00000000e9980000, 0x0000000100000000)
  eden space 103424K, 0% used [0x00000000e0000000,0x00000000e0000000,0x00000000e6500000)
  from space 13824K, 78% used [0x00000000e6500000,0x00000000e6f8b618,0x00000000e7280000)
  to   space 14848K, 0% used [0x00000000e8b00000,0x00000000e8b00000,0x00000000e9980000)
 ParOldGen       total 95232K, used 28994K [0x00000000a0000000, 0x00000000a5d00000, 0x00000000e0000000)
  object space 95232K, 30% used [0x00000000a0000000,0x00000000a1c50848,0x00000000a5d00000)
 Metaspace       used 57248K, capacity 59054K, committed 59096K, reserved 1099776K
  class space    used 7855K, capacity 8315K, committed 8320K, reserved 1048576K
}
Event: 26.587 GC heap before
{Heap before GC invocations=18 (full 3):
 PSYoungGen      total 117248K, used 10797K [0x00000000e0000000, 0x00000000e9980000, 0x0000000100000000)
  eden space 103424K, 0% used [0x00000000e0000000,0x00000000e0000000,0x00000000e6500000)
  from space 13824K, 78% used [0x00000000e6500000,0x00000000e6f8b618,0x00000000e7280000)
  to   space 14848K, 0% used [0x00000000e8b00000,0x00000000e8b00000,0x00000000e9980000)
 ParOldGen       total 95232K, used 28994K [0x00000000a0000000, 0x00000000a5d00000, 0x00000000e0000000)
  object space 95232K, 30% used [0x00000000a0000000,0x00000000a1c50848,0x00000000a5d00000)
 Metaspace       used 57248K, capacity 59054K, committed 59096K, reserved 1099776K
  class space    used 7855K, capacity 8315K, committed 8320K, reserved 1048576K
Event: 27.005 GC heap after
Heap after GC invocations=18 (full 3):
 PSYoungGen      total 117248K, used 0K [0x00000000e0000000, 0x00000000e9980000, 0x0000000100000000)
  eden space 103424K, 0% used [0x00000000e0000000,0x00000000e0000000,0x00000000e6500000)
  from space 13824K, 0% used [0x00000000e6500000,0x00000000e6500000,0x00000000e7280000)
  to   space 14848K, 0% used [0x00000000e8b00000,0x00000000e8b00000,0x00000000e9980000)
 ParOldGen       total 146432K, used 36233K [0x00000000a0000000, 0x00000000a8f00000, 0x00000000e0000000)
  object space 146432K, 24% used [0x00000000a0000000,0x00000000a23626d0,0x00000000a8f00000)
 Metaspace       used 57248K, capacity 59054K, committed 59096K, reserved 1099776K
  class space    used 7855K, capacity 8315K, committed 8320K, reserved 1048576K
}
Event: 34.166 GC heap before
{Heap before GC invocations=19 (full 3):
 PSYoungGen      total 117248K, used 103424K [0x00000000e0000000, 0x00000000e9980000, 0x0000000100000000)
  eden space 103424K, 100% used [0x00000000e0000000,0x00000000e6500000,0x00000000e6500000)
  from space 13824K, 0% used [0x00000000e6500000,0x00000000e6500000,0x00000000e7280000)
  to   space 14848K, 0% used [0x00000000e8b00000,0x00000000e8b00000,0x00000000e9980000)
 ParOldGen       total 146432K, used 36233K [0x00000000a0000000, 0x00000000a8f00000, 0x00000000e0000000)
  object space 146432K, 24% used [0x00000000a0000000,0x00000000a23626d0,0x00000000a8f00000)
 Metaspace       used 59066K, capacity 61178K, committed 61440K, reserved 1101824K
  class space    used 8111K, capacity 8597K, committed 8704K, reserved 1048576K
Event: 34.183 GC heap after
Heap after GC invocations=19 (full 3):
 PSYoungGen      total 132096K, used 10522K [0x00000000e0000000, 0x00000000e9580000, 0x0000000100000000)
  eden space 121344K, 0% used [0x00000000e0000000,0x00000000e0000000,0x00000000e7680000)
  from space 10752K, 97% used [0x00000000e8b00000,0x00000000e95469e8,0x00000000e9580000)
  to   space 14848K, 0% used [0x00000000e7880000,0x00000000e7880000,0x00000000e8700000)
 ParOldGen       total 146432K, used 36241K [0x00000000a0000000, 0x00000000a8f00000, 0x00000000e0000000)
  object space 146432K, 24% used [0x00000000a0000000,0x00000000a23646d0,0x00000000a8f00000)
 Metaspace       used 59066K, capacity 61178K, committed 61440K, reserved 1101824K
  class space    used 8111K, capacity 8597K, committed 8704K, reserved 1048576K
}
Event: 37.899 GC heap before
{Heap before GC invocations=20 (full 3):
 PSYoungGen      total 132096K, used 131866K [0x00000000e0000000, 0x00000000e9580000, 0x0000000100000000)
  eden space 121344K, 100% used [0x00000000e0000000,0x00000000e7680000,0x00000000e7680000)
  from space 10752K, 97% used [0x00000000e8b00000,0x00000000e95469e8,0x00000000e9580000)
  to   space 14848K, 0% used [0x00000000e7880000,0x00000000e7880000,0x00000000e8700000)
 ParOldGen       total 146432K, used 36241K [0x00000000a0000000, 0x00000000a8f00000, 0x00000000e0000000)
  object space 146432K, 24% used [0x00000000a0000000,0x00000000a23646d0,0x00000000a8f00000)
 Metaspace       used 62525K, capacity 64706K, committed 64896K, reserved 1105920K
  class space    used 8562K, capacity 9055K, committed 9088K, reserved 1048576K
Event: 37.936 GC heap after
Heap after GC invocations=20 (full 3):
 PSYoungGen      total 138240K, used 14824K [0x00000000e0000000, 0x00000000ea800000, 0x0000000100000000)
  eden space 123392K, 0% used [0x00000000e0000000,0x00000000e0000000,0x00000000e7880000)
  from space 14848K, 99% used [0x00000000e7880000,0x00000000e86fa070,0x00000000e8700000)
  to   space 18432K, 0% used [0x00000000e9600000,0x00000000e9600000,0x00000000ea800000)
 ParOldGen       total 146432K, used 41087K [0x00000000a0000000, 0x00000000a8f00000, 0x00000000e0000000)
  object space 146432K, 28% used [0x00000000a0000000,0x00000000a281fda8,0x00000000a8f00000)
 Metaspace       used 62525K, capacity 64706K, committed 64896K, reserved 1105920K
  class space    used 8562K, capacity 9055K, committed 9088K, reserved 1048576K
}
Event: 43.195 GC heap before
{Heap before GC invocations=21 (full 3):
 PSYoungGen      total 138240K, used 138063K [0x00000000e0000000, 0x00000000ea800000, 0x0000000100000000)
  eden space 123392K, 99% used [0x00000000e0000000,0x00000000e7859bb0,0x00000000e7880000)
  from space 14848K, 99% used [0x00000000e7880000,0x00000000e86fa070,0x00000000e8700000)
  to   space 18432K, 0% used [0x00000000e9600000,0x00000000e9600000,0x00000000ea800000)
 ParOldGen       total 146432K, used 41087K [0x00000000a0000000, 0x00000000a8f00000, 0x00000000e0000000)
  object space 146432K, 28% used [0x00000000a0000000,0x00000000a281fda8,0x00000000a8f00000)
 Metaspace       used 68703K, capacity 70994K, committed 71168K, reserved 1110016K
  class space    used 9377K, capacity 9895K, committed 9984K, reserved 1048576K
Event: 43.239 GC heap after
Heap after GC invocations=21 (full 3):
 PSYoungGen      total 146432K, used 18408K [0x00000000e0000000, 0x00000000eb800000, 0x0000000100000000)
  eden space 128000K, 0% used [0x00000000e0000000,0x00000000e0000000,0x00000000e7d00000)
  from space 18432K, 99% used [0x00000000e9600000,0x00000000ea7fa1b8,0x00000000ea800000)
  to   space 25600K, 0% used [0x00000000e7d00000,0x00000000e7d00000,0x00000000e9600000)
 ParOldGen       total 146432K, used 52465K [0x00000000a0000000, 0x00000000a8f00000, 0x00000000e0000000)
  object space 146432K, 35% used [0x00000000a0000000,0x00000000a333c758,0x00000000a8f00000)
 Metaspace       used 68703K, capacity 70994K, committed 71168K, reserved 1110016K
  class space    used 9377K, capacity 9895K, committed 9984K, reserved 1048576K
}

