# JRE version: OpenJDK Runtime Environment (8.0_212-b04) (build 1.8.0_212-release-1586-b04)
# Java VM: OpenJDK 64-Bit Server VM (25.212-b04 mixed mode windows-amd64 compressed oops)
Heap:
 PSYoungGen      total 216576K, used 53852K [0x00000000e0000000, 0x00000000f3880000, 0x0000000100000000)
  eden space 186368K, 12% used [0x00000000e0000000,0x00000000e1718f08,0x00000000eb600000)
  from space 30208K, 99% used [0x00000000eeb00000,0x00000000f087e4a0,0x00000000f0880000)
  to   space 54272K, 0% used [0x00000000eb600000,0x00000000eb600000,0x00000000eeb00000)
 ParOldGen       total 148992K, used 103554K [0x00000000a0000000, 0x00000000a9180000, 0x00000000e0000000)
  object space 148992K, 69% used [0x00000000a0000000,0x00000000a6520918,0x00000000a9180000)
 Metaspace       used 79873K, capacity 82492K, committed 82688K, reserved 1120256K
  class space    used 10640K, capacity 11211K, committed 11264K, reserved 1048576K
GC Heap History (10 events):
Event: 11.938 GC heap before
{Heap before GC invocations=15 (full 3):
 PSYoungGen      total 176128K, used 16863K [0x00000000e0000000, 0x00000000ecb00000, 0x0000000100000000)
  eden space 159232K, 0% used [0x00000000e0000000,0x00000000e0000000,0x00000000e9b80000)
  from space 16896K, 99% used [0x00000000eae00000,0x00000000ebe77e08,0x00000000ebe80000)
  to   space 18944K, 0% used [0x00000000e9b80000,0x00000000e9b80000,0x00000000eae00000)
 ParOldGen       total 97280K, used 25723K [0x00000000a0000000, 0x00000000a5f00000, 0x00000000e0000000)
  object space 97280K, 26% used [0x00000000a0000000,0x00000000a191ed90,0x00000000a5f00000)
 Metaspace       used 57317K, capacity 59096K, committed 59096K, reserved 1099776K
  class space    used 7864K, capacity 8320K, committed 8320K, reserved 1048576K
Event: 12.393 GC heap after
Heap after GC invocations=15 (full 3):
 PSYoungGen      total 176128K, used 0K [0x00000000e0000000, 0x00000000ecb00000, 0x0000000100000000)
  eden space 159232K, 0% used [0x00000000e0000000,0x00000000e0000000,0x00000000e9b80000)
  from space 16896K, 0% used [0x00000000eae00000,0x00000000eae00000,0x00000000ebe80000)
  to   space 18944K, 0% used [0x00000000e9b80000,0x00000000e9b80000,0x00000000eae00000)
 ParOldGen       total 148992K, used 38027K [0x00000000a0000000, 0x00000000a9180000, 0x00000000e0000000)
  object space 148992K, 25% used [0x00000000a0000000,0x00000000a2522ec8,0x00000000a9180000)
 Metaspace       used 57317K, capacity 59096K, committed 59096K, reserved 1099776K
  class space    used 7864K, capacity 8320K, committed 8320K, reserved 1048576K
}
Event: 14.657 GC heap before
{Heap before GC invocations=16 (full 3):
 PSYoungGen      total 176128K, used 159232K [0x00000000e0000000, 0x00000000ecb00000, 0x0000000100000000)
  eden space 159232K, 100% used [0x00000000e0000000,0x00000000e9b80000,0x00000000e9b80000)
  from space 16896K, 0% used [0x00000000eae00000,0x00000000eae00000,0x00000000ebe80000)
  to   space 18944K, 0% used [0x00000000e9b80000,0x00000000e9b80000,0x00000000eae00000)
 ParOldGen       total 148992K, used 38027K [0x00000000a0000000, 0x00000000a9180000, 0x00000000e0000000)
  object space 148992K, 25% used [0x00000000a0000000,0x00000000a2522ec8,0x00000000a9180000)
 Metaspace       used 59953K, capacity 62154K, committed 62208K, reserved 1103872K
  class space    used 8222K, capacity 8694K, committed 8704K, reserved 1048576K
Event: 14.685 GC heap after
Heap after GC invocations=16 (full 3):
 PSYoungGen      total 178176K, used 13650K [0x00000000e0000000, 0x00000000edd80000, 0x0000000100000000)
  eden space 159232K, 0% used [0x00000000e0000000,0x00000000e0000000,0x00000000e9b80000)
  from space 18944K, 72% used [0x00000000e9b80000,0x00000000ea8d4938,0x00000000eae00000)
  to   space 19456K, 0% used [0x00000000eca80000,0x00000000eca80000,0x00000000edd80000)
 ParOldGen       total 148992K, used 38035K [0x00000000a0000000, 0x00000000a9180000, 0x00000000e0000000)
  object space 148992K, 25% used [0x00000000a0000000,0x00000000a2524ec8,0x00000000a9180000)
 Metaspace       used 59953K, capacity 62154K, committed 62208K, reserved 1103872K
  class space    used 8222K, capacity 8694K, committed 8704K, reserved 1048576K
}
Event: 18.177 GC heap before
{Heap before GC invocations=17 (full 3):
 PSYoungGen      total 178176K, used 172882K [0x00000000e0000000, 0x00000000edd80000, 0x0000000100000000)
  eden space 159232K, 100% used [0x00000000e0000000,0x00000000e9b80000,0x00000000e9b80000)
  from space 18944K, 72% used [0x00000000e9b80000,0x00000000ea8d4938,0x00000000eae00000)
  to   space 19456K, 0% used [0x00000000eca80000,0x00000000eca80000,0x00000000edd80000)
 ParOldGen       total 148992K, used 38035K [0x00000000a0000000, 0x00000000a9180000, 0x00000000e0000000)
  object space 148992K, 25% used [0x00000000a0000000,0x00000000a2524ec8,0x00000000a9180000)
 Metaspace       used 63771K, capacity 66128K, committed 66432K, reserved 1105920K
  class space    used 8734K, capacity 9265K, committed 9344K, reserved 1048576K
Event: 18.207 GC heap after
Heap after GC invocations=17 (full 3):
 PSYoungGen      total 204288K, used 19455K [0x00000000e0000000, 0x00000000ee100000, 0x0000000100000000)
  eden space 184832K, 0% used [0x00000000e0000000,0x00000000e0000000,0x00000000eb480000)
  from space 19456K, 99% used [0x00000000eca80000,0x00000000edd7ff78,0x00000000edd80000)
  to   space 22528K, 0% used [0x00000000eb480000,0x00000000eb480000,0x00000000eca80000)
 ParOldGen       total 148992K, used 38419K [0x00000000a0000000, 0x00000000a9180000, 0x00000000e0000000)
  object space 148992K, 25% used [0x00000000a0000000,0x00000000a2584f90,0x00000000a9180000)
 Metaspace       used 63771K, capacity 66128K, committed 66432K, reserved 1105920K
  class space    used 8734K, capacity 9265K, committed 9344K, reserved 1048576K
}
Event: 31.990 GC heap before
{Heap before GC invocations=18 (full 3):
 PSYoungGen      total 204288K, used 204287K [0x00000000e0000000, 0x00000000ee100000, 0x0000000100000000)
  eden space 184832K, 100% used [0x00000000e0000000,0x00000000eb480000,0x00000000eb480000)
  from space 19456K, 99% used [0x00000000eca80000,0x00000000edd7ff78,0x00000000edd80000)
  to   space 22528K, 0% used [0x00000000eb480000,0x00000000eb480000,0x00000000eca80000)
 ParOldGen       total 148992K, used 38419K [0x00000000a0000000, 0x00000000a9180000, 0x00000000e0000000)
  object space 148992K, 25% used [0x00000000a0000000,0x00000000a2584f90,0x00000000a9180000)
 Metaspace       used 69531K, capacity 71920K, committed 72192K, reserved 1112064K
  class space    used 9420K, capacity 9971K, committed 9984K, reserved 1048576K
Event: 32.036 GC heap after
Heap after GC invocations=18 (full 3):
 PSYoungGen      total 207360K, used 22504K [0x00000000e0000000, 0x00000000f0880000, 0x0000000100000000)
  eden space 184832K, 0% used [0x00000000e0000000,0x00000000e0000000,0x00000000eb480000)
  from space 22528K, 99% used [0x00000000eb480000,0x00000000eca7a2c0,0x00000000eca80000)
  to   space 30208K, 0% used [0x00000000eeb00000,0x00000000eeb00000,0x00000000f0880000)
 ParOldGen       total 148992K, used 51613K [0x00000000a0000000, 0x00000000a9180000, 0x00000000e0000000)
  object space 148992K, 34% used [0x00000000a0000000,0x00000000a3267618,0x00000000a9180000)
 Metaspace       used 69531K, capacity 71920K, committed 72192K, reserved 1112064K
  class space    used 9420K, capacity 9971K, committed 9984K, reserved 1048576K
}
Event: 38.118 GC heap before
{Heap before GC invocations=19 (full 3):
 PSYoungGen      total 207360K, used 207336K [0x00000000e0000000, 0x00000000f0880000, 0x0000000100000000)
  eden space 184832K, 100% used [0x00000000e0000000,0x00000000eb480000,0x00000000eb480000)
  from space 22528K, 99% used [0x00000000eb480000,0x00000000eca7a2c0,0x00000000eca80000)
  to   space 30208K, 0% used [0x00000000eeb00000,0x00000000eeb00000,0x00000000f0880000)
 ParOldGen       total 148992K, used 51613K [0x00000000a0000000, 0x00000000a9180000, 0x00000000e0000000)
  object space 148992K, 34% used [0x00000000a0000000,0x00000000a3267618,0x00000000a9180000)
 Metaspace       used 78290K, capacity 80932K, committed 81280K, reserved 1120256K
  class space    used 10418K, capacity 11013K, committed 11136K, reserved 1048576K
Event: 38.214 GC heap after
Heap after GC invocations=19 (full 3):
 PSYoungGen      total 216576K, used 30201K [0x00000000e0000000, 0x00000000f3880000, 0x0000000100000000)
  eden space 186368K, 0% used [0x00000000e0000000,0x00000000e0000000,0x00000000eb600000)
  from space 30208K, 99% used [0x00000000eeb00000,0x00000000f087e4a0,0x00000000f0880000)
  to   space 54272K, 0% used [0x00000000eb600000,0x00000000eb600000,0x00000000eeb00000)
 ParOldGen       total 148992K, used 103554K [0x00000000a0000000, 0x00000000a9180000, 0x00000000e0000000)
  object space 148992K, 69% used [0x00000000a0000000,0x00000000a6520918,0x00000000a9180000)
 Metaspace       used 78290K, capacity 80932K, committed 81280K, reserved 1120256K
  class space    used 10418K, capacity 11013K, committed 11136K, reserved 1048576K
}

