# JRE version: OpenJDK Runtime Environment (8.0_212-b04) (build 1.8.0_212-release-1586-b04)
# Java VM: OpenJDK 64-Bit Server VM (25.212-b04 mixed mode windows-amd64 compressed oops)
Heap:
 PSYoungGen      total 327168K, used 312997K [0x00000000e0000000, 0x00000000fd580000, 0x0000000100000000)
  eden space 242176K, 100% used [0x00000000e0000000,0x00000000eec80000,0x00000000eec80000)
  from space 84992K, 83% used [0x00000000eec80000,0x00000000f31a9580,0x00000000f3f80000)
  to   space 94208K, 0% used [0x00000000f7980000,0x00000000f7980000,0x00000000fd580000)
 ParOldGen       total 330752K, used 169869K [0x00000000a0000000, 0x00000000b4300000, 0x00000000e0000000)
  object space 330752K, 51% used [0x00000000a0000000,0x00000000aa5e3690,0x00000000b4300000)
 Metaspace       used 95005K, capacity 98646K, committed 98688K, reserved 1134592K
  class space    used 12345K, capacity 13157K, committed 13184K, reserved 1048576K
GC Heap History (10 events):
Event: 35.659 GC heap before
{Heap before GC invocations=19 (full 3):
 PSYoungGen      total 217600K, used 217596K [0x00000000e0000000, 0x00000000f1b00000, 0x0000000100000000)
  eden space 194048K, 100% used [0x00000000e0000000,0x00000000ebd80000,0x00000000ebd80000)
  from space 23552K, 99% used [0x00000000ebd80000,0x00000000ed47f288,0x00000000ed480000)
  to   space 32256K, 0% used [0x00000000efb80000,0x00000000efb80000,0x00000000f1b00000)
 ParOldGen       total 138240K, used 54210K [0x00000000a0000000, 0x00000000a8700000, 0x00000000e0000000)
  object space 138240K, 39% used [0x00000000a0000000,0x00000000a34f0998,0x00000000a8700000)
 Metaspace       used 79111K, capacity 81514K, committed 81664K, reserved 1120256K
  class space    used 10435K, capacity 11001K, committed 11008K, reserved 1048576K
Event: 35.753 GC heap after
Heap after GC invocations=19 (full 3):
 PSYoungGen      total 238080K, used 32233K [0x00000000e0000000, 0x00000000f4800000, 0x0000000100000000)
  eden space 205824K, 0% used [0x00000000e0000000,0x00000000e0000000,0x00000000ec900000)
  from space 32256K, 99% used [0x00000000efb80000,0x00000000f1afa768,0x00000000f1b00000)
  to   space 51712K, 0% used [0x00000000ec900000,0x00000000ec900000,0x00000000efb80000)
 ParOldGen       total 138240K, used 93332K [0x00000000a0000000, 0x00000000a8700000, 0x00000000e0000000)
  object space 138240K, 67% used [0x00000000a0000000,0x00000000a5b253d8,0x00000000a8700000)
 Metaspace       used 79111K, capacity 81514K, committed 81664K, reserved 1120256K
  class space    used 10435K, capacity 11001K, committed 11008K, reserved 1048576K
}
Event: 37.836 GC heap before
{Heap before GC invocations=20 (full 3):
 PSYoungGen      total 238080K, used 238057K [0x00000000e0000000, 0x00000000f4800000, 0x0000000100000000)
  eden space 205824K, 100% used [0x00000000e0000000,0x00000000ec900000,0x00000000ec900000)
  from space 32256K, 99% used [0x00000000efb80000,0x00000000f1afa768,0x00000000f1b00000)
  to   space 51712K, 0% used [0x00000000ec900000,0x00000000ec900000,0x00000000efb80000)
 ParOldGen       total 138240K, used 93332K [0x00000000a0000000, 0x00000000a8700000, 0x00000000e0000000)
  object space 138240K, 67% used [0x00000000a0000000,0x00000000a5b253d8,0x00000000a8700000)
 Metaspace       used 83980K, capacity 86524K, committed 86784K, reserved 1124352K
  class space    used 10960K, capacity 11506K, committed 11520K, reserved 1048576K
Event: 37.973 GC heap after
Heap after GC invocations=20 (full 3):
 PSYoungGen      total 257536K, used 51704K [0x00000000e0000000, 0x00000000f9200000, 0x0000000100000000)
  eden space 205824K, 0% used [0x00000000e0000000,0x00000000e0000000,0x00000000ec900000)
  from space 51712K, 99% used [0x00000000ec900000,0x00000000efb7e270,0x00000000efb80000)
  to   space 84480K, 0% used [0x00000000f3f80000,0x00000000f3f80000,0x00000000f9200000)
 ParOldGen       total 158208K, used 158161K [0x00000000a0000000, 0x00000000a9a80000, 0x00000000e0000000)
  object space 158208K, 99% used [0x00000000a0000000,0x00000000a9a74760,0x00000000a9a80000)
 Metaspace       used 83980K, capacity 86524K, committed 86784K, reserved 1124352K
  class space    used 10960K, capacity 11506K, committed 11520K, reserved 1048576K
}
Event: 37.973 GC heap before
{Heap before GC invocations=21 (full 4):
 PSYoungGen      total 257536K, used 51704K [0x00000000e0000000, 0x00000000f9200000, 0x0000000100000000)
  eden space 205824K, 0% used [0x00000000e0000000,0x00000000e0000000,0x00000000ec900000)
  from space 51712K, 99% used [0x00000000ec900000,0x00000000efb7e270,0x00000000efb80000)
  to   space 84480K, 0% used [0x00000000f3f80000,0x00000000f3f80000,0x00000000f9200000)
 ParOldGen       total 158208K, used 158161K [0x00000000a0000000, 0x00000000a9a80000, 0x00000000e0000000)
  object space 158208K, 99% used [0x00000000a0000000,0x00000000a9a74760,0x00000000a9a80000)
 Metaspace       used 83980K, capacity 86524K, committed 86784K, reserved 1124352K
  class space    used 10960K, capacity 11506K, committed 11520K, reserved 1048576K
Event: 39.005 GC heap after
Heap after GC invocations=21 (full 4):
 PSYoungGen      total 257536K, used 11726K [0x00000000e0000000, 0x00000000f9200000, 0x0000000100000000)
  eden space 205824K, 0% used [0x00000000e0000000,0x00000000e0000000,0x00000000ec900000)
  from space 51712K, 22% used [0x00000000ec900000,0x00000000ed473928,0x00000000efb80000)
  to   space 84480K, 0% used [0x00000000f3f80000,0x00000000f3f80000,0x00000000f9200000)
 ParOldGen       total 330752K, used 158044K [0x00000000a0000000, 0x00000000b4300000, 0x00000000e0000000)
  object space 330752K, 47% used [0x00000000a0000000,0x00000000a9a57390,0x00000000b4300000)
 Metaspace       used 83923K, capacity 86362K, committed 86784K, reserved 1124352K
  class space    used 10941K, capacity 11473K, committed 11520K, reserved 1048576K
}
Event: 41.679 GC heap before
{Heap before GC invocations=22 (full 4):
 PSYoungGen      total 257536K, used 217550K [0x00000000e0000000, 0x00000000f9200000, 0x0000000100000000)
  eden space 205824K, 100% used [0x00000000e0000000,0x00000000ec900000,0x00000000ec900000)
  from space 51712K, 22% used [0x00000000ec900000,0x00000000ed473928,0x00000000efb80000)
  to   space 84480K, 0% used [0x00000000f3f80000,0x00000000f3f80000,0x00000000f9200000)
 ParOldGen       total 330752K, used 158044K [0x00000000a0000000, 0x00000000b4300000, 0x00000000e0000000)
  object space 330752K, 47% used [0x00000000a0000000,0x00000000a9a57390,0x00000000b4300000)
 Metaspace       used 85839K, capacity 88262K, committed 88832K, reserved 1126400K
  class space    used 11111K, capacity 11647K, committed 11776K, reserved 1048576K
Event: 41.870 GC heap after
Heap after GC invocations=22 (full 4):
 PSYoungGen      total 326656K, used 46318K [0x00000000e0000000, 0x00000000f9580000, 0x0000000100000000)
  eden space 242176K, 0% used [0x00000000e0000000,0x00000000e0000000,0x00000000eec80000)
  from space 84480K, 54% used [0x00000000f3f80000,0x00000000f6cbb9a0,0x00000000f9200000)
  to   space 84992K, 0% used [0x00000000eec80000,0x00000000eec80000,0x00000000f3f80000)
 ParOldGen       total 330752K, used 169861K [0x00000000a0000000, 0x00000000b4300000, 0x00000000e0000000)
  object space 330752K, 51% used [0x00000000a0000000,0x00000000aa5e1690,0x00000000b4300000)
 Metaspace       used 85839K, capacity 88262K, committed 88832K, reserved 1126400K
  class space    used 11111K, capacity 11647K, committed 11776K, reserved 1048576K
}
Event: 43.254 GC heap before
{Heap before GC invocations=23 (full 4):
 PSYoungGen      total 326656K, used 288494K [0x00000000e0000000, 0x00000000f9580000, 0x0000000100000000)
  eden space 242176K, 100% used [0x00000000e0000000,0x00000000eec80000,0x00000000eec80000)
  from space 84480K, 54% used [0x00000000f3f80000,0x00000000f6cbb9a0,0x00000000f9200000)
  to   space 84992K, 0% used [0x00000000eec80000,0x00000000eec80000,0x00000000f3f80000)
 ParOldGen       total 330752K, used 169861K [0x00000000a0000000, 0x00000000b4300000, 0x00000000e0000000)
  object space 330752K, 51% used [0x00000000a0000000,0x00000000aa5e1690,0x00000000b4300000)
 Metaspace       used 88775K, capacity 91500K, committed 91776K, reserved 1128448K
  class space    used 11542K, capacity 12122K, committed 12160K, reserved 1048576K
Event: 43.336 GC heap after
Heap after GC invocations=23 (full 4):
 PSYoungGen      total 327168K, used 70821K [0x00000000e0000000, 0x00000000fd580000, 0x0000000100000000)
  eden space 242176K, 0% used [0x00000000e0000000,0x00000000e0000000,0x00000000eec80000)
  from space 84992K, 83% used [0x00000000eec80000,0x00000000f31a9580,0x00000000f3f80000)
  to   space 94208K, 0% used [0x00000000f7980000,0x00000000f7980000,0x00000000fd580000)
 ParOldGen       total 330752K, used 169869K [0x00000000a0000000, 0x00000000b4300000, 0x00000000e0000000)
  object space 330752K, 51% used [0x00000000a0000000,0x00000000aa5e3690,0x00000000b4300000)
 Metaspace       used 88775K, capacity 91500K, committed 91776K, reserved 1128448K
  class space    used 11542K, capacity 12122K, committed 12160K, reserved 1048576K
}

