# JRE version: OpenJDK Runtime Environment (8.0_212-b04) (build 1.8.0_212-release-1586-b04)
# Java VM: OpenJDK 64-Bit Server VM (25.212-b04 mixed mode windows-amd64 compressed oops)
Heap:
 PSYoungGen      total 311808K, used 33701K [0x00000000e0000000, 0x00000000fd780000, 0x0000000100000000)
  eden space 292864K, 5% used [0x00000000e0000000,0x00000000e0e703d8,0x00000000f1e00000)
  from space 18944K, 99% used [0x00000000f1e00000,0x00000000f30791a0,0x00000000f3080000)
  to   space 23040K, 0% used [0x00000000fc100000,0x00000000fc100000,0x00000000fd780000)
 ParOldGen       total 93184K, used 43977K [0x00000000a0000000, 0x00000000a5b00000, 0x00000000e0000000)
  object space 93184K, 47% used [0x00000000a0000000,0x00000000a2af2788,0x00000000a5b00000)
 Metaspace       used 66924K, capacity 69960K, committed 70232K, reserved 1110016K
  class space    used 9179K, capacity 9833K, committed 9856K, reserved 1048576K
GC Heap History (10 events):
Event: 13.986 GC heap before
{Heap before GC invocations=12 (full 2):
 PSYoungGen      total 205312K, used 6180K [0x00000000e0000000, 0x00000000edd00000, 0x0000000100000000)
  eden space 191488K, 0% used [0x00000000e0000000,0x00000000e0000000,0x00000000ebb00000)
  from space 13824K, 44% used [0x00000000ec800000,0x00000000ece090a0,0x00000000ed580000)
  to   space 13312K, 0% used [0x00000000ebb00000,0x00000000ebb00000,0x00000000ec800000)
 ParOldGen       total 48128K, used 13934K [0x00000000a0000000, 0x00000000a2f00000, 0x00000000e0000000)
  object space 48128K, 28% used [0x00000000a0000000,0x00000000a0d9ba70,0x00000000a2f00000)
 Metaspace       used 34664K, capacity 35394K, committed 35456K, reserved 1079296K
  class space    used 4767K, capacity 4990K, committed 4992K, reserved 1048576K
Event: 14.145 GC heap after
Heap after GC invocations=12 (full 2):
 PSYoungGen      total 205312K, used 0K [0x00000000e0000000, 0x00000000edd00000, 0x0000000100000000)
  eden space 191488K, 0% used [0x00000000e0000000,0x00000000e0000000,0x00000000ebb00000)
  from space 13824K, 0% used [0x00000000ec800000,0x00000000ec800000,0x00000000ed580000)
  to   space 13312K, 0% used [0x00000000ebb00000,0x00000000ebb00000,0x00000000ec800000)
 ParOldGen       total 60928K, used 16900K [0x00000000a0000000, 0x00000000a3b80000, 0x00000000e0000000)
  object space 60928K, 27% used [0x00000000a0000000,0x00000000a1081280,0x00000000a3b80000)
 Metaspace       used 34664K, capacity 35394K, committed 35456K, reserved 1079296K
  class space    used 4767K, capacity 4990K, committed 4992K, reserved 1048576K
}
Event: 20.397 GC heap before
{Heap before GC invocations=13 (full 2):
 PSYoungGen      total 205312K, used 191488K [0x00000000e0000000, 0x00000000edd00000, 0x0000000100000000)
  eden space 191488K, 100% used [0x00000000e0000000,0x00000000ebb00000,0x00000000ebb00000)
  from space 13824K, 0% used [0x00000000ec800000,0x00000000ec800000,0x00000000ed580000)
  to   space 13312K, 0% used [0x00000000ebb00000,0x00000000ebb00000,0x00000000ec800000)
 ParOldGen       total 60928K, used 16900K [0x00000000a0000000, 0x00000000a3b80000, 0x00000000e0000000)
  object space 60928K, 27% used [0x00000000a0000000,0x00000000a1081280,0x00000000a3b80000)
 Metaspace       used 50407K, capacity 51968K, committed 52096K, reserved 1093632K
  class space    used 6768K, capacity 7172K, committed 7296K, reserved 1048576K
Event: 20.447 GC heap after
Heap after GC invocations=13 (full 2):
 PSYoungGen      total 204800K, used 13304K [0x00000000e0000000, 0x00000000f4600000, 0x0000000100000000)
  eden space 191488K, 0% used [0x00000000e0000000,0x00000000e0000000,0x00000000ebb00000)
  from space 13312K, 99% used [0x00000000ebb00000,0x00000000ec7fe1c0,0x00000000ec800000)
  to   space 18944K, 0% used [0x00000000f3380000,0x00000000f3380000,0x00000000f4600000)
 ParOldGen       total 60928K, used 26558K [0x00000000a0000000, 0x00000000a3b80000, 0x00000000e0000000)
  object space 60928K, 43% used [0x00000000a0000000,0x00000000a19ef9c8,0x00000000a3b80000)
 Metaspace       used 50407K, capacity 51968K, committed 52096K, reserved 1093632K
  class space    used 6768K, capacity 7172K, committed 7296K, reserved 1048576K
}
Event: 28.379 GC heap before
{Heap before GC invocations=14 (full 2):
 PSYoungGen      total 204800K, used 143935K [0x00000000e0000000, 0x00000000f4600000, 0x0000000100000000)
  eden space 191488K, 68% used [0x00000000e0000000,0x00000000e7f91bc8,0x00000000ebb00000)
  from space 13312K, 99% used [0x00000000ebb00000,0x00000000ec7fe1c0,0x00000000ec800000)
  to   space 18944K, 0% used [0x00000000f3380000,0x00000000f3380000,0x00000000f4600000)
 ParOldGen       total 60928K, used 26558K [0x00000000a0000000, 0x00000000a3b80000, 0x00000000e0000000)
  object space 60928K, 43% used [0x00000000a0000000,0x00000000a19ef9c8,0x00000000a3b80000)
 Metaspace       used 57016K, capacity 59002K, committed 59096K, reserved 1099776K
  class space    used 7920K, capacity 8395K, committed 8448K, reserved 1048576K
Event: 28.415 GC heap after
Heap after GC invocations=14 (full 2):
 PSYoungGen      total 308736K, used 11468K [0x00000000e0000000, 0x00000000f4300000, 0x0000000100000000)
  eden space 292864K, 0% used [0x00000000e0000000,0x00000000e0000000,0x00000000f1e00000)
  from space 15872K, 72% used [0x00000000f3380000,0x00000000f3eb3140,0x00000000f4300000)
  to   space 18944K, 0% used [0x00000000f1e00000,0x00000000f1e00000,0x00000000f3080000)
 ParOldGen       total 60928K, used 39263K [0x00000000a0000000, 0x00000000a3b80000, 0x00000000e0000000)
  object space 60928K, 64% used [0x00000000a0000000,0x00000000a2657f48,0x00000000a3b80000)
 Metaspace       used 57016K, capacity 59002K, committed 59096K, reserved 1099776K
  class space    used 7920K, capacity 8395K, committed 8448K, reserved 1048576K
}
Event: 28.415 GC heap before
{Heap before GC invocations=15 (full 3):
 PSYoungGen      total 308736K, used 11468K [0x00000000e0000000, 0x00000000f4300000, 0x0000000100000000)
  eden space 292864K, 0% used [0x00000000e0000000,0x00000000e0000000,0x00000000f1e00000)
  from space 15872K, 72% used [0x00000000f3380000,0x00000000f3eb3140,0x00000000f4300000)
  to   space 18944K, 0% used [0x00000000f1e00000,0x00000000f1e00000,0x00000000f3080000)
 ParOldGen       total 60928K, used 39263K [0x00000000a0000000, 0x00000000a3b80000, 0x00000000e0000000)
  object space 60928K, 64% used [0x00000000a0000000,0x00000000a2657f48,0x00000000a3b80000)
 Metaspace       used 57016K, capacity 59002K, committed 59096K, reserved 1099776K
  class space    used 7920K, capacity 8395K, committed 8448K, reserved 1048576K
Event: 28.793 GC heap after
Heap after GC invocations=15 (full 3):
 PSYoungGen      total 308736K, used 0K [0x00000000e0000000, 0x00000000f4300000, 0x0000000100000000)
  eden space 292864K, 0% used [0x00000000e0000000,0x00000000e0000000,0x00000000f1e00000)
  from space 15872K, 0% used [0x00000000f3380000,0x00000000f3380000,0x00000000f4300000)
  to   space 18944K, 0% used [0x00000000f1e00000,0x00000000f1e00000,0x00000000f3080000)
 ParOldGen       total 93184K, used 39689K [0x00000000a0000000, 0x00000000a5b00000, 0x00000000e0000000)
  object space 93184K, 42% used [0x00000000a0000000,0x00000000a26c2430,0x00000000a5b00000)
 Metaspace       used 57012K, capacity 58990K, committed 59096K, reserved 1099776K
  class space    used 7919K, capacity 8393K, committed 8448K, reserved 1048576K
}
Event: 48.340 GC heap before
{Heap before GC invocations=16 (full 3):
 PSYoungGen      total 308736K, used 292864K [0x00000000e0000000, 0x00000000f4300000, 0x0000000100000000)
  eden space 292864K, 100% used [0x00000000e0000000,0x00000000f1e00000,0x00000000f1e00000)
  from space 15872K, 0% used [0x00000000f3380000,0x00000000f3380000,0x00000000f4300000)
  to   space 18944K, 0% used [0x00000000f1e00000,0x00000000f1e00000,0x00000000f3080000)
 ParOldGen       total 93184K, used 39689K [0x00000000a0000000, 0x00000000a5b00000, 0x00000000e0000000)
  object space 93184K, 42% used [0x00000000a0000000,0x00000000a26c2430,0x00000000a5b00000)
 Metaspace       used 66513K, capacity 69514K, committed 69720K, reserved 1110016K
  class space    used 9135K, capacity 9796K, committed 9856K, reserved 1048576K
Event: 48.384 GC heap after
Heap after GC invocations=16 (full 3):
 PSYoungGen      total 311808K, used 18916K [0x00000000e0000000, 0x00000000fd780000, 0x0000000100000000)
  eden space 292864K, 0% used [0x00000000e0000000,0x00000000e0000000,0x00000000f1e00000)
  from space 18944K, 99% used [0x00000000f1e00000,0x00000000f30791a0,0x00000000f3080000)
  to   space 23040K, 0% used [0x00000000fc100000,0x00000000fc100000,0x00000000fd780000)
 ParOldGen       total 93184K, used 43977K [0x00000000a0000000, 0x00000000a5b00000, 0x00000000e0000000)
  object space 93184K, 47% used [0x00000000a0000000,0x00000000a2af2788,0x00000000a5b00000)
 Metaspace       used 66513K, capacity 69514K, committed 69720K, reserved 1110016K
  class space    used 9135K, capacity 9796K, committed 9856K, reserved 1048576K
}

