# JRE version: OpenJDK Runtime Environment (8.0_212-b04) (build 1.8.0_212-release-1586-b04)
# Java VM: OpenJDK 64-Bit Server VM (25.212-b04 mixed mode windows-amd64 compressed oops)
Heap:
 PSYoungGen      total 83456K, used 45305K [0x00000000e0000000, 0x00000000e5b80000, 0x0000000100000000)
  eden space 73216K, 61% used [0x00000000e0000000,0x00000000e2c3e7d0,0x00000000e4780000)
  from space 10240K, 0% used [0x00000000e5180000,0x00000000e5180000,0x00000000e5b80000)
  to   space 10240K, 0% used [0x00000000e4780000,0x00000000e4780000,0x00000000e5180000)
 ParOldGen       total 66048K, used 17135K [0x00000000a0000000, 0x00000000a4080000, 0x00000000e0000000)
  object space 66048K, 25% used [0x00000000a0000000,0x00000000a10bbd30,0x00000000a4080000)
 Metaspace       used 40905K, capacity 41920K, committed 42152K, reserved 1085440K
  class space    used 5496K, capacity 5794K, committed 5800K, reserved 1048576K
GC Heap History (10 events):
Event: 39.519 GC heap before
{Heap before GC invocations=10 (full 1):
 PSYoungGen      total 40448K, used 36488K [0x00000000e0000000, 0x00000000e3300000, 0x0000000100000000)
  eden space 30720K, 100% used [0x00000000e0000000,0x00000000e1e00000,0x00000000e1e00000)
  from space 9728K, 59% used [0x00000000e2980000,0x00000000e2f220d0,0x00000000e3300000)
  to   space 10752K, 0% used [0x00000000e1e00000,0x00000000e1e00000,0x00000000e2880000)
 ParOldGen       total 46592K, used 9846K [0x00000000a0000000, 0x00000000a2d80000, 0x00000000e0000000)
  object space 46592K, 21% used [0x00000000a0000000,0x00000000a099d918,0x00000000a2d80000)
 Metaspace       used 30305K, capacity 30836K, committed 30976K, reserved 1075200K
  class space    used 4102K, capacity 4299K, committed 4352K, reserved 1048576K
Event: 39.528 GC heap after
Heap after GC invocations=10 (full 1):
 PSYoungGen      total 41472K, used 5803K [0x00000000e0000000, 0x00000000e4180000, 0x0000000100000000)
  eden space 30720K, 0% used [0x00000000e0000000,0x00000000e0000000,0x00000000e1e00000)
  from space 10752K, 53% used [0x00000000e1e00000,0x00000000e23aaf28,0x00000000e2880000)
  to   space 10240K, 0% used [0x00000000e3780000,0x00000000e3780000,0x00000000e4180000)
 ParOldGen       total 46592K, used 9854K [0x00000000a0000000, 0x00000000a2d80000, 0x00000000e0000000)
  object space 46592K, 21% used [0x00000000a0000000,0x00000000a099f918,0x00000000a2d80000)
 Metaspace       used 30305K, capacity 30836K, committed 30976K, reserved 1075200K
  class space    used 4102K, capacity 4299K, committed 4352K, reserved 1048576K
}
Event: 40.182 GC heap before
{Heap before GC invocations=11 (full 1):
 PSYoungGen      total 41472K, used 36523K [0x00000000e0000000, 0x00000000e4180000, 0x0000000100000000)
  eden space 30720K, 100% used [0x00000000e0000000,0x00000000e1e00000,0x00000000e1e00000)
  from space 10752K, 53% used [0x00000000e1e00000,0x00000000e23aaf28,0x00000000e2880000)
  to   space 10240K, 0% used [0x00000000e3780000,0x00000000e3780000,0x00000000e4180000)
 ParOldGen       total 46592K, used 9854K [0x00000000a0000000, 0x00000000a2d80000, 0x00000000e0000000)
  object space 46592K, 21% used [0x00000000a0000000,0x00000000a099f918,0x00000000a2d80000)
 Metaspace       used 31923K, capacity 32436K, committed 32768K, reserved 1077248K
  class space    used 4368K, capacity 4555K, committed 4608K, reserved 1048576K
Event: 40.249 GC heap after
Heap after GC invocations=11 (full 1):
 PSYoungGen      total 56832K, used 3599K [0x00000000e0000000, 0x00000000e4380000, 0x0000000100000000)
  eden space 46592K, 0% used [0x00000000e0000000,0x00000000e0000000,0x00000000e2d80000)
  from space 10240K, 35% used [0x00000000e3780000,0x00000000e3b03eb0,0x00000000e4180000)
  to   space 10240K, 0% used [0x00000000e2d80000,0x00000000e2d80000,0x00000000e3780000)
 ParOldGen       total 46592K, used 13250K [0x00000000a0000000, 0x00000000a2d80000, 0x00000000e0000000)
  object space 46592K, 28% used [0x00000000a0000000,0x00000000a0cf0948,0x00000000a2d80000)
 Metaspace       used 31923K, capacity 32436K, committed 32768K, reserved 1077248K
  class space    used 4368K, capacity 4555K, committed 4608K, reserved 1048576K
}
Event: 41.611 GC heap before
{Heap before GC invocations=12 (full 1):
 PSYoungGen      total 56832K, used 50191K [0x00000000e0000000, 0x00000000e4380000, 0x0000000100000000)
  eden space 46592K, 100% used [0x00000000e0000000,0x00000000e2d80000,0x00000000e2d80000)
  from space 10240K, 35% used [0x00000000e3780000,0x00000000e3b03eb0,0x00000000e4180000)
  to   space 10240K, 0% used [0x00000000e2d80000,0x00000000e2d80000,0x00000000e3780000)
 ParOldGen       total 46592K, used 13250K [0x00000000a0000000, 0x00000000a2d80000, 0x00000000e0000000)
  object space 46592K, 28% used [0x00000000a0000000,0x00000000a0cf0948,0x00000000a2d80000)
 Metaspace       used 34213K, capacity 34870K, committed 35200K, reserved 1079296K
  class space    used 4688K, capacity 4910K, committed 4992K, reserved 1048576K
Event: 41.629 GC heap after
Heap after GC invocations=12 (full 1):
 PSYoungGen      total 56832K, used 3063K [0x00000000e0000000, 0x00000000e5b80000, 0x0000000100000000)
  eden space 46592K, 0% used [0x00000000e0000000,0x00000000e0000000,0x00000000e2d80000)
  from space 10240K, 29% used [0x00000000e2d80000,0x00000000e307deb8,0x00000000e3780000)
  to   space 10240K, 0% used [0x00000000e5180000,0x00000000e5180000,0x00000000e5b80000)
 ParOldGen       total 46592K, used 15223K [0x00000000a0000000, 0x00000000a2d80000, 0x00000000e0000000)
  object space 46592K, 32% used [0x00000000a0000000,0x00000000a0eddc60,0x00000000a2d80000)
 Metaspace       used 34213K, capacity 34870K, committed 35200K, reserved 1079296K
  class space    used 4688K, capacity 4910K, committed 4992K, reserved 1048576K
}
Event: 42.289 GC heap before
{Heap before GC invocations=13 (full 1):
 PSYoungGen      total 56832K, used 27866K [0x00000000e0000000, 0x00000000e5b80000, 0x0000000100000000)
  eden space 46592K, 53% used [0x00000000e0000000,0x00000000e1838ae0,0x00000000e2d80000)
  from space 10240K, 29% used [0x00000000e2d80000,0x00000000e307deb8,0x00000000e3780000)
  to   space 10240K, 0% used [0x00000000e5180000,0x00000000e5180000,0x00000000e5b80000)
 ParOldGen       total 46592K, used 15223K [0x00000000a0000000, 0x00000000a2d80000, 0x00000000e0000000)
  object space 46592K, 32% used [0x00000000a0000000,0x00000000a0eddc60,0x00000000a2d80000)
 Metaspace       used 34676K, capacity 35472K, committed 35496K, reserved 1079296K
  class space    used 4754K, capacity 5019K, committed 5032K, reserved 1048576K
Event: 42.304 GC heap after
Heap after GC invocations=13 (full 1):
 PSYoungGen      total 83456K, used 4000K [0x00000000e0000000, 0x00000000e5b80000, 0x0000000100000000)
  eden space 73216K, 0% used [0x00000000e0000000,0x00000000e0000000,0x00000000e4780000)
  from space 10240K, 39% used [0x00000000e5180000,0x00000000e5568000,0x00000000e5b80000)
  to   space 10240K, 0% used [0x00000000e4780000,0x00000000e4780000,0x00000000e5180000)
 ParOldGen       total 46592K, used 16033K [0x00000000a0000000, 0x00000000a2d80000, 0x00000000e0000000)
  object space 46592K, 34% used [0x00000000a0000000,0x00000000a0fa84b0,0x00000000a2d80000)
 Metaspace       used 34676K, capacity 35472K, committed 35496K, reserved 1079296K
  class space    used 4754K, capacity 5019K, committed 5032K, reserved 1048576K
}
Event: 42.304 GC heap before
{Heap before GC invocations=14 (full 2):
 PSYoungGen      total 83456K, used 4000K [0x00000000e0000000, 0x00000000e5b80000, 0x0000000100000000)
  eden space 73216K, 0% used [0x00000000e0000000,0x00000000e0000000,0x00000000e4780000)
  from space 10240K, 39% used [0x00000000e5180000,0x00000000e5568000,0x00000000e5b80000)
  to   space 10240K, 0% used [0x00000000e4780000,0x00000000e4780000,0x00000000e5180000)
 ParOldGen       total 46592K, used 16033K [0x00000000a0000000, 0x00000000a2d80000, 0x00000000e0000000)
  object space 46592K, 34% used [0x00000000a0000000,0x00000000a0fa84b0,0x00000000a2d80000)
 Metaspace       used 34676K, capacity 35472K, committed 35496K, reserved 1079296K
  class space    used 4754K, capacity 5019K, committed 5032K, reserved 1048576K
Event: 42.453 GC heap after
Heap after GC invocations=14 (full 2):
 PSYoungGen      total 83456K, used 0K [0x00000000e0000000, 0x00000000e5b80000, 0x0000000100000000)
  eden space 73216K, 0% used [0x00000000e0000000,0x00000000e0000000,0x00000000e4780000)
  from space 10240K, 0% used [0x00000000e5180000,0x00000000e5180000,0x00000000e5b80000)
  to   space 10240K, 0% used [0x00000000e4780000,0x00000000e4780000,0x00000000e5180000)
 ParOldGen       total 66048K, used 17135K [0x00000000a0000000, 0x00000000a4080000, 0x00000000e0000000)
  object space 66048K, 25% used [0x00000000a0000000,0x00000000a10bbd30,0x00000000a4080000)
 Metaspace       used 34674K, capacity 35466K, committed 35496K, reserved 1079296K
  class space    used 4753K, capacity 5018K, committed 5032K, reserved 1048576K
}

