# JRE version: OpenJDK Runtime Environment (8.0_212-b04) (build 1.8.0_212-release-1586-b04)
# Java VM: OpenJDK 64-Bit Server VM (25.212-b04 mixed mode windows-amd64 compressed oops)
Heap:
 PSYoungGen      total 280576K, used 160707K [0x00000000e0000000, 0x00000000f6180000, 0x0000000100000000)
  eden space 234496K, 56% used [0x00000000e0000000,0x00000000e8151238,0x00000000ee500000)
  from space 46080K, 61% used [0x00000000ee500000,0x00000000f009fa30,0x00000000f1200000)
  to   space 47616K, 0% used [0x00000000f3300000,0x00000000f3300000,0x00000000f6180000)
 ParOldGen       total 224256K, used 57561K [0x00000000a0000000, 0x00000000adb00000, 0x00000000e0000000)
  object space 224256K, 25% used [0x00000000a0000000,0x00000000a3836768,0x00000000adb00000)
 Metaspace       used 91859K, capacity 95810K, committed 96088K, reserved 1132544K
  class space    used 12209K, capacity 13060K, committed 13144K, reserved 1048576K
GC Heap History (10 events):
Event: 25.287 GC heap before
{Heap before GC invocations=17 (full 3):
 PSYoungGen      total 185344K, used 183126K [0x00000000e0000000, 0x00000000eeb00000, 0x0000000100000000)
  eden space 167936K, 100% used [0x00000000e0000000,0x00000000ea400000,0x00000000ea400000)
  from space 17408K, 87% used [0x00000000ea400000,0x00000000eb2d5878,0x00000000eb500000)
  to   space 18944K, 0% used [0x00000000ed880000,0x00000000ed880000,0x00000000eeb00000)
 ParOldGen       total 135168K, used 32243K [0x00000000a0000000, 0x00000000a8400000, 0x00000000e0000000)
  object space 135168K, 23% used [0x00000000a0000000,0x00000000a1f7cf60,0x00000000a8400000)
 Metaspace       used 66645K, capacity 69058K, committed 69208K, reserved 1110016K
  class space    used 9045K, capacity 9544K, committed 9560K, reserved 1048576K
Event: 25.347 GC heap after
Heap after GC invocations=17 (full 3):
 PSYoungGen      total 218112K, used 18918K [0x00000000e0000000, 0x00000000eef00000, 0x0000000100000000)
  eden space 199168K, 0% used [0x00000000e0000000,0x00000000e0000000,0x00000000ec280000)
  from space 18944K, 99% used [0x00000000ed880000,0x00000000eeaf9ad0,0x00000000eeb00000)
  to   space 22528K, 0% used [0x00000000ec280000,0x00000000ec280000,0x00000000ed880000)
 ParOldGen       total 135168K, used 36302K [0x00000000a0000000, 0x00000000a8400000, 0x00000000e0000000)
  object space 135168K, 26% used [0x00000000a0000000,0x00000000a2373a20,0x00000000a8400000)
 Metaspace       used 66645K, capacity 69058K, committed 69208K, reserved 1110016K
  class space    used 9045K, capacity 9544K, committed 9560K, reserved 1048576K
}
Event: 35.609 GC heap before
{Heap before GC invocations=18 (full 3):
 PSYoungGen      total 218112K, used 218086K [0x00000000e0000000, 0x00000000eef00000, 0x0000000100000000)
  eden space 199168K, 100% used [0x00000000e0000000,0x00000000ec280000,0x00000000ec280000)
  from space 18944K, 99% used [0x00000000ed880000,0x00000000eeaf9ad0,0x00000000eeb00000)
  to   space 22528K, 0% used [0x00000000ec280000,0x00000000ec280000,0x00000000ed880000)
 ParOldGen       total 135168K, used 36302K [0x00000000a0000000, 0x00000000a8400000, 0x00000000e0000000)
  object space 135168K, 26% used [0x00000000a0000000,0x00000000a2373a20,0x00000000a8400000)
 Metaspace       used 79272K, capacity 81838K, committed 82008K, reserved 1120256K
  class space    used 10507K, capacity 11060K, committed 11096K, reserved 1048576K
Event: 35.708 GC heap after
Heap after GC invocations=18 (full 3):
 PSYoungGen      total 221696K, used 22519K [0x00000000e0000000, 0x00000000f4300000, 0x0000000100000000)
  eden space 199168K, 0% used [0x00000000e0000000,0x00000000e0000000,0x00000000ec280000)
  from space 22528K, 99% used [0x00000000ec280000,0x00000000ed87deb0,0x00000000ed880000)
  to   space 48128K, 0% used [0x00000000f1400000,0x00000000f1400000,0x00000000f4300000)
 ParOldGen       total 135168K, used 96427K [0x00000000a0000000, 0x00000000a8400000, 0x00000000e0000000)
  object space 135168K, 71% used [0x00000000a0000000,0x00000000a5e2afe8,0x00000000a8400000)
 Metaspace       used 79272K, capacity 81838K, committed 82008K, reserved 1120256K
  class space    used 10507K, capacity 11060K, committed 11096K, reserved 1048576K
}
Event: 39.238 GC heap before
{Heap before GC invocations=19 (full 3):
 PSYoungGen      total 221696K, used 221687K [0x00000000e0000000, 0x00000000f4300000, 0x0000000100000000)
  eden space 199168K, 100% used [0x00000000e0000000,0x00000000ec280000,0x00000000ec280000)
  from space 22528K, 99% used [0x00000000ec280000,0x00000000ed87deb0,0x00000000ed880000)
  to   space 48128K, 0% used [0x00000000f1400000,0x00000000f1400000,0x00000000f4300000)
 ParOldGen       total 135168K, used 96427K [0x00000000a0000000, 0x00000000a8400000, 0x00000000e0000000)
  object space 135168K, 71% used [0x00000000a0000000,0x00000000a5e2afe8,0x00000000a8400000)
 Metaspace       used 81537K, capacity 84210K, committed 84312K, reserved 1122304K
  class space    used 10763K, capacity 11338K, committed 11352K, reserved 1048576K
Event: 39.288 GC heap after
Heap after GC invocations=19 (full 3):
 PSYoungGen      total 278528K, used 11460K [0x00000000e0000000, 0x00000000f3f00000, 0x0000000100000000)
  eden space 234496K, 0% used [0x00000000e0000000,0x00000000e0000000,0x00000000ee500000)
  from space 44032K, 26% used [0x00000000f1400000,0x00000000f1f31300,0x00000000f3f00000)
  to   space 46080K, 0% used [0x00000000ee500000,0x00000000ee500000,0x00000000f1200000)
 ParOldGen       total 135168K, used 114306K [0x00000000a0000000, 0x00000000a8400000, 0x00000000e0000000)
  object space 135168K, 84% used [0x00000000a0000000,0x00000000a6fa0b98,0x00000000a8400000)
 Metaspace       used 81537K, capacity 84210K, committed 84312K, reserved 1122304K
  class space    used 10763K, capacity 11338K, committed 11352K, reserved 1048576K
}
Event: 39.288 GC heap before
{Heap before GC invocations=20 (full 4):
 PSYoungGen      total 278528K, used 11460K [0x00000000e0000000, 0x00000000f3f00000, 0x0000000100000000)
  eden space 234496K, 0% used [0x00000000e0000000,0x00000000e0000000,0x00000000ee500000)
  from space 44032K, 26% used [0x00000000f1400000,0x00000000f1f31300,0x00000000f3f00000)
  to   space 46080K, 0% used [0x00000000ee500000,0x00000000ee500000,0x00000000f1200000)
 ParOldGen       total 135168K, used 114306K [0x00000000a0000000, 0x00000000a8400000, 0x00000000e0000000)
  object space 135168K, 84% used [0x00000000a0000000,0x00000000a6fa0b98,0x00000000a8400000)
 Metaspace       used 81537K, capacity 84210K, committed 84312K, reserved 1122304K
  class space    used 10763K, capacity 11338K, committed 11352K, reserved 1048576K
Event: 39.681 GC heap after
Heap after GC invocations=20 (full 4):
 PSYoungGen      total 278528K, used 0K [0x00000000e0000000, 0x00000000f3f00000, 0x0000000100000000)
  eden space 234496K, 0% used [0x00000000e0000000,0x00000000e0000000,0x00000000ee500000)
  from space 44032K, 0% used [0x00000000f1400000,0x00000000f1400000,0x00000000f3f00000)
  to   space 46080K, 0% used [0x00000000ee500000,0x00000000ee500000,0x00000000f1200000)
 ParOldGen       total 224256K, used 57553K [0x00000000a0000000, 0x00000000adb00000, 0x00000000e0000000)
  object space 224256K, 25% used [0x00000000a0000000,0x00000000a3834768,0x00000000adb00000)
 Metaspace       used 81402K, capacity 83820K, committed 84312K, reserved 1122304K
  class space    used 10721K, capacity 11263K, committed 11352K, reserved 1048576K
}
Event: 43.523 GC heap before
{Heap before GC invocations=21 (full 4):
 PSYoungGen      total 278528K, used 234496K [0x00000000e0000000, 0x00000000f3f00000, 0x0000000100000000)
  eden space 234496K, 100% used [0x00000000e0000000,0x00000000ee500000,0x00000000ee500000)
  from space 44032K, 0% used [0x00000000f1400000,0x00000000f1400000,0x00000000f3f00000)
  to   space 46080K, 0% used [0x00000000ee500000,0x00000000ee500000,0x00000000f1200000)
 ParOldGen       total 224256K, used 57553K [0x00000000a0000000, 0x00000000adb00000, 0x00000000e0000000)
  object space 224256K, 25% used [0x00000000a0000000,0x00000000a3834768,0x00000000adb00000)
 Metaspace       used 90145K, capacity 93714K, committed 94040K, reserved 1130496K
  class space    used 12021K, capacity 12790K, committed 12888K, reserved 1048576K
Event: 43.602 GC heap after
Heap after GC invocations=21 (full 4):
 PSYoungGen      total 280576K, used 28286K [0x00000000e0000000, 0x00000000f6180000, 0x0000000100000000)
  eden space 234496K, 0% used [0x00000000e0000000,0x00000000e0000000,0x00000000ee500000)
  from space 46080K, 61% used [0x00000000ee500000,0x00000000f009fa30,0x00000000f1200000)
  to   space 47616K, 0% used [0x00000000f3300000,0x00000000f3300000,0x00000000f6180000)
 ParOldGen       total 224256K, used 57561K [0x00000000a0000000, 0x00000000adb00000, 0x00000000e0000000)
  object space 224256K, 25% used [0x00000000a0000000,0x00000000a3836768,0x00000000adb00000)
 Metaspace       used 90145K, capacity 93714K, committed 94040K, reserved 1130496K
  class space    used 12021K, capacity 12790K, committed 12888K, reserved 1048576K
}

