# JRE version: OpenJDK Runtime Environment (8.0_212-b04) (build 1.8.0_212-release-1586-b04)
# Java VM: OpenJDK 64-Bit Server VM (25.212-b04 mixed mode windows-amd64 compressed oops)
Heap:
 PSYoungGen      total 331776K, used 202240K [0x00000000e0000000, 0x00000000fa300000, 0x0000000100000000)
  eden space 246784K, 67% used [0x00000000e0000000,0x00000000ea39c940,0x00000000ef100000)
  from space 84992K, 40% used [0x00000000f5000000,0x00000000f71e3ab0,0x00000000fa300000)
  to   space 91136K, 0% used [0x00000000ef100000,0x00000000ef100000,0x00000000f4a00000)
 ParOldGen       total 364032K, used 178963K [0x00000000a0000000, 0x00000000b6380000, 0x00000000e0000000)
  object space 364032K, 49% used [0x00000000a0000000,0x00000000aaec4e38,0x00000000b6380000)
 Metaspace       used 85569K, capacity 88070K, committed 88320K, reserved 1126400K
  class space    used 11198K, capacity 11759K, committed 11776K, reserved 1048576K
GC Heap History (10 events):
Event: 33.885 GC heap before
{Heap before GC invocations=18 (full 3):
 PSYoungGen      total 210432K, used 210418K [0x00000000e0000000, 0x00000000eee80000, 0x0000000100000000)
  eden space 190976K, 99% used [0x00000000e0000000,0x00000000eba7d7c0,0x00000000eba80000)
  from space 19456K, 99% used [0x00000000ed100000,0x00000000ee3ff1c8,0x00000000ee400000)
  to   space 23040K, 0% used [0x00000000eba80000,0x00000000eba80000,0x00000000ed100000)
 ParOldGen       total 142336K, used 39609K [0x00000000a0000000, 0x00000000a8b00000, 0x00000000e0000000)
  object space 142336K, 27% used [0x00000000a0000000,0x00000000a26ae6f8,0x00000000a8b00000)
 Metaspace       used 69470K, capacity 71810K, committed 71936K, reserved 1112064K
  class space    used 9414K, capacity 9935K, committed 9984K, reserved 1048576K
Event: 33.933 GC heap after
Heap after GC invocations=18 (full 3):
 PSYoungGen      total 214016K, used 23013K [0x00000000e0000000, 0x00000000f1c00000, 0x0000000100000000)
  eden space 190976K, 0% used [0x00000000e0000000,0x00000000e0000000,0x00000000eba80000)
  from space 23040K, 99% used [0x00000000eba80000,0x00000000ed0f9720,0x00000000ed100000)
  to   space 31232K, 0% used [0x00000000efd80000,0x00000000efd80000,0x00000000f1c00000)
 ParOldGen       total 142336K, used 53017K [0x00000000a0000000, 0x00000000a8b00000, 0x00000000e0000000)
  object space 142336K, 37% used [0x00000000a0000000,0x00000000a33c6568,0x00000000a8b00000)
 Metaspace       used 69470K, capacity 71810K, committed 71936K, reserved 1112064K
  class space    used 9414K, capacity 9935K, committed 9984K, reserved 1048576K
}
Event: 40.524 GC heap before
{Heap before GC invocations=19 (full 3):
 PSYoungGen      total 214016K, used 213989K [0x00000000e0000000, 0x00000000f1c00000, 0x0000000100000000)
  eden space 190976K, 100% used [0x00000000e0000000,0x00000000eba80000,0x00000000eba80000)
  from space 23040K, 99% used [0x00000000eba80000,0x00000000ed0f9720,0x00000000ed100000)
  to   space 31232K, 0% used [0x00000000efd80000,0x00000000efd80000,0x00000000f1c00000)
 ParOldGen       total 142336K, used 53017K [0x00000000a0000000, 0x00000000a8b00000, 0x00000000e0000000)
  object space 142336K, 37% used [0x00000000a0000000,0x00000000a33c6568,0x00000000a8b00000)
 Metaspace       used 78785K, capacity 81282K, committed 81536K, reserved 1120256K
  class space    used 10473K, capacity 11043K, committed 11136K, reserved 1048576K
Event: 40.609 GC heap after
Heap after GC invocations=19 (full 3):
 PSYoungGen      total 237056K, used 31230K [0x00000000e0000000, 0x00000000f4700000, 0x0000000100000000)
  eden space 205824K, 0% used [0x00000000e0000000,0x00000000e0000000,0x00000000ec900000)
  from space 31232K, 99% used [0x00000000efd80000,0x00000000f1bffba0,0x00000000f1c00000)
  to   space 53760K, 0% used [0x00000000ec900000,0x00000000ec900000,0x00000000efd80000)
 ParOldGen       total 142336K, used 100887K [0x00000000a0000000, 0x00000000a8b00000, 0x00000000e0000000)
  object space 142336K, 70% used [0x00000000a0000000,0x00000000a6285f00,0x00000000a8b00000)
 Metaspace       used 78785K, capacity 81282K, committed 81536K, reserved 1120256K
  class space    used 10473K, capacity 11043K, committed 11136K, reserved 1048576K
}
Event: 42.591 GC heap before
{Heap before GC invocations=20 (full 3):
 PSYoungGen      total 237056K, used 237054K [0x00000000e0000000, 0x00000000f4700000, 0x0000000100000000)
  eden space 205824K, 100% used [0x00000000e0000000,0x00000000ec900000,0x00000000ec900000)
  from space 31232K, 99% used [0x00000000efd80000,0x00000000f1bffba0,0x00000000f1c00000)
  to   space 53760K, 0% used [0x00000000ec900000,0x00000000ec900000,0x00000000efd80000)
 ParOldGen       total 142336K, used 100887K [0x00000000a0000000, 0x00000000a8b00000, 0x00000000e0000000)
  object space 142336K, 70% used [0x00000000a0000000,0x00000000a6285f00,0x00000000a8b00000)
 Metaspace       used 83440K, capacity 85902K, committed 86144K, reserved 1124352K
  class space    used 10981K, capacity 11547K, committed 11648K, reserved 1048576K
Event: 42.765 GC heap after
Heap after GC invocations=20 (full 3):
 PSYoungGen      total 259584K, used 53746K [0x00000000e0000000, 0x00000000fae80000, 0x0000000100000000)
  eden space 205824K, 0% used [0x00000000e0000000,0x00000000e0000000,0x00000000ec900000)
  from space 53760K, 99% used [0x00000000ec900000,0x00000000efd7cb10,0x00000000efd80000)
  to   space 96768K, 0% used [0x00000000f5000000,0x00000000f5000000,0x00000000fae80000)
 ParOldGen       total 193024K, used 192800K [0x00000000a0000000, 0x00000000abc80000, 0x00000000e0000000)
  object space 193024K, 99% used [0x00000000a0000000,0x00000000abc483c0,0x00000000abc80000)
 Metaspace       used 83440K, capacity 85902K, committed 86144K, reserved 1124352K
  class space    used 10981K, capacity 11547K, committed 11648K, reserved 1048576K
}
Event: 42.765 GC heap before
{Heap before GC invocations=21 (full 4):
 PSYoungGen      total 259584K, used 53746K [0x00000000e0000000, 0x00000000fae80000, 0x0000000100000000)
  eden space 205824K, 0% used [0x00000000e0000000,0x00000000e0000000,0x00000000ec900000)
  from space 53760K, 99% used [0x00000000ec900000,0x00000000efd7cb10,0x00000000efd80000)
  to   space 96768K, 0% used [0x00000000f5000000,0x00000000f5000000,0x00000000fae80000)
 ParOldGen       total 193024K, used 192800K [0x00000000a0000000, 0x00000000abc80000, 0x00000000e0000000)
  object space 193024K, 99% used [0x00000000a0000000,0x00000000abc483c0,0x00000000abc80000)
 Metaspace       used 83440K, capacity 85902K, committed 86144K, reserved 1124352K
  class space    used 10981K, capacity 11547K, committed 11648K, reserved 1048576K
Event: 43.623 GC heap after
Heap after GC invocations=21 (full 4):
 PSYoungGen      total 259584K, used 0K [0x00000000e0000000, 0x00000000fae80000, 0x0000000100000000)
  eden space 205824K, 0% used [0x00000000e0000000,0x00000000e0000000,0x00000000ec900000)
  from space 53760K, 0% used [0x00000000ec900000,0x00000000ec900000,0x00000000efd80000)
  to   space 96768K, 0% used [0x00000000f5000000,0x00000000f5000000,0x00000000fae80000)
 ParOldGen       total 364032K, used 178955K [0x00000000a0000000, 0x00000000b6380000, 0x00000000e0000000)
  object space 364032K, 49% used [0x00000000a0000000,0x00000000aaec2e38,0x00000000b6380000)
 Metaspace       used 83391K, capacity 85768K, committed 86144K, reserved 1124352K
  class space    used 10964K, capacity 11518K, committed 11648K, reserved 1048576K
}
Event: 45.749 GC heap before
{Heap before GC invocations=22 (full 4):
 PSYoungGen      total 259584K, used 205824K [0x00000000e0000000, 0x00000000fae80000, 0x0000000100000000)
  eden space 205824K, 100% used [0x00000000e0000000,0x00000000ec900000,0x00000000ec900000)
  from space 53760K, 0% used [0x00000000ec900000,0x00000000ec900000,0x00000000efd80000)
  to   space 96768K, 0% used [0x00000000f5000000,0x00000000f5000000,0x00000000fae80000)
 ParOldGen       total 364032K, used 178955K [0x00000000a0000000, 0x00000000b6380000, 0x00000000e0000000)
  object space 364032K, 49% used [0x00000000a0000000,0x00000000aaec2e38,0x00000000b6380000)
 Metaspace       used 85299K, capacity 87828K, committed 88064K, reserved 1126400K
  class space    used 11151K, capacity 11724K, committed 11776K, reserved 1048576K
Event: 45.832 GC heap after
Heap after GC invocations=22 (full 4):
 PSYoungGen      total 331776K, used 34702K [0x00000000e0000000, 0x00000000fa300000, 0x0000000100000000)
  eden space 246784K, 0% used [0x00000000e0000000,0x00000000e0000000,0x00000000ef100000)
  from space 84992K, 40% used [0x00000000f5000000,0x00000000f71e3ab0,0x00000000fa300000)
  to   space 91136K, 0% used [0x00000000ef100000,0x00000000ef100000,0x00000000f4a00000)
 ParOldGen       total 364032K, used 178963K [0x00000000a0000000, 0x00000000b6380000, 0x00000000e0000000)
  object space 364032K, 49% used [0x00000000a0000000,0x00000000aaec4e38,0x00000000b6380000)
 Metaspace       used 85299K, capacity 87828K, committed 88064K, reserved 1126400K
  class space    used 11151K, capacity 11724K, committed 11776K, reserved 1048576K
}

