# JRE version: OpenJDK Runtime Environment (8.0_212-b04) (build 1.8.0_212-release-1586-b04)
# Java VM: OpenJDK 64-Bit Server VM (25.212-b04 mixed mode windows-amd64 compressed oops)
Heap:
 PSYoungGen      total 283648K, used 122055K [0x00000000e0000000, 0x00000000f4e00000, 0x0000000100000000)
  eden space 259584K, 37% used [0x00000000e0000000,0x00000000e5fb8f70,0x00000000efd80000)
  from space 24064K, 99% used [0x00000000f2180000,0x00000000f38f8dd0,0x00000000f3900000)
  to   space 36864K, 0% used [0x00000000efd80000,0x00000000efd80000,0x00000000f2180000)
 ParOldGen       total 113152K, used 58575K [0x00000000a0000000, 0x00000000a6e80000, 0x00000000e0000000)
  object space 113152K, 51% used [0x00000000a0000000,0x00000000a3933c10,0x00000000a6e80000)
 Metaspace       used 76842K, capacity 79260K, committed 79784K, reserved 1118208K
  class space    used 10245K, capacity 10800K, committed 10920K, reserved 1048576K
GC Heap History (10 events):
Event: 45.089 GC heap before
{Heap before GC invocations=13 (full 2):
 PSYoungGen      total 176128K, used 176098K [0x00000000e0000000, 0x00000000ed500000, 0x0000000100000000)
  eden space 162816K, 100% used [0x00000000e0000000,0x00000000e9f00000,0x00000000e9f00000)
  from space 13312K, 99% used [0x00000000ec800000,0x00000000ed4f89d8,0x00000000ed500000)
  to   space 15872K, 0% used [0x00000000eb600000,0x00000000eb600000,0x00000000ec580000)
 ParOldGen       total 76288K, used 22046K [0x00000000a0000000, 0x00000000a4a80000, 0x00000000e0000000)
  object space 76288K, 28% used [0x00000000a0000000,0x00000000a1587958,0x00000000a4a80000)
 Metaspace       used 56879K, capacity 58756K, committed 59048K, reserved 1099776K
  class space    used 7839K, capacity 8308K, committed 8360K, reserved 1048576K
Event: 45.134 GC heap after
Heap after GC invocations=13 (full 2):
 PSYoungGen      total 202240K, used 15869K [0x00000000e0000000, 0x00000000ef980000, 0x0000000100000000)
  eden space 186368K, 0% used [0x00000000e0000000,0x00000000e0000000,0x00000000eb600000)
  from space 15872K, 99% used [0x00000000eb600000,0x00000000ec57f6c8,0x00000000ec580000)
  to   space 20992K, 0% used [0x00000000ee500000,0x00000000ee500000,0x00000000ef980000)
 ParOldGen       total 76288K, used 30657K [0x00000000a0000000, 0x00000000a4a80000, 0x00000000e0000000)
  object space 76288K, 40% used [0x00000000a0000000,0x00000000a1df0748,0x00000000a4a80000)
 Metaspace       used 56879K, capacity 58756K, committed 59048K, reserved 1099776K
  class space    used 7839K, capacity 8308K, committed 8360K, reserved 1048576K
}
Event: 45.490 GC heap before
{Heap before GC invocations=14 (full 2):
 PSYoungGen      total 202240K, used 30053K [0x00000000e0000000, 0x00000000ef980000, 0x0000000100000000)
  eden space 186368K, 7% used [0x00000000e0000000,0x00000000e0dda098,0x00000000eb600000)
  from space 15872K, 99% used [0x00000000eb600000,0x00000000ec57f6c8,0x00000000ec580000)
  to   space 20992K, 0% used [0x00000000ee500000,0x00000000ee500000,0x00000000ef980000)
 ParOldGen       total 76288K, used 30657K [0x00000000a0000000, 0x00000000a4a80000, 0x00000000e0000000)
  object space 76288K, 40% used [0x00000000a0000000,0x00000000a1df0748,0x00000000a4a80000)
 Metaspace       used 57243K, capacity 59142K, committed 59160K, reserved 1099776K
  class space    used 7856K, capacity 8345K, committed 8360K, reserved 1048576K
Event: 45.519 GC heap after
Heap after GC invocations=14 (full 2):
 PSYoungGen      total 233984K, used 1504K [0x00000000e0000000, 0x00000000f2c80000, 0x0000000100000000)
  eden space 212992K, 0% used [0x00000000e0000000,0x00000000e0000000,0x00000000ed000000)
  from space 20992K, 7% used [0x00000000ee500000,0x00000000ee678000,0x00000000ef980000)
  to   space 21504K, 0% used [0x00000000ed000000,0x00000000ed000000,0x00000000ee500000)
 ParOldGen       total 76288K, used 39785K [0x00000000a0000000, 0x00000000a4a80000, 0x00000000e0000000)
  object space 76288K, 52% used [0x00000000a0000000,0x00000000a26da680,0x00000000a4a80000)
 Metaspace       used 57243K, capacity 59142K, committed 59160K, reserved 1099776K
  class space    used 7856K, capacity 8345K, committed 8360K, reserved 1048576K
}
Event: 45.519 GC heap before
{Heap before GC invocations=15 (full 3):
 PSYoungGen      total 233984K, used 1504K [0x00000000e0000000, 0x00000000f2c80000, 0x0000000100000000)
  eden space 212992K, 0% used [0x00000000e0000000,0x00000000e0000000,0x00000000ed000000)
  from space 20992K, 7% used [0x00000000ee500000,0x00000000ee678000,0x00000000ef980000)
  to   space 21504K, 0% used [0x00000000ed000000,0x00000000ed000000,0x00000000ee500000)
 ParOldGen       total 76288K, used 39785K [0x00000000a0000000, 0x00000000a4a80000, 0x00000000e0000000)
  object space 76288K, 52% used [0x00000000a0000000,0x00000000a26da680,0x00000000a4a80000)
 Metaspace       used 57243K, capacity 59142K, committed 59160K, reserved 1099776K
  class space    used 7856K, capacity 8345K, committed 8360K, reserved 1048576K
Event: 45.902 GC heap after
Heap after GC invocations=15 (full 3):
 PSYoungGen      total 233984K, used 0K [0x00000000e0000000, 0x00000000f2c80000, 0x0000000100000000)
  eden space 212992K, 0% used [0x00000000e0000000,0x00000000e0000000,0x00000000ed000000)
  from space 20992K, 0% used [0x00000000ee500000,0x00000000ee500000,0x00000000ef980000)
  to   space 21504K, 0% used [0x00000000ed000000,0x00000000ed000000,0x00000000ee500000)
 ParOldGen       total 113152K, used 34516K [0x00000000a0000000, 0x00000000a6e80000, 0x00000000e0000000)
  object space 113152K, 30% used [0x00000000a0000000,0x00000000a21b5148,0x00000000a6e80000)
 Metaspace       used 57243K, capacity 59142K, committed 59160K, reserved 1099776K
  class space    used 7856K, capacity 8345K, committed 8360K, reserved 1048576K
}
Event: 49.202 GC heap before
{Heap before GC invocations=16 (full 3):
 PSYoungGen      total 233984K, used 212992K [0x00000000e0000000, 0x00000000f2c80000, 0x0000000100000000)
  eden space 212992K, 100% used [0x00000000e0000000,0x00000000ed000000,0x00000000ed000000)
  from space 20992K, 0% used [0x00000000ee500000,0x00000000ee500000,0x00000000ef980000)
  to   space 21504K, 0% used [0x00000000ed000000,0x00000000ed000000,0x00000000ee500000)
 ParOldGen       total 113152K, used 34516K [0x00000000a0000000, 0x00000000a6e80000, 0x00000000e0000000)
  object space 113152K, 30% used [0x00000000a0000000,0x00000000a21b5148,0x00000000a6e80000)
 Metaspace       used 61160K, capacity 63280K, committed 63528K, reserved 1103872K
  class space    used 8398K, capacity 8886K, committed 9000K, reserved 1048576K
Event: 49.237 GC heap after
Heap after GC invocations=16 (full 3):
 PSYoungGen      total 234496K, used 19339K [0x00000000e0000000, 0x00000000f3900000, 0x0000000100000000)
  eden space 212992K, 0% used [0x00000000e0000000,0x00000000e0000000,0x00000000ed000000)
  from space 21504K, 89% used [0x00000000ed000000,0x00000000ee2e2d78,0x00000000ee500000)
  to   space 24064K, 0% used [0x00000000f2180000,0x00000000f2180000,0x00000000f3900000)
 ParOldGen       total 113152K, used 34524K [0x00000000a0000000, 0x00000000a6e80000, 0x00000000e0000000)
  object space 113152K, 30% used [0x00000000a0000000,0x00000000a21b7148,0x00000000a6e80000)
 Metaspace       used 61160K, capacity 63280K, committed 63528K, reserved 1103872K
  class space    used 8398K, capacity 8886K, committed 9000K, reserved 1048576K
}
Event: 53.928 GC heap before
{Heap before GC invocations=17 (full 3):
 PSYoungGen      total 234496K, used 232331K [0x00000000e0000000, 0x00000000f3900000, 0x0000000100000000)
  eden space 212992K, 100% used [0x00000000e0000000,0x00000000ed000000,0x00000000ed000000)
  from space 21504K, 89% used [0x00000000ed000000,0x00000000ee2e2d78,0x00000000ee500000)
  to   space 24064K, 0% used [0x00000000f2180000,0x00000000f2180000,0x00000000f3900000)
 ParOldGen       total 113152K, used 34524K [0x00000000a0000000, 0x00000000a6e80000, 0x00000000e0000000)
  object space 113152K, 30% used [0x00000000a0000000,0x00000000a21b7148,0x00000000a6e80000)
 Metaspace       used 71882K, capacity 74136K, committed 74280K, reserved 1114112K
  class space    used 9660K, capacity 10234K, committed 10280K, reserved 1048576K
Event: 53.989 GC heap after
Heap after GC invocations=17 (full 3):
 PSYoungGen      total 283648K, used 24035K [0x00000000e0000000, 0x00000000f4e00000, 0x0000000100000000)
  eden space 259584K, 0% used [0x00000000e0000000,0x00000000e0000000,0x00000000efd80000)
  from space 24064K, 99% used [0x00000000f2180000,0x00000000f38f8dd0,0x00000000f3900000)
  to   space 36864K, 0% used [0x00000000efd80000,0x00000000efd80000,0x00000000f2180000)
 ParOldGen       total 113152K, used 58575K [0x00000000a0000000, 0x00000000a6e80000, 0x00000000e0000000)
  object space 113152K, 51% used [0x00000000a0000000,0x00000000a3933c10,0x00000000a6e80000)
 Metaspace       used 71882K, capacity 74136K, committed 74280K, reserved 1114112K
  class space    used 9660K, capacity 10234K, committed 10280K, reserved 1048576K
}

