# JRE version: OpenJDK Runtime Environment (8.0_212-b04) (build 1.8.0_212-release-1586-b04)
# Java VM: OpenJDK 64-Bit Server VM (25.212-b04 mixed mode windows-amd64 compressed oops)
Heap:
 PSYoungGen      total 92160K, used 64352K [0x00000000e0000000, 0x00000000e6880000, 0x0000000100000000)
  eden space 83456K, 66% used [0x00000000e0000000,0x00000000e3664d58,0x00000000e5180000)
  from space 8704K, 99% used [0x00000000e6000000,0x00000000e68735b8,0x00000000e6880000)
  to   space 10752K, 0% used [0x00000000e5380000,0x00000000e5380000,0x00000000e5e00000)
 ParOldGen       total 94720K, used 17202K [0x00000000a0000000, 0x00000000a5c80000, 0x00000000e0000000)
  object space 94720K, 18% used [0x00000000a0000000,0x00000000a10cc938,0x00000000a5c80000)
 Metaspace       used 47419K, capacity 48568K, committed 48896K, reserved 1091584K
  class space    used 6304K, capacity 6594K, committed 6656K, reserved 1048576K
GC Heap History (10 events):
Event: 16.855 GC heap before
{Heap before GC invocations=10 (full 1):
 PSYoungGen      total 58880K, used 53469K [0x00000000e0000000, 0x00000000e4580000, 0x0000000100000000)
  eden space 47616K, 100% used [0x00000000e0000000,0x00000000e2e80000,0x00000000e2e80000)
  from space 11264K, 51% used [0x00000000e3900000,0x00000000e3eb77d0,0x00000000e4400000)
  to   space 10752K, 0% used [0x00000000e2e80000,0x00000000e2e80000,0x00000000e3900000)
 ParOldGen       total 62976K, used 9834K [0x00000000a0000000, 0x00000000a3d80000, 0x00000000e0000000)
  object space 62976K, 15% used [0x00000000a0000000,0x00000000a099a8a8,0x00000000a3d80000)
 Metaspace       used 31003K, capacity 31540K, committed 31872K, reserved 1077248K
  class space    used 4208K, capacity 4427K, committed 4480K, reserved 1048576K
Event: 16.869 GC heap after
Heap after GC invocations=10 (full 1):
 PSYoungGen      total 58368K, used 6999K [0x00000000e0000000, 0x00000000e5500000, 0x0000000100000000)
  eden space 47616K, 0% used [0x00000000e0000000,0x00000000e0000000,0x00000000e2e80000)
  from space 10752K, 65% used [0x00000000e2e80000,0x00000000e3555c10,0x00000000e3900000)
  to   space 10752K, 0% used [0x00000000e4a80000,0x00000000e4a80000,0x00000000e5500000)
 ParOldGen       total 62976K, used 9842K [0x00000000a0000000, 0x00000000a3d80000, 0x00000000e0000000)
  object space 62976K, 15% used [0x00000000a0000000,0x00000000a099c8a8,0x00000000a3d80000)
 Metaspace       used 31003K, capacity 31540K, committed 31872K, reserved 1077248K
  class space    used 4208K, capacity 4427K, committed 4480K, reserved 1048576K
}
Event: 18.255 GC heap before
{Heap before GC invocations=11 (full 1):
 PSYoungGen      total 58368K, used 54615K [0x00000000e0000000, 0x00000000e5500000, 0x0000000100000000)
  eden space 47616K, 100% used [0x00000000e0000000,0x00000000e2e80000,0x00000000e2e80000)
  from space 10752K, 65% used [0x00000000e2e80000,0x00000000e3555c10,0x00000000e3900000)
  to   space 10752K, 0% used [0x00000000e4a80000,0x00000000e4a80000,0x00000000e5500000)
 ParOldGen       total 62976K, used 9842K [0x00000000a0000000, 0x00000000a3d80000, 0x00000000e0000000)
  object space 62976K, 15% used [0x00000000a0000000,0x00000000a099c8a8,0x00000000a3d80000)
 Metaspace       used 33479K, capacity 34126K, committed 34304K, reserved 1079296K
  class space    used 4587K, capacity 4810K, committed 4864K, reserved 1048576K
Event: 18.268 GC heap after
Heap after GC invocations=11 (full 1):
 PSYoungGen      total 75264K, used 5727K [0x00000000e0000000, 0x00000000e5400000, 0x0000000100000000)
  eden space 65536K, 0% used [0x00000000e0000000,0x00000000e0000000,0x00000000e4000000)
  from space 9728K, 58% used [0x00000000e4a80000,0x00000000e5017e70,0x00000000e5400000)
  to   space 10240K, 0% used [0x00000000e4000000,0x00000000e4000000,0x00000000e4a00000)
 ParOldGen       total 62976K, used 12570K [0x00000000a0000000, 0x00000000a3d80000, 0x00000000e0000000)
  object space 62976K, 19% used [0x00000000a0000000,0x00000000a0c468c8,0x00000000a3d80000)
 Metaspace       used 33479K, capacity 34126K, committed 34304K, reserved 1079296K
  class space    used 4587K, capacity 4810K, committed 4864K, reserved 1048576K
}
Event: 24.149 GC heap before
{Heap before GC invocations=12 (full 1):
 PSYoungGen      total 75264K, used 40805K [0x00000000e0000000, 0x00000000e5400000, 0x0000000100000000)
  eden space 65536K, 53% used [0x00000000e0000000,0x00000000e22417a0,0x00000000e4000000)
  from space 9728K, 58% used [0x00000000e4a80000,0x00000000e5017e70,0x00000000e5400000)
  to   space 10240K, 0% used [0x00000000e4000000,0x00000000e4000000,0x00000000e4a00000)
 ParOldGen       total 62976K, used 12570K [0x00000000a0000000, 0x00000000a3d80000, 0x00000000e0000000)
  object space 62976K, 19% used [0x00000000a0000000,0x00000000a0c468c8,0x00000000a3d80000)
 Metaspace       used 34651K, capacity 35402K, committed 35456K, reserved 1079296K
  class space    used 4749K, capacity 4954K, committed 4992K, reserved 1048576K
Event: 24.159 GC heap after
Heap after GC invocations=12 (full 1):
 PSYoungGen      total 75776K, used 5347K [0x00000000e0000000, 0x00000000e6a00000, 0x0000000100000000)
  eden space 65536K, 0% used [0x00000000e0000000,0x00000000e0000000,0x00000000e4000000)
  from space 10240K, 52% used [0x00000000e4000000,0x00000000e4538e00,0x00000000e4a00000)
  to   space 10240K, 0% used [0x00000000e6000000,0x00000000e6000000,0x00000000e6a00000)
 ParOldGen       total 62976K, used 14682K [0x00000000a0000000, 0x00000000a3d80000, 0x00000000e0000000)
  object space 62976K, 23% used [0x00000000a0000000,0x00000000a0e56bc0,0x00000000a3d80000)
 Metaspace       used 34651K, capacity 35402K, committed 35456K, reserved 1079296K
  class space    used 4749K, capacity 4954K, committed 4992K, reserved 1048576K
}
Event: 24.159 GC heap before
{Heap before GC invocations=13 (full 2):
 PSYoungGen      total 75776K, used 5347K [0x00000000e0000000, 0x00000000e6a00000, 0x0000000100000000)
  eden space 65536K, 0% used [0x00000000e0000000,0x00000000e0000000,0x00000000e4000000)
  from space 10240K, 52% used [0x00000000e4000000,0x00000000e4538e00,0x00000000e4a00000)
  to   space 10240K, 0% used [0x00000000e6000000,0x00000000e6000000,0x00000000e6a00000)
 ParOldGen       total 62976K, used 14682K [0x00000000a0000000, 0x00000000a3d80000, 0x00000000e0000000)
  object space 62976K, 23% used [0x00000000a0000000,0x00000000a0e56bc0,0x00000000a3d80000)
 Metaspace       used 34651K, capacity 35402K, committed 35456K, reserved 1079296K
  class space    used 4749K, capacity 4954K, committed 4992K, reserved 1048576K
Event: 24.248 GC heap after
Heap after GC invocations=13 (full 2):
 PSYoungGen      total 75776K, used 0K [0x00000000e0000000, 0x00000000e6a00000, 0x0000000100000000)
  eden space 65536K, 0% used [0x00000000e0000000,0x00000000e0000000,0x00000000e4000000)
  from space 10240K, 0% used [0x00000000e4000000,0x00000000e4000000,0x00000000e4a00000)
  to   space 10240K, 0% used [0x00000000e6000000,0x00000000e6000000,0x00000000e6a00000)
 ParOldGen       total 94720K, used 17194K [0x00000000a0000000, 0x00000000a5c80000, 0x00000000e0000000)
  object space 94720K, 18% used [0x00000000a0000000,0x00000000a10ca938,0x00000000a5c80000)
 Metaspace       used 34651K, capacity 35402K, committed 35456K, reserved 1079296K
  class space    used 4749K, capacity 4954K, committed 4992K, reserved 1048576K
}
Event: 36.587 GC heap before
{Heap before GC invocations=14 (full 2):
 PSYoungGen      total 75776K, used 65536K [0x00000000e0000000, 0x00000000e6a00000, 0x0000000100000000)
  eden space 65536K, 100% used [0x00000000e0000000,0x00000000e4000000,0x00000000e4000000)
  from space 10240K, 0% used [0x00000000e4000000,0x00000000e4000000,0x00000000e4a00000)
  to   space 10240K, 0% used [0x00000000e6000000,0x00000000e6000000,0x00000000e6a00000)
 ParOldGen       total 94720K, used 17194K [0x00000000a0000000, 0x00000000a5c80000, 0x00000000e0000000)
  object space 94720K, 18% used [0x00000000a0000000,0x00000000a10ca938,0x00000000a5c80000)
 Metaspace       used 42877K, capacity 44002K, committed 44288K, reserved 1087488K
  class space    used 5776K, capacity 6049K, committed 6144K, reserved 1048576K
Event: 36.599 GC heap after
Heap after GC invocations=14 (full 2):
 PSYoungGen      total 92160K, used 8653K [0x00000000e0000000, 0x00000000e6880000, 0x0000000100000000)
  eden space 83456K, 0% used [0x00000000e0000000,0x00000000e0000000,0x00000000e5180000)
  from space 8704K, 99% used [0x00000000e6000000,0x00000000e68735b8,0x00000000e6880000)
  to   space 10752K, 0% used [0x00000000e5380000,0x00000000e5380000,0x00000000e5e00000)
 ParOldGen       total 94720K, used 17202K [0x00000000a0000000, 0x00000000a5c80000, 0x00000000e0000000)
  object space 94720K, 18% used [0x00000000a0000000,0x00000000a10cc938,0x00000000a5c80000)
 Metaspace       used 42877K, capacity 44002K, committed 44288K, reserved 1087488K
  class space    used 5776K, capacity 6049K, committed 6144K, reserved 1048576K
}

