# JRE version: OpenJDK Runtime Environment (8.0_212-b04) (build 1.8.0_212-release-1586-b04)
# Java VM: OpenJDK 64-Bit Server VM (25.212-b04 mixed mode windows-amd64 compressed oops)
Heap:
 PSYoungGen      total 246272K, used 79132K [0x00000000e0000000, 0x00000000f1f00000, 0x0000000100000000)
  eden space 215040K, 22% used [0x00000000e0000000,0x00000000e3025710,0x00000000ed200000)
  from space 31232K, 95% used [0x00000000ef480000,0x00000000f11a1c80,0x00000000f1300000)
  to   space 35328K, 0% used [0x00000000ed200000,0x00000000ed200000,0x00000000ef480000)
 ParOldGen       total 145408K, used 65002K [0x00000000a0000000, 0x00000000a8e00000, 0x00000000e0000000)
  object space 145408K, 44% used [0x00000000a0000000,0x00000000a3f7a910,0x00000000a8e00000)
 Metaspace       used 78076K, capacity 80694K, committed 80896K, reserved 1120256K
  class space    used 10331K, capacity 10931K, committed 11008K, reserved 1048576K
GC Heap History (10 events):
Event: 12.729 GC heap before
{Heap before GC invocations=15 (full 3):
 PSYoungGen      total 178176K, used 15519K [0x00000000e0000000, 0x00000000ec900000, 0x0000000100000000)
  eden space 161280K, 0% used [0x00000000e0000000,0x00000000e0000000,0x00000000e9d80000)
  from space 16896K, 91% used [0x00000000eaf80000,0x00000000ebea7d80,0x00000000ec000000)
  to   space 18432K, 0% used [0x00000000e9d80000,0x00000000e9d80000,0x00000000eaf80000)
 ParOldGen       total 96256K, used 26055K [0x00000000a0000000, 0x00000000a5e00000, 0x00000000e0000000)
  object space 96256K, 27% used [0x00000000a0000000,0x00000000a1971f90,0x00000000a5e00000)
 Metaspace       used 57248K, capacity 59060K, committed 59096K, reserved 1099776K
  class space    used 7851K, capacity 8312K, committed 8320K, reserved 1048576K
Event: 13.055 GC heap after
Heap after GC invocations=15 (full 3):
 PSYoungGen      total 178176K, used 0K [0x00000000e0000000, 0x00000000ec900000, 0x0000000100000000)
  eden space 161280K, 0% used [0x00000000e0000000,0x00000000e0000000,0x00000000e9d80000)
  from space 16896K, 0% used [0x00000000eaf80000,0x00000000eaf80000,0x00000000ec000000)
  to   space 18432K, 0% used [0x00000000e9d80000,0x00000000e9d80000,0x00000000eaf80000)
 ParOldGen       total 145408K, used 36910K [0x00000000a0000000, 0x00000000a8e00000, 0x00000000e0000000)
  object space 145408K, 25% used [0x00000000a0000000,0x00000000a240b950,0x00000000a8e00000)
 Metaspace       used 57248K, capacity 59060K, committed 59096K, reserved 1099776K
  class space    used 7851K, capacity 8312K, committed 8320K, reserved 1048576K
}
Event: 15.536 GC heap before
{Heap before GC invocations=16 (full 3):
 PSYoungGen      total 178176K, used 161280K [0x00000000e0000000, 0x00000000ec900000, 0x0000000100000000)
  eden space 161280K, 100% used [0x00000000e0000000,0x00000000e9d80000,0x00000000e9d80000)
  from space 16896K, 0% used [0x00000000eaf80000,0x00000000eaf80000,0x00000000ec000000)
  to   space 18432K, 0% used [0x00000000e9d80000,0x00000000e9d80000,0x00000000eaf80000)
 ParOldGen       total 145408K, used 36910K [0x00000000a0000000, 0x00000000a8e00000, 0x00000000e0000000)
  object space 145408K, 25% used [0x00000000a0000000,0x00000000a240b950,0x00000000a8e00000)
 Metaspace       used 59907K, capacity 61934K, committed 62208K, reserved 1103872K
  class space    used 8199K, capacity 8651K, committed 8704K, reserved 1048576K
Event: 15.562 GC heap after
Heap after GC invocations=16 (full 3):
 PSYoungGen      total 179712K, used 14765K [0x00000000e0000000, 0x00000000ee100000, 0x0000000100000000)
  eden space 161280K, 0% used [0x00000000e0000000,0x00000000e0000000,0x00000000e9d80000)
  from space 18432K, 80% used [0x00000000e9d80000,0x00000000eabeb5b8,0x00000000eaf80000)
  to   space 19456K, 0% used [0x00000000ece00000,0x00000000ece00000,0x00000000ee100000)
 ParOldGen       total 145408K, used 36918K [0x00000000a0000000, 0x00000000a8e00000, 0x00000000e0000000)
  object space 145408K, 25% used [0x00000000a0000000,0x00000000a240d950,0x00000000a8e00000)
 Metaspace       used 59907K, capacity 61934K, committed 62208K, reserved 1103872K
  class space    used 8199K, capacity 8651K, committed 8704K, reserved 1048576K
}
Event: 17.117 GC heap before
{Heap before GC invocations=17 (full 3):
 PSYoungGen      total 179712K, used 176045K [0x00000000e0000000, 0x00000000ee100000, 0x0000000100000000)
  eden space 161280K, 100% used [0x00000000e0000000,0x00000000e9d80000,0x00000000e9d80000)
  from space 18432K, 80% used [0x00000000e9d80000,0x00000000eabeb5b8,0x00000000eaf80000)
  to   space 19456K, 0% used [0x00000000ece00000,0x00000000ece00000,0x00000000ee100000)
 ParOldGen       total 145408K, used 36918K [0x00000000a0000000, 0x00000000a8e00000, 0x00000000e0000000)
  object space 145408K, 25% used [0x00000000a0000000,0x00000000a240d950,0x00000000a8e00000)
 Metaspace       used 63830K, capacity 65900K, committed 66048K, reserved 1105920K
  class space    used 8732K, capacity 9214K, committed 9216K, reserved 1048576K
Event: 17.158 GC heap after
Heap after GC invocations=17 (full 3):
 PSYoungGen      total 205312K, used 19432K [0x00000000e0000000, 0x00000000eef80000, 0x0000000100000000)
  eden space 185856K, 0% used [0x00000000e0000000,0x00000000e0000000,0x00000000eb580000)
  from space 19456K, 99% used [0x00000000ece00000,0x00000000ee0fa080,0x00000000ee100000)
  to   space 25088K, 0% used [0x00000000eb580000,0x00000000eb580000,0x00000000ece00000)
 ParOldGen       total 145408K, used 44076K [0x00000000a0000000, 0x00000000a8e00000, 0x00000000e0000000)
  object space 145408K, 30% used [0x00000000a0000000,0x00000000a2b0b1c0,0x00000000a8e00000)
 Metaspace       used 63830K, capacity 65900K, committed 66048K, reserved 1105920K
  class space    used 8732K, capacity 9214K, committed 9216K, reserved 1048576K
}
Event: 38.236 GC heap before
{Heap before GC invocations=18 (full 3):
 PSYoungGen      total 205312K, used 205288K [0x00000000e0000000, 0x00000000eef80000, 0x0000000100000000)
  eden space 185856K, 100% used [0x00000000e0000000,0x00000000eb580000,0x00000000eb580000)
  from space 19456K, 99% used [0x00000000ece00000,0x00000000ee0fa080,0x00000000ee100000)
  to   space 25088K, 0% used [0x00000000eb580000,0x00000000eb580000,0x00000000ece00000)
 ParOldGen       total 145408K, used 44076K [0x00000000a0000000, 0x00000000a8e00000, 0x00000000e0000000)
  object space 145408K, 30% used [0x00000000a0000000,0x00000000a2b0b1c0,0x00000000a8e00000)
 Metaspace       used 69996K, capacity 72444K, committed 72704K, reserved 1112064K
  class space    used 9366K, capacity 9930K, committed 9984K, reserved 1048576K
Event: 38.296 GC heap after
Heap after GC invocations=18 (full 3):
 PSYoungGen      total 210944K, used 25084K [0x00000000e0000000, 0x00000000f1300000, 0x0000000100000000)
  eden space 185856K, 0% used [0x00000000e0000000,0x00000000e0000000,0x00000000eb580000)
  from space 25088K, 99% used [0x00000000eb580000,0x00000000ecdff0d0,0x00000000ece00000)
  to   space 31232K, 0% used [0x00000000ef480000,0x00000000ef480000,0x00000000f1300000)
 ParOldGen       total 145408K, used 50715K [0x00000000a0000000, 0x00000000a8e00000, 0x00000000e0000000)
  object space 145408K, 34% used [0x00000000a0000000,0x00000000a3186d30,0x00000000a8e00000)
 Metaspace       used 69996K, capacity 72444K, committed 72704K, reserved 1112064K
  class space    used 9366K, capacity 9930K, committed 9984K, reserved 1048576K
}
Event: 40.860 GC heap before
{Heap before GC invocations=19 (full 3):
 PSYoungGen      total 210944K, used 210940K [0x00000000e0000000, 0x00000000f1300000, 0x0000000100000000)
  eden space 185856K, 100% used [0x00000000e0000000,0x00000000eb580000,0x00000000eb580000)
  from space 25088K, 99% used [0x00000000eb580000,0x00000000ecdff0d0,0x00000000ece00000)
  to   space 31232K, 0% used [0x00000000ef480000,0x00000000ef480000,0x00000000f1300000)
 ParOldGen       total 145408K, used 50715K [0x00000000a0000000, 0x00000000a8e00000, 0x00000000e0000000)
  object space 145408K, 34% used [0x00000000a0000000,0x00000000a3186d30,0x00000000a8e00000)
 Metaspace       used 74891K, capacity 77444K, committed 77696K, reserved 1116160K
  class space    used 10007K, capacity 10572K, committed 10624K, reserved 1048576K
Event: 40.924 GC heap after
Heap after GC invocations=19 (full 3):
 PSYoungGen      total 246272K, used 29831K [0x00000000e0000000, 0x00000000f1f00000, 0x0000000100000000)
  eden space 215040K, 0% used [0x00000000e0000000,0x00000000e0000000,0x00000000ed200000)
  from space 31232K, 95% used [0x00000000ef480000,0x00000000f11a1c80,0x00000000f1300000)
  to   space 35328K, 0% used [0x00000000ed200000,0x00000000ed200000,0x00000000ef480000)
 ParOldGen       total 145408K, used 65002K [0x00000000a0000000, 0x00000000a8e00000, 0x00000000e0000000)
  object space 145408K, 44% used [0x00000000a0000000,0x00000000a3f7a910,0x00000000a8e00000)
 Metaspace       used 74891K, capacity 77444K, committed 77696K, reserved 1116160K
  class space    used 10007K, capacity 10572K, committed 10624K, reserved 1048576K
}

