# JRE version: OpenJDK Runtime Environment (8.0_212-b04) (build 1.8.0_212-release-1586-b04)
# Java VM: OpenJDK 64-Bit Server VM (25.212-b04 mixed mode windows-amd64 compressed oops)
Heap:
 PSYoungGen      total 180736K, used 125748K [0x00000000e0000000, 0x00000000edf80000, 0x0000000100000000)
  eden space 162304K, 68% used [0x00000000e0000000,0x00000000e6ce5dc8,0x00000000e9e80000)
  from space 18432K, 77% used [0x00000000e9e80000,0x00000000eac675a8,0x00000000eb080000)
  to   space 19456K, 0% used [0x00000000ecc80000,0x00000000ecc80000,0x00000000edf80000)
 ParOldGen       total 139776K, used 36895K [0x00000000a0000000, 0x00000000a8880000, 0x00000000e0000000)
  object space 139776K, 26% used [0x00000000a0000000,0x00000000a2407d30,0x00000000a8880000)
 Metaspace       used 63712K, capacity 65838K, committed 66048K, reserved 1105920K
  class space    used 8724K, capacity 9185K, committed 9216K, reserved 1048576K
GC Heap History (10 events):
Event: 14.926 GC heap before
{Heap before GC invocations=12 (full 2):
 PSYoungGen      total 116224K, used 104448K [0x00000000e0000000, 0x00000000ea900000, 0x0000000100000000)
  eden space 104448K, 100% used [0x00000000e0000000,0x00000000e6600000,0x00000000e6600000)
  from space 11776K, 0% used [0x00000000e6600000,0x00000000e6600000,0x00000000e7180000)
  to   space 13312K, 0% used [0x00000000e9c00000,0x00000000e9c00000,0x00000000ea900000)
 ParOldGen       total 92160K, used 18617K [0x00000000a0000000, 0x00000000a5a00000, 0x00000000e0000000)
  object space 92160K, 20% used [0x00000000a0000000,0x00000000a122e748,0x00000000a5a00000)
 Metaspace       used 45209K, capacity 46248K, committed 46592K, reserved 1089536K
  class space    used 6059K, capacity 6346K, committed 6400K, reserved 1048576K
Event: 14.942 GC heap after
Heap after GC invocations=12 (full 2):
 PSYoungGen      total 145408K, used 13309K [0x00000000e0000000, 0x00000000ea900000, 0x0000000100000000)
  eden space 132096K, 0% used [0x00000000e0000000,0x00000000e0000000,0x00000000e8100000)
  from space 13312K, 99% used [0x00000000e9c00000,0x00000000ea8ff758,0x00000000ea900000)
  to   space 15360K, 0% used [0x00000000e8b00000,0x00000000e8b00000,0x00000000e9a00000)
 ParOldGen       total 92160K, used 19843K [0x00000000a0000000, 0x00000000a5a00000, 0x00000000e0000000)
  object space 92160K, 21% used [0x00000000a0000000,0x00000000a1360d08,0x00000000a5a00000)
 Metaspace       used 45209K, capacity 46248K, committed 46592K, reserved 1089536K
  class space    used 6059K, capacity 6346K, committed 6400K, reserved 1048576K
}
Event: 19.218 GC heap before
{Heap before GC invocations=13 (full 2):
 PSYoungGen      total 145408K, used 145405K [0x00000000e0000000, 0x00000000ea900000, 0x0000000100000000)
  eden space 132096K, 100% used [0x00000000e0000000,0x00000000e8100000,0x00000000e8100000)
  from space 13312K, 99% used [0x00000000e9c00000,0x00000000ea8ff758,0x00000000ea900000)
  to   space 15360K, 0% used [0x00000000e8b00000,0x00000000e8b00000,0x00000000e9a00000)
 ParOldGen       total 92160K, used 19843K [0x00000000a0000000, 0x00000000a5a00000, 0x00000000e0000000)
  object space 92160K, 21% used [0x00000000a0000000,0x00000000a1360d08,0x00000000a5a00000)
 Metaspace       used 53926K, capacity 55518K, committed 55680K, reserved 1097728K
  class space    used 7395K, capacity 7803K, committed 7808K, reserved 1048576K
Event: 19.250 GC heap after
Heap after GC invocations=13 (full 2):
 PSYoungGen      total 157696K, used 14560K [0x00000000e0000000, 0x00000000ec100000, 0x0000000100000000)
  eden space 142336K, 0% used [0x00000000e0000000,0x00000000e0000000,0x00000000e8b00000)
  from space 15360K, 94% used [0x00000000e8b00000,0x00000000e9938170,0x00000000e9a00000)
  to   space 16896K, 0% used [0x00000000eb080000,0x00000000eb080000,0x00000000ec100000)
 ParOldGen       total 92160K, used 25870K [0x00000000a0000000, 0x00000000a5a00000, 0x00000000e0000000)
  object space 92160K, 28% used [0x00000000a0000000,0x00000000a1943988,0x00000000a5a00000)
 Metaspace       used 53926K, capacity 55518K, committed 55680K, reserved 1097728K
  class space    used 7395K, capacity 7803K, committed 7808K, reserved 1048576K
}
Event: 23.870 GC heap before
{Heap before GC invocations=14 (full 2):
 PSYoungGen      total 157696K, used 77710K [0x00000000e0000000, 0x00000000ec100000, 0x0000000100000000)
  eden space 142336K, 44% used [0x00000000e0000000,0x00000000e3dab730,0x00000000e8b00000)
  from space 15360K, 94% used [0x00000000e8b00000,0x00000000e9938170,0x00000000e9a00000)
  to   space 16896K, 0% used [0x00000000eb080000,0x00000000eb080000,0x00000000ec100000)
 ParOldGen       total 92160K, used 25870K [0x00000000a0000000, 0x00000000a5a00000, 0x00000000e0000000)
  object space 92160K, 28% used [0x00000000a0000000,0x00000000a1943988,0x00000000a5a00000)
 Metaspace       used 57251K, capacity 59046K, committed 59096K, reserved 1099776K
  class space    used 7854K, capacity 8315K, committed 8320K, reserved 1048576K
Event: 23.891 GC heap after
Heap after GC invocations=14 (full 2):
 PSYoungGen      total 179200K, used 15298K [0x00000000e0000000, 0x00000000ecd00000, 0x0000000100000000)
  eden space 162304K, 0% used [0x00000000e0000000,0x00000000e0000000,0x00000000e9e80000)
  from space 16896K, 90% used [0x00000000eb080000,0x00000000ebf70b38,0x00000000ec100000)
  to   space 18432K, 0% used [0x00000000e9e80000,0x00000000e9e80000,0x00000000eb080000)
 ParOldGen       total 92160K, used 25878K [0x00000000a0000000, 0x00000000a5a00000, 0x00000000e0000000)
  object space 92160K, 28% used [0x00000000a0000000,0x00000000a1945988,0x00000000a5a00000)
 Metaspace       used 57251K, capacity 59046K, committed 59096K, reserved 1099776K
  class space    used 7854K, capacity 8315K, committed 8320K, reserved 1048576K
}
Event: 23.891 GC heap before
{Heap before GC invocations=15 (full 3):
 PSYoungGen      total 179200K, used 15298K [0x00000000e0000000, 0x00000000ecd00000, 0x0000000100000000)
  eden space 162304K, 0% used [0x00000000e0000000,0x00000000e0000000,0x00000000e9e80000)
  from space 16896K, 90% used [0x00000000eb080000,0x00000000ebf70b38,0x00000000ec100000)
  to   space 18432K, 0% used [0x00000000e9e80000,0x00000000e9e80000,0x00000000eb080000)
 ParOldGen       total 92160K, used 25878K [0x00000000a0000000, 0x00000000a5a00000, 0x00000000e0000000)
  object space 92160K, 28% used [0x00000000a0000000,0x00000000a1945988,0x00000000a5a00000)
 Metaspace       used 57251K, capacity 59046K, committed 59096K, reserved 1099776K
  class space    used 7854K, capacity 8315K, committed 8320K, reserved 1048576K
Event: 24.280 GC heap after
Heap after GC invocations=15 (full 3):
 PSYoungGen      total 179200K, used 0K [0x00000000e0000000, 0x00000000ecd00000, 0x0000000100000000)
  eden space 162304K, 0% used [0x00000000e0000000,0x00000000e0000000,0x00000000e9e80000)
  from space 16896K, 0% used [0x00000000eb080000,0x00000000eb080000,0x00000000ec100000)
  to   space 18432K, 0% used [0x00000000e9e80000,0x00000000e9e80000,0x00000000eb080000)
 ParOldGen       total 139776K, used 36887K [0x00000000a0000000, 0x00000000a8880000, 0x00000000e0000000)
  object space 139776K, 26% used [0x00000000a0000000,0x00000000a2405d30,0x00000000a8880000)
 Metaspace       used 57251K, capacity 59046K, committed 59096K, reserved 1099776K
  class space    used 7854K, capacity 8315K, committed 8320K, reserved 1048576K
}
Event: 39.815 GC heap before
{Heap before GC invocations=16 (full 3):
 PSYoungGen      total 179200K, used 162304K [0x00000000e0000000, 0x00000000ecd00000, 0x0000000100000000)
  eden space 162304K, 100% used [0x00000000e0000000,0x00000000e9e80000,0x00000000e9e80000)
  from space 16896K, 0% used [0x00000000eb080000,0x00000000eb080000,0x00000000ec100000)
  to   space 18432K, 0% used [0x00000000e9e80000,0x00000000e9e80000,0x00000000eb080000)
 ParOldGen       total 139776K, used 36887K [0x00000000a0000000, 0x00000000a8880000, 0x00000000e0000000)
  object space 139776K, 26% used [0x00000000a0000000,0x00000000a2405d30,0x00000000a8880000)
 Metaspace       used 59926K, capacity 62014K, committed 62208K, reserved 1103872K
  class space    used 8206K, capacity 8663K, committed 8704K, reserved 1048576K
Event: 39.837 GC heap after
Heap after GC invocations=16 (full 3):
 PSYoungGen      total 180736K, used 14237K [0x00000000e0000000, 0x00000000edf80000, 0x0000000100000000)
  eden space 162304K, 0% used [0x00000000e0000000,0x00000000e0000000,0x00000000e9e80000)
  from space 18432K, 77% used [0x00000000e9e80000,0x00000000eac675a8,0x00000000eb080000)
  to   space 19456K, 0% used [0x00000000ecc80000,0x00000000ecc80000,0x00000000edf80000)
 ParOldGen       total 139776K, used 36895K [0x00000000a0000000, 0x00000000a8880000, 0x00000000e0000000)
  object space 139776K, 26% used [0x00000000a0000000,0x00000000a2407d30,0x00000000a8880000)
 Metaspace       used 59926K, capacity 62014K, committed 62208K, reserved 1103872K
  class space    used 8206K, capacity 8663K, committed 8704K, reserved 1048576K
}

