# JRE version: OpenJDK Runtime Environment (8.0_212-b04) (build 1.8.0_212-release-1586-b04)
# Java VM: OpenJDK 64-Bit Server VM (25.212-b04 mixed mode windows-amd64 compressed oops)
Heap:
 PSYoungGen      total 134144K, used 117151K [0x00000000e0000000, 0x00000000ea680000, 0x0000000100000000)
  eden space 112640K, 84% used [0x00000000e0000000,0x00000000e5d6dcb8,0x00000000e6e00000)
  from space 21504K, 99% used [0x00000000e8800000,0x00000000e9cfa0b0,0x00000000e9d00000)
  to   space 26624K, 0% used [0x00000000e6e00000,0x00000000e6e00000,0x00000000e8800000)
 ParOldGen       total 152576K, used 41885K [0x00000000a0000000, 0x00000000a9500000, 0x00000000e0000000)
  object space 152576K, 27% used [0x00000000a0000000,0x00000000a28e7530,0x00000000a9500000)
 Metaspace       used 65498K, capacity 67826K, committed 67928K, reserved 1107968K
  class space    used 8972K, capacity 9499K, committed 9560K, reserved 1048576K
GC Heap History (10 events):
Event: 21.988 GC heap before
{Heap before GC invocations=17 (full 2):
 PSYoungGen      total 107520K, used 82471K [0x00000000e0000000, 0x00000000e8300000, 0x0000000100000000)
  eden space 93696K, 73% used [0x00000000e0000000,0x00000000e430ab38,0x00000000e5b80000)
  from space 13824K, 99% used [0x00000000e6c00000,0x00000000e797f320,0x00000000e7980000)
  to   space 16896K, 0% used [0x00000000e5b80000,0x00000000e5b80000,0x00000000e6c00000)
 ParOldGen       total 98816K, used 21985K [0x00000000a0000000, 0x00000000a6080000, 0x00000000e0000000)
  object space 98816K, 22% used [0x00000000a0000000,0x00000000a1578648,0x00000000a6080000)
 Metaspace       used 57191K, capacity 59002K, committed 59096K, reserved 1099776K
  class space    used 7848K, capacity 8343K, committed 8408K, reserved 1048576K
Event: 22.016 GC heap after
Heap after GC invocations=17 (full 2):
 PSYoungGen      total 110592K, used 16869K [0x00000000e0000000, 0x00000000e9800000, 0x0000000100000000)
  eden space 93696K, 0% used [0x00000000e0000000,0x00000000e0000000,0x00000000e5b80000)
  from space 16896K, 99% used [0x00000000e5b80000,0x00000000e6bf97b0,0x00000000e6c00000)
  to   space 20480K, 0% used [0x00000000e8400000,0x00000000e8400000,0x00000000e9800000)
 ParOldGen       total 98816K, used 25520K [0x00000000a0000000, 0x00000000a6080000, 0x00000000e0000000)
  object space 98816K, 25% used [0x00000000a0000000,0x00000000a18ec058,0x00000000a6080000)
 Metaspace       used 57191K, capacity 59002K, committed 59096K, reserved 1099776K
  class space    used 7848K, capacity 8343K, committed 8408K, reserved 1048576K
}
Event: 22.016 GC heap before
{Heap before GC invocations=18 (full 3):
 PSYoungGen      total 110592K, used 16869K [0x00000000e0000000, 0x00000000e9800000, 0x0000000100000000)
  eden space 93696K, 0% used [0x00000000e0000000,0x00000000e0000000,0x00000000e5b80000)
  from space 16896K, 99% used [0x00000000e5b80000,0x00000000e6bf97b0,0x00000000e6c00000)
  to   space 20480K, 0% used [0x00000000e8400000,0x00000000e8400000,0x00000000e9800000)
 ParOldGen       total 98816K, used 25520K [0x00000000a0000000, 0x00000000a6080000, 0x00000000e0000000)
  object space 98816K, 25% used [0x00000000a0000000,0x00000000a18ec058,0x00000000a6080000)
 Metaspace       used 57191K, capacity 59002K, committed 59096K, reserved 1099776K
  class space    used 7848K, capacity 8343K, committed 8408K, reserved 1048576K
Event: 22.424 GC heap after
Heap after GC invocations=18 (full 3):
 PSYoungGen      total 110592K, used 0K [0x00000000e0000000, 0x00000000e9800000, 0x0000000100000000)
  eden space 93696K, 0% used [0x00000000e0000000,0x00000000e0000000,0x00000000e5b80000)
  from space 16896K, 0% used [0x00000000e5b80000,0x00000000e5b80000,0x00000000e6c00000)
  to   space 20480K, 0% used [0x00000000e8400000,0x00000000e8400000,0x00000000e9800000)
 ParOldGen       total 152576K, used 36679K [0x00000000a0000000, 0x00000000a9500000, 0x00000000e0000000)
  object space 152576K, 24% used [0x00000000a0000000,0x00000000a23d1e20,0x00000000a9500000)
 Metaspace       used 57191K, capacity 59002K, committed 59096K, reserved 1099776K
  class space    used 7848K, capacity 8343K, committed 8408K, reserved 1048576K
}
Event: 37.151 GC heap before
{Heap before GC invocations=19 (full 3):
 PSYoungGen      total 110592K, used 93696K [0x00000000e0000000, 0x00000000e9800000, 0x0000000100000000)
  eden space 93696K, 100% used [0x00000000e0000000,0x00000000e5b80000,0x00000000e5b80000)
  from space 16896K, 0% used [0x00000000e5b80000,0x00000000e5b80000,0x00000000e6c00000)
  to   space 20480K, 0% used [0x00000000e8400000,0x00000000e8400000,0x00000000e9800000)
 ParOldGen       total 152576K, used 36679K [0x00000000a0000000, 0x00000000a9500000, 0x00000000e0000000)
  object space 152576K, 24% used [0x00000000a0000000,0x00000000a23d1e20,0x00000000a9500000)
 Metaspace       used 59178K, capacity 61308K, committed 61400K, reserved 1101824K
  class space    used 8114K, capacity 8624K, committed 8664K, reserved 1048576K
Event: 37.168 GC heap after
Heap after GC invocations=19 (full 3):
 PSYoungGen      total 119808K, used 10592K [0x00000000e0000000, 0x00000000e8f80000, 0x0000000100000000)
  eden space 108032K, 0% used [0x00000000e0000000,0x00000000e0000000,0x00000000e6980000)
  from space 11776K, 89% used [0x00000000e8400000,0x00000000e8e58020,0x00000000e8f80000)
  to   space 19456K, 0% used [0x00000000e6980000,0x00000000e6980000,0x00000000e7c80000)
 ParOldGen       total 152576K, used 36687K [0x00000000a0000000, 0x00000000a9500000, 0x00000000e0000000)
  object space 152576K, 24% used [0x00000000a0000000,0x00000000a23d3e20,0x00000000a9500000)
 Metaspace       used 59178K, capacity 61308K, committed 61400K, reserved 1101824K
  class space    used 8114K, capacity 8624K, committed 8664K, reserved 1048576K
}
Event: 46.296 GC heap before
{Heap before GC invocations=20 (full 3):
 PSYoungGen      total 119808K, used 118624K [0x00000000e0000000, 0x00000000e8f80000, 0x0000000100000000)
  eden space 108032K, 100% used [0x00000000e0000000,0x00000000e6980000,0x00000000e6980000)
  from space 11776K, 89% used [0x00000000e8400000,0x00000000e8e58020,0x00000000e8f80000)
  to   space 19456K, 0% used [0x00000000e6980000,0x00000000e6980000,0x00000000e7c80000)
 ParOldGen       total 152576K, used 36687K [0x00000000a0000000, 0x00000000a9500000, 0x00000000e0000000)
  object space 152576K, 24% used [0x00000000a0000000,0x00000000a23d3e20,0x00000000a9500000)
 Metaspace       used 60079K, capacity 62152K, committed 62296K, reserved 1103872K
  class space    used 8224K, capacity 8698K, committed 8792K, reserved 1048576K
Event: 46.318 GC heap after
Heap after GC invocations=20 (full 3):
 PSYoungGen      total 127488K, used 17760K [0x00000000e0000000, 0x00000000e9d00000, 0x0000000100000000)
  eden space 108032K, 0% used [0x00000000e0000000,0x00000000e0000000,0x00000000e6980000)
  from space 19456K, 91% used [0x00000000e6980000,0x00000000e7ad82b0,0x00000000e7c80000)
  to   space 21504K, 0% used [0x00000000e8800000,0x00000000e8800000,0x00000000e9d00000)
 ParOldGen       total 152576K, used 36695K [0x00000000a0000000, 0x00000000a9500000, 0x00000000e0000000)
  object space 152576K, 24% used [0x00000000a0000000,0x00000000a23d5e20,0x00000000a9500000)
 Metaspace       used 60079K, capacity 62152K, committed 62296K, reserved 1103872K
  class space    used 8224K, capacity 8698K, committed 8792K, reserved 1048576K
}
Event: 51.189 GC heap before
{Heap before GC invocations=21 (full 3):
 PSYoungGen      total 127488K, used 125792K [0x00000000e0000000, 0x00000000e9d00000, 0x0000000100000000)
  eden space 108032K, 100% used [0x00000000e0000000,0x00000000e6980000,0x00000000e6980000)
  from space 19456K, 91% used [0x00000000e6980000,0x00000000e7ad82b0,0x00000000e7c80000)
  to   space 21504K, 0% used [0x00000000e8800000,0x00000000e8800000,0x00000000e9d00000)
 ParOldGen       total 152576K, used 36695K [0x00000000a0000000, 0x00000000a9500000, 0x00000000e0000000)
  object space 152576K, 24% used [0x00000000a0000000,0x00000000a23d5e20,0x00000000a9500000)
 Metaspace       used 63869K, capacity 66016K, committed 66136K, reserved 1105920K
  class space    used 8738K, capacity 9254K, committed 9304K, reserved 1048576K
Event: 51.220 GC heap after
Heap after GC invocations=21 (full 3):
 PSYoungGen      total 134144K, used 21480K [0x00000000e0000000, 0x00000000ea680000, 0x0000000100000000)
  eden space 112640K, 0% used [0x00000000e0000000,0x00000000e0000000,0x00000000e6e00000)
  from space 21504K, 99% used [0x00000000e8800000,0x00000000e9cfa0b0,0x00000000e9d00000)
  to   space 26624K, 0% used [0x00000000e6e00000,0x00000000e6e00000,0x00000000e8800000)
 ParOldGen       total 152576K, used 41885K [0x00000000a0000000, 0x00000000a9500000, 0x00000000e0000000)
  object space 152576K, 27% used [0x00000000a0000000,0x00000000a28e7530,0x00000000a9500000)
 Metaspace       used 63869K, capacity 66016K, committed 66136K, reserved 1105920K
  class space    used 8738K, capacity 9254K, committed 9304K, reserved 1048576K
}

